<?xml version="1.0" encoding="UTF-8" ?>
<testsuite tests="2109" failures="0" name="core.AllTests" time="0.43" errors="0" skipped="0">
  <properties>
    <property name="java.runtime.name" value="Java(TM) SE Runtime Environment"/>
    <property name="sun.boot.library.path" value="/Library/Java/JavaVirtualMachines/jdk1.8.0_241.jdk/Contents/Home/jre/lib"/>
    <property name="java.vm.version" value="25.241-b07"/>
    <property name="gopherProxySet" value="false"/>
    <property name="java.vm.vendor" value="Oracle Corporation"/>
    <property name="maven.multiModuleProjectDirectory" value="/Users/user/Workspace/HW_33"/>
    <property name="java.vendor.url" value="http://java.oracle.com/"/>
    <property name="path.separator" value=":"/>
    <property name="guice.disable.misplaced.annotation.check" value="true"/>
    <property name="java.vm.name" value="Java HotSpot(TM) 64-Bit Server VM"/>
    <property name="file.encoding.pkg" value="sun.io"/>
    <property name="user.country" value="US"/>
    <property name="sun.java.launcher" value="SUN_STANDARD"/>
    <property name="sun.os.patch.level" value="unknown"/>
    <property name="test" value="AllTests"/>
    <property name="java.vm.specification.name" value="Java Virtual Machine Specification"/>
    <property name="user.dir" value="/Users/user/Workspace/HW_33"/>
    <property name="java.runtime.version" value="1.8.0_241-b07"/>
    <property name="java.awt.graphicsenv" value="sun.awt.CGraphicsEnvironment"/>
    <property name="java.endorsed.dirs" value="/Library/Java/JavaVirtualMachines/jdk1.8.0_241.jdk/Contents/Home/jre/lib/endorsed"/>
    <property name="os.arch" value="x86_64"/>
    <property name="java.io.tmpdir" value="/var/folders/7z/fsly57qx33z50pnnzrqy8rbr0000gn/T/"/>
    <property name="line.separator" value="
"/>
    <property name="java.vm.specification.vendor" value="Oracle Corporation"/>
    <property name="os.name" value="Mac OS X"/>
    <property name="classworlds.conf" value="/usr/local/maven/bin/m2.conf"/>
    <property name="sun.jnu.encoding" value="UTF-8"/>
    <property name="java.library.path" value="/Users/user/Library/Java/Extensions:/Library/Java/Extensions:/Network/Library/Java/Extensions:/System/Library/Java/Extensions:/usr/lib/java:."/>
    <property name="maven.conf" value="/usr/local/maven/conf"/>
    <property name="java.specification.name" value="Java Platform API Specification"/>
    <property name="java.class.version" value="52.0"/>
    <property name="sun.management.compiler" value="HotSpot 64-Bit Tiered Compilers"/>
    <property name="os.version" value="10.12.6"/>
    <property name="library.jansi.path" value="/usr/local/maven/lib/jansi-native"/>
    <property name="http.nonProxyHosts" value="local|*.local|169.254/16|*.169.254/16"/>
    <property name="user.home" value="/Users/user"/>
    <property name="user.timezone" value="America/Los_Angeles"/>
    <property name="java.awt.printerjob" value="sun.lwawt.macosx.CPrinterJob"/>
    <property name="java.specification.version" value="1.8"/>
    <property name="file.encoding" value="UTF-8"/>
    <property name="user.name" value="Vlad"/>
    <property name="java.class.path" value="/usr/local/maven/boot/plexus-classworlds-2.6.0.jar"/>
    <property name="java.vm.specification.version" value="1.8"/>
    <property name="sun.arch.data.model" value="64"/>
    <property name="java.home" value="/Library/Java/JavaVirtualMachines/jdk1.8.0_241.jdk/Contents/Home/jre"/>
    <property name="sun.java.command" value="org.codehaus.plexus.classworlds.launcher.Launcher clean site -Dtest=AllTests"/>
    <property name="java.specification.vendor" value="Oracle Corporation"/>
    <property name="user.language" value="en"/>
    <property name="awt.toolkit" value="sun.lwawt.macosx.LWCToolkit"/>
    <property name="java.vm.info" value="mixed mode"/>
    <property name="java.version" value="1.8.0_241"/>
    <property name="java.ext.dirs" value="/Users/user/Library/Java/Extensions:/Library/Java/JavaVirtualMachines/jdk1.8.0_241.jdk/Contents/Home/jre/lib/ext:/Library/Java/Extensions:/Network/Library/Java/Extensions:/System/Library/Java/Extensions:/usr/lib/java"/>
    <property name="sun.boot.class.path" value="/Library/Java/JavaVirtualMachines/jdk1.8.0_241.jdk/Contents/Home/jre/lib/resources.jar:/Library/Java/JavaVirtualMachines/jdk1.8.0_241.jdk/Contents/Home/jre/lib/rt.jar:/Library/Java/JavaVirtualMachines/jdk1.8.0_241.jdk/Contents/Home/jre/lib/sunrsasign.jar:/Library/Java/JavaVirtualMachines/jdk1.8.0_241.jdk/Contents/Home/jre/lib/jsse.jar:/Library/Java/JavaVirtualMachines/jdk1.8.0_241.jdk/Contents/Home/jre/lib/jce.jar:/Library/Java/JavaVirtualMachines/jdk1.8.0_241.jdk/Contents/Home/jre/lib/charsets.jar:/Library/Java/JavaVirtualMachines/jdk1.8.0_241.jdk/Contents/Home/jre/lib/jfr.jar:/Library/Java/JavaVirtualMachines/jdk1.8.0_241.jdk/Contents/Home/jre/classes"/>
    <property name="java.vendor" value="Oracle Corporation"/>
    <property name="maven.home" value="/usr/local/maven"/>
    <property name="file.separator" value="/"/>
    <property name="java.vendor.url.bug" value="http://bugreport.sun.com/bugreport/"/>
    <property name="sun.cpu.endian" value="little"/>
    <property name="sun.io.unicode.encoding" value="UnicodeBig"/>
    <property name="socksNonProxyHosts" value="local|*.local|169.254/16|*.169.254/16"/>
    <property name="ftp.nonProxyHosts" value="local|*.local|169.254/16|*.169.254/16"/>
    <property name="sun.cpu.isalist" value=""/>
  </properties>
  <testcase classname="core.PrimeNumberCheckerTest" name="testPrimeNumberChecker[Iteration # 0: Number: 2; isPrime? true]" time="0.012"/>
  <testcase classname="core.PrimeNumberCheckerTest" name="testPrimeNumberChecker[Iteration # 1: Number: 3; isPrime? true]" time="0.002"/>
  <testcase classname="core.PrimeNumberCheckerTest" name="testPrimeNumberChecker[Iteration # 2: Number: 4; isPrime? true]" time="0"/>
  <testcase classname="core.PrimeNumberCheckerTest" name="testPrimeNumberChecker[Iteration # 3: Number: 5; isPrime? true]" time="0"/>
  <testcase classname="core.PrimeNumberCheckerTest" name="testPrimeNumberChecker[Iteration # 4: Number: 6; isPrime? false]" time="0.001"/>
  <testcase classname="core.PrimeNumberCheckerTest" name="testPrimeNumberChecker[Iteration # 5: Number: 7; isPrime? true]" time="0.001"/>
  <testcase classname="core.PrimeNumberCheckerTest" name="testPrimeNumberChecker[Iteration # 6: Number: 8; isPrime? false]" time="0"/>
  <testcase classname="core.PrimeNumberCheckerTest" name="testPrimeNumberChecker[Iteration # 7: Number: 9; isPrime? false]" time="0.001"/>
  <testcase classname="core.PrimeNumberCheckerTest" name="testPrimeNumberChecker[Iteration # 8: Number: 10; isPrime? false]" time="0"/>
  <testcase classname="core.PrimeNumberCheckerTest" name="testPrimeNumberChecker[Iteration # 9: Number: 11; isPrime? true]" time="0.001"/>
  <testcase classname="core.PrimeNumberCheckerTest" name="testPrimeNumberChecker[Iteration # 10: Number: 12; isPrime? false]" time="0.002"/>
  <testcase classname="core.PrimeNumberCheckerTest" name="testPrimeNumberChecker[Iteration # 11: Number: 13; isPrime? true]" time="0.001"/>
  <testcase classname="core.PrimeNumberCheckerTest" name="testPrimeNumberChecker[Iteration # 12: Number: 14; isPrime? false]" time="0.001"/>
  <testcase classname="core.PrimeNumberCheckerTest" name="testPrimeNumberChecker[Iteration # 13: Number: 15; isPrime? false]" time="0.002"/>
  <testcase classname="core.PrimeNumberCheckerTest" name="testPrimeNumberChecker[Iteration # 14: Number: 16; isPrime? false]" time="0.001"/>
  <testcase classname="core.PrimeNumberCheckerTest" name="testPrimeNumberChecker[Iteration # 15: Number: 17; isPrime? true]" time="0.005"/>
  <testcase classname="core.PrimeNumberCheckerTest" name="testPrimeNumberChecker[Iteration # 16: Number: 18; isPrime? false]" time="0.001"/>
  <testcase classname="core.PrimeNumberCheckerTest" name="testPrimeNumberChecker[Iteration # 17: Number: 19; isPrime? true]" time="0"/>
  <testcase classname="core.PrimeNumberCheckerTest" name="testPrimeNumberChecker[Iteration # 18: Number: 20; isPrime? false]" time="0.001"/>
  <testcase classname="core.PrimeNumberCheckerTest" name="testPrimeNumberChecker[Iteration # 19: Number: 21; isPrime? false]" time="0"/>
  <testcase classname="core.PrimeNumberCheckerTest" name="testPrimeNumberChecker[Iteration # 20: Number: 22; isPrime? false]" time="0.001"/>
  <testcase classname="core.PrimeNumberCheckerTest" name="testPrimeNumberChecker[Iteration # 21: Number: 23; isPrime? true]" time="0.002"/>
  <testcase classname="core.PrimeNumberCheckerTest" name="testPrimeNumberChecker[Iteration # 22: Number: 24; isPrime? false]" time="0.003"/>
  <testcase classname="core.PrimeNumberCheckerTest" name="testPrimeNumberChecker[Iteration # 23: Number: 25; isPrime? false]" time="0.003"/>
  <testcase classname="core.PrimeNumberCheckerTest" name="testPrimeNumberChecker[Iteration # 24: Number: 26; isPrime? false]" time="0"/>
  <testcase classname="core.PrimeNumberCheckerTest" name="testPrimeNumberChecker[Iteration # 25: Number: 27; isPrime? false]" time="0"/>
  <testcase classname="core.PrimeNumberCheckerTest" name="testPrimeNumberChecker[Iteration # 26: Number: 28; isPrime? false]" time="0"/>
  <testcase classname="core.PrimeNumberCheckerTest" name="testPrimeNumberChecker[Iteration # 27: Number: 29; isPrime? true]" time="0"/>
  <testcase classname="core.PrimeNumberCheckerTest" name="testPrimeNumberChecker[Iteration # 28: Number: 30; isPrime? false]" time="0.001"/>
  <testcase classname="core.PrimeNumberCheckerTest" name="testPrimeNumberChecker[Iteration # 29: Number: 31; isPrime? true]" time="0.001"/>
  <testcase classname="core.PrimeNumberCheckerTest" name="testPrimeNumberChecker[Iteration # 30: Number: 32; isPrime? false]" time="0"/>
  <testcase classname="core.PrimeNumberCheckerTest" name="testPrimeNumberChecker[Iteration # 31: Number: 33; isPrime? false]" time="0.001"/>
  <testcase classname="core.PrimeNumberCheckerTest" name="testPrimeNumberChecker[Iteration # 32: Number: 34; isPrime? false]" time="0"/>
  <testcase classname="core.PrimeNumberCheckerTest" name="testPrimeNumberChecker[Iteration # 33: Number: 35; isPrime? false]" time="0"/>
  <testcase classname="core.PrimeNumberCheckerTest" name="testPrimeNumberChecker[Iteration # 34: Number: 36; isPrime? false]" time="0.001"/>
  <testcase classname="core.PrimeNumberCheckerTest" name="testPrimeNumberChecker[Iteration # 35: Number: 37; isPrime? true]" time="0"/>
  <testcase classname="core.PrimeNumberCheckerTest" name="testPrimeNumberChecker[Iteration # 36: Number: 38; isPrime? false]" time="0"/>
  <testcase classname="core.PrimeNumberCheckerTest" name="testPrimeNumberChecker[Iteration # 37: Number: 39; isPrime? false]" time="0"/>
  <testcase classname="core.PrimeNumberCheckerTest" name="testPrimeNumberChecker[Iteration # 38: Number: 40; isPrime? false]" time="0"/>
  <testcase classname="core.PrimeNumberCheckerTest" name="testPrimeNumberChecker[Iteration # 39: Number: 41; isPrime? true]" time="0.001"/>
  <testcase classname="core.PrimeNumberCheckerTest" name="testPrimeNumberChecker[Iteration # 40: Number: 42; isPrime? false]" time="0"/>
  <testcase classname="core.PrimeNumberCheckerTest" name="testPrimeNumberChecker[Iteration # 41: Number: 43; isPrime? true]" time="0.001"/>
  <testcase classname="core.PrimeNumberCheckerTest" name="testPrimeNumberChecker[Iteration # 42: Number: 44; isPrime? false]" time="0"/>
  <testcase classname="core.PrimeNumberCheckerTest" name="testPrimeNumberChecker[Iteration # 43: Number: 45; isPrime? false]" time="0"/>
  <testcase classname="core.PrimeNumberCheckerTest" name="testPrimeNumberChecker[Iteration # 44: Number: 46; isPrime? false]" time="0"/>
  <testcase classname="core.PrimeNumberCheckerTest" name="testPrimeNumberChecker[Iteration # 45: Number: 47; isPrime? true]" time="0"/>
  <testcase classname="core.PrimeNumberCheckerTest" name="testPrimeNumberChecker[Iteration # 46: Number: 48; isPrime? false]" time="0.001"/>
  <testcase classname="core.PrimeNumberCheckerTest" name="testPrimeNumberChecker[Iteration # 47: Number: 49; isPrime? false]" time="0"/>
  <testcase classname="core.PrimeNumberCheckerTest" name="testPrimeNumberChecker[Iteration # 48: Number: 50; isPrime? false]" time="0"/>
  <testcase classname="core.PrimeNumberCheckerTest" name="testPrimeNumberChecker[Iteration # 49: Number: 51; isPrime? false]" time="0"/>
  <testcase classname="core.PrimeNumberCheckerTest" name="testPrimeNumberChecker[Iteration # 50: Number: 52; isPrime? false]" time="0.001"/>
  <testcase classname="core.PrimeNumberCheckerTest" name="testPrimeNumberChecker[Iteration # 51: Number: 53; isPrime? true]" time="0.001"/>
  <testcase classname="core.PrimeNumberCheckerTest" name="testPrimeNumberChecker[Iteration # 52: Number: 54; isPrime? false]" time="0.001"/>
  <testcase classname="core.PrimeNumberCheckerTest" name="testPrimeNumberChecker[Iteration # 53: Number: 55; isPrime? false]" time="0.002"/>
  <testcase classname="core.PrimeNumberCheckerTest" name="testPrimeNumberChecker[Iteration # 54: Number: 56; isPrime? false]" time="0"/>
  <testcase classname="core.PrimeNumberCheckerTest" name="testPrimeNumberChecker[Iteration # 55: Number: 57; isPrime? false]" time="0.003"/>
  <testcase classname="core.PrimeNumberCheckerTest" name="testPrimeNumberChecker[Iteration # 56: Number: 58; isPrime? false]" time="0.001"/>
  <testcase classname="core.PrimeNumberCheckerTest" name="testPrimeNumberChecker[Iteration # 57: Number: 59; isPrime? true]" time="0.001"/>
  <testcase classname="core.PrimeNumberCheckerTest" name="testPrimeNumberChecker[Iteration # 58: Number: 60; isPrime? false]" time="0.001"/>
  <testcase classname="core.PrimeNumberCheckerTest" name="testPrimeNumberChecker[Iteration # 59: Number: 61; isPrime? true]" time="0.001"/>
  <testcase classname="core.PrimeNumberCheckerTest" name="testPrimeNumberChecker[Iteration # 60: Number: 62; isPrime? false]" time="0.001"/>
  <testcase classname="core.PrimeNumberCheckerTest" name="testPrimeNumberChecker[Iteration # 61: Number: 63; isPrime? false]" time="0.001"/>
  <testcase classname="core.PrimeNumberCheckerTest" name="testPrimeNumberChecker[Iteration # 62: Number: 64; isPrime? false]" time="0.002"/>
  <testcase classname="core.PrimeNumberCheckerTest" name="testPrimeNumberChecker[Iteration # 63: Number: 65; isPrime? false]" time="0.002"/>
  <testcase classname="core.PrimeNumberCheckerTest" name="testPrimeNumberChecker[Iteration # 64: Number: 66; isPrime? false]" time="0"/>
  <testcase classname="core.PrimeNumberCheckerTest" name="testPrimeNumberChecker[Iteration # 65: Number: 67; isPrime? true]" time="0"/>
  <testcase classname="core.PrimeNumberCheckerTest" name="testPrimeNumberChecker[Iteration # 66: Number: 68; isPrime? false]" time="0.001"/>
  <testcase classname="core.PrimeNumberCheckerTest" name="testPrimeNumberChecker[Iteration # 67: Number: 69; isPrime? false]" time="0"/>
  <testcase classname="core.PrimeNumberCheckerTest" name="testPrimeNumberChecker[Iteration # 68: Number: 70; isPrime? false]" time="0.001"/>
  <testcase classname="core.PrimeNumberCheckerTest" name="testPrimeNumberChecker[Iteration # 69: Number: 71; isPrime? true]" time="0"/>
  <testcase classname="core.PrimeNumberCheckerTest" name="testPrimeNumberChecker[Iteration # 70: Number: 72; isPrime? false]" time="0"/>
  <testcase classname="core.PrimeNumberCheckerTest" name="testPrimeNumberChecker[Iteration # 71: Number: 73; isPrime? true]" time="0"/>
  <testcase classname="core.PrimeNumberCheckerTest" name="testPrimeNumberChecker[Iteration # 72: Number: 74; isPrime? false]" time="0"/>
  <testcase classname="core.PrimeNumberCheckerTest" name="testPrimeNumberChecker[Iteration # 73: Number: 75; isPrime? false]" time="0.001"/>
  <testcase classname="core.PrimeNumberCheckerTest" name="testPrimeNumberChecker[Iteration # 74: Number: 76; isPrime? false]" time="0"/>
  <testcase classname="core.PrimeNumberCheckerTest" name="testPrimeNumberChecker[Iteration # 75: Number: 77; isPrime? false]" time="0.001"/>
  <testcase classname="core.PrimeNumberCheckerTest" name="testPrimeNumberChecker[Iteration # 76: Number: 78; isPrime? false]" time="0.001"/>
  <testcase classname="core.PrimeNumberCheckerTest" name="testPrimeNumberChecker[Iteration # 77: Number: 79; isPrime? true]" time="0.001"/>
  <testcase classname="core.PrimeNumberCheckerTest" name="testPrimeNumberChecker[Iteration # 78: Number: 80; isPrime? false]" time="0.001"/>
  <testcase classname="core.PrimeNumberCheckerTest" name="testPrimeNumberChecker[Iteration # 79: Number: 81; isPrime? false]" time="0"/>
  <testcase classname="core.PrimeNumberCheckerTest" name="testPrimeNumberChecker[Iteration # 80: Number: 82; isPrime? false]" time="0"/>
  <testcase classname="core.PrimeNumberCheckerTest" name="testPrimeNumberChecker[Iteration # 81: Number: 83; isPrime? true]" time="0"/>
  <testcase classname="core.PrimeNumberCheckerTest" name="testPrimeNumberChecker[Iteration # 82: Number: 84; isPrime? false]" time="0"/>
  <testcase classname="core.PrimeNumberCheckerTest" name="testPrimeNumberChecker[Iteration # 83: Number: 85; isPrime? false]" time="0"/>
  <testcase classname="core.PrimeNumberCheckerTest" name="testPrimeNumberChecker[Iteration # 84: Number: 86; isPrime? false]" time="0.001"/>
  <testcase classname="core.PrimeNumberCheckerTest" name="testPrimeNumberChecker[Iteration # 85: Number: 87; isPrime? false]" time="0"/>
  <testcase classname="core.PrimeNumberCheckerTest" name="testPrimeNumberChecker[Iteration # 86: Number: 88; isPrime? false]" time="0.001"/>
  <testcase classname="core.PrimeNumberCheckerTest" name="testPrimeNumberChecker[Iteration # 87: Number: 89; isPrime? true]" time="0"/>
  <testcase classname="core.PrimeNumberCheckerTest" name="testPrimeNumberChecker[Iteration # 88: Number: 90; isPrime? false]" time="0.001"/>
  <testcase classname="core.PrimeNumberCheckerTest" name="testPrimeNumberChecker[Iteration # 89: Number: 91; isPrime? false]" time="0"/>
  <testcase classname="core.PrimeNumberCheckerTest" name="testPrimeNumberChecker[Iteration # 90: Number: 92; isPrime? false]" time="0.001"/>
  <testcase classname="core.PrimeNumberCheckerTest" name="testPrimeNumberChecker[Iteration # 91: Number: 93; isPrime? false]" time="0"/>
  <testcase classname="core.PrimeNumberCheckerTest" name="testPrimeNumberChecker[Iteration # 92: Number: 94; isPrime? false]" time="0"/>
  <testcase classname="core.PrimeNumberCheckerTest" name="testPrimeNumberChecker[Iteration # 93: Number: 95; isPrime? false]" time="0.001"/>
  <testcase classname="core.PrimeNumberCheckerTest" name="testPrimeNumberChecker[Iteration # 94: Number: 96; isPrime? false]" time="0.001"/>
  <testcase classname="core.PrimeNumberCheckerTest" name="testPrimeNumberChecker[Iteration # 95: Number: 97; isPrime? true]" time="0.001"/>
  <testcase classname="core.PrimeNumberCheckerTest" name="testPrimeNumberChecker[Iteration # 96: Number: 98; isPrime? false]" time="0.002"/>
  <testcase classname="core.PrimeNumberCheckerTest" name="testPrimeNumberChecker[Iteration # 97: Number: 99; isPrime? false]" time="0.001"/>
  <testcase classname="core.PrimeNumberCheckerTest" name="testPrimeNumberChecker[Iteration # 98: Number: 100; isPrime? false]" time="0"/>
  <testcase classname="core.PrimeNumberCheckerTest" name="testPrimeNumberChecker[Iteration # 99: Number: 101; isPrime? true]" time="0"/>
  <testcase classname="core.PrimeNumberCheckerTest" name="testPrimeNumberChecker[Iteration # 100: Number: 102; isPrime? false]" time="0"/>
  <testcase classname="core.PrimeNumberCheckerTest" name="testPrimeNumberChecker[Iteration # 101: Number: 103; isPrime? true]" time="0.001"/>
  <testcase classname="core.PrimeNumberCheckerTest" name="testPrimeNumberChecker[Iteration # 102: Number: 104; isPrime? false]" time="0"/>
  <testcase classname="core.PrimeNumberCheckerTest" name="testPrimeNumberChecker[Iteration # 103: Number: 105; isPrime? false]" time="0"/>
  <testcase classname="core.PrimeNumberCheckerTest" name="testPrimeNumberChecker[Iteration # 104: Number: 106; isPrime? false]" time="0.002"/>
  <testcase classname="core.PrimeNumberCheckerTest" name="testPrimeNumberChecker[Iteration # 105: Number: 107; isPrime? true]" time="0.001"/>
  <testcase classname="core.PrimeNumberCheckerTest" name="testPrimeNumberChecker[Iteration # 106: Number: 108; isPrime? false]" time="0"/>
  <testcase classname="core.PrimeNumberCheckerTest" name="testPrimeNumberChecker[Iteration # 107: Number: 109; isPrime? true]" time="0"/>
  <testcase classname="core.PrimeNumberCheckerTest" name="testPrimeNumberChecker[Iteration # 108: Number: 110; isPrime? false]" time="0"/>
  <testcase classname="core.PrimeNumberCheckerTest" name="testPrimeNumberChecker[Iteration # 109: Number: 111; isPrime? false]" time="0"/>
  <testcase classname="core.PrimeNumberCheckerTest" name="testPrimeNumberChecker[Iteration # 110: Number: 112; isPrime? false]" time="0"/>
  <testcase classname="core.PrimeNumberCheckerTest" name="testPrimeNumberChecker[Iteration # 111: Number: 113; isPrime? true]" time="0"/>
  <testcase classname="core.PrimeNumberCheckerTest" name="testPrimeNumberChecker[Iteration # 112: Number: 114; isPrime? false]" time="0"/>
  <testcase classname="core.PrimeNumberCheckerTest" name="testPrimeNumberChecker[Iteration # 113: Number: 115; isPrime? false]" time="0.001"/>
  <testcase classname="core.PrimeNumberCheckerTest" name="testPrimeNumberChecker[Iteration # 114: Number: 116; isPrime? false]" time="0"/>
  <testcase classname="core.PrimeNumberCheckerTest" name="testPrimeNumberChecker[Iteration # 115: Number: 117; isPrime? false]" time="0"/>
  <testcase classname="core.PrimeNumberCheckerTest" name="testPrimeNumberChecker[Iteration # 116: Number: 118; isPrime? false]" time="0"/>
  <testcase classname="core.PrimeNumberCheckerTest" name="testPrimeNumberChecker[Iteration # 117: Number: 119; isPrime? false]" time="0"/>
  <testcase classname="core.PrimeNumberCheckerTest" name="testPrimeNumberChecker[Iteration # 118: Number: 120; isPrime? false]" time="0"/>
  <testcase classname="core.PrimeNumberCheckerTest" name="testPrimeNumberChecker[Iteration # 119: Number: 121; isPrime? false]" time="0"/>
  <testcase classname="core.PrimeNumberCheckerTest" name="testPrimeNumberChecker[Iteration # 120: Number: 122; isPrime? false]" time="0"/>
  <testcase classname="core.PrimeNumberCheckerTest" name="testPrimeNumberChecker[Iteration # 121: Number: 123; isPrime? false]" time="0"/>
  <testcase classname="core.PrimeNumberCheckerTest" name="testPrimeNumberChecker[Iteration # 122: Number: 124; isPrime? false]" time="0"/>
  <testcase classname="core.PrimeNumberCheckerTest" name="testPrimeNumberChecker[Iteration # 123: Number: 125; isPrime? false]" time="0.004"/>
  <testcase classname="core.PrimeNumberCheckerTest" name="testPrimeNumberChecker[Iteration # 124: Number: 126; isPrime? false]" time="0.001"/>
  <testcase classname="core.PrimeNumberCheckerTest" name="testPrimeNumberChecker[Iteration # 125: Number: 127; isPrime? true]" time="0"/>
  <testcase classname="core.PrimeNumberCheckerTest" name="testPrimeNumberChecker[Iteration # 126: Number: 128; isPrime? false]" time="0"/>
  <testcase classname="core.PrimeNumberCheckerTest" name="testPrimeNumberChecker[Iteration # 127: Number: 129; isPrime? false]" time="0"/>
  <testcase classname="core.PrimeNumberCheckerTest" name="testPrimeNumberChecker[Iteration # 128: Number: 130; isPrime? false]" time="0"/>
  <testcase classname="core.PrimeNumberCheckerTest" name="testPrimeNumberChecker[Iteration # 129: Number: 131; isPrime? true]" time="0"/>
  <testcase classname="core.PrimeNumberCheckerTest" name="testPrimeNumberChecker[Iteration # 130: Number: 132; isPrime? false]" time="0"/>
  <testcase classname="core.PrimeNumberCheckerTest" name="testPrimeNumberChecker[Iteration # 131: Number: 133; isPrime? false]" time="0.001"/>
  <testcase classname="core.PrimeNumberCheckerTest" name="testPrimeNumberChecker[Iteration # 132: Number: 134; isPrime? false]" time="0"/>
  <testcase classname="core.PrimeNumberCheckerTest" name="testPrimeNumberChecker[Iteration # 133: Number: 135; isPrime? false]" time="0"/>
  <testcase classname="core.PrimeNumberCheckerTest" name="testPrimeNumberChecker[Iteration # 134: Number: 136; isPrime? false]" time="0"/>
  <testcase classname="core.PrimeNumberCheckerTest" name="testPrimeNumberChecker[Iteration # 135: Number: 137; isPrime? true]" time="0"/>
  <testcase classname="core.PrimeNumberCheckerTest" name="testPrimeNumberChecker[Iteration # 136: Number: 138; isPrime? false]" time="0"/>
  <testcase classname="core.PrimeNumberCheckerTest" name="testPrimeNumberChecker[Iteration # 137: Number: 139; isPrime? true]" time="0"/>
  <testcase classname="core.PrimeNumberCheckerTest" name="testPrimeNumberChecker[Iteration # 138: Number: 140; isPrime? false]" time="0.001"/>
  <testcase classname="core.PrimeNumberCheckerTest" name="testPrimeNumberChecker[Iteration # 139: Number: 141; isPrime? false]" time="0"/>
  <testcase classname="core.PrimeNumberCheckerTest" name="testPrimeNumberChecker[Iteration # 140: Number: 142; isPrime? false]" time="0"/>
  <testcase classname="core.PrimeNumberCheckerTest" name="testPrimeNumberChecker[Iteration # 141: Number: 143; isPrime? false]" time="0"/>
  <testcase classname="core.PrimeNumberCheckerTest" name="testPrimeNumberChecker[Iteration # 142: Number: 144; isPrime? false]" time="0"/>
  <testcase classname="core.PrimeNumberCheckerTest" name="testPrimeNumberChecker[Iteration # 143: Number: 145; isPrime? false]" time="0.001"/>
  <testcase classname="core.PrimeNumberCheckerTest" name="testPrimeNumberChecker[Iteration # 144: Number: 146; isPrime? false]" time="0"/>
  <testcase classname="core.PrimeNumberCheckerTest" name="testPrimeNumberChecker[Iteration # 145: Number: 147; isPrime? false]" time="0.001"/>
  <testcase classname="core.PrimeNumberCheckerTest" name="testPrimeNumberChecker[Iteration # 146: Number: 148; isPrime? false]" time="0"/>
  <testcase classname="core.PrimeNumberCheckerTest" name="testPrimeNumberChecker[Iteration # 147: Number: 149; isPrime? true]" time="0"/>
  <testcase classname="core.PrimeNumberCheckerTest" name="testPrimeNumberChecker[Iteration # 148: Number: 150; isPrime? false]" time="0"/>
  <testcase classname="core.PrimeNumberCheckerTest" name="testPrimeNumberChecker[Iteration # 149: Number: 151; isPrime? true]" time="0"/>
  <testcase classname="core.PrimeNumberCheckerTest" name="testPrimeNumberChecker[Iteration # 150: Number: 152; isPrime? false]" time="0"/>
  <testcase classname="core.PrimeNumberCheckerTest" name="testPrimeNumberChecker[Iteration # 151: Number: 153; isPrime? false]" time="0"/>
  <testcase classname="core.PrimeNumberCheckerTest" name="testPrimeNumberChecker[Iteration # 152: Number: 154; isPrime? false]" time="0"/>
  <testcase classname="core.PrimeNumberCheckerTest" name="testPrimeNumberChecker[Iteration # 153: Number: 155; isPrime? false]" time="0"/>
  <testcase classname="core.PrimeNumberCheckerTest" name="testPrimeNumberChecker[Iteration # 154: Number: 156; isPrime? false]" time="0.001"/>
  <testcase classname="core.PrimeNumberCheckerTest" name="testPrimeNumberChecker[Iteration # 155: Number: 157; isPrime? true]" time="0"/>
  <testcase classname="core.PrimeNumberCheckerTest" name="testPrimeNumberChecker[Iteration # 156: Number: 158; isPrime? false]" time="0.002"/>
  <testcase classname="core.PrimeNumberCheckerTest" name="testPrimeNumberChecker[Iteration # 157: Number: 159; isPrime? false]" time="0"/>
  <testcase classname="core.PrimeNumberCheckerTest" name="testPrimeNumberChecker[Iteration # 158: Number: 160; isPrime? false]" time="0"/>
  <testcase classname="core.PrimeNumberCheckerTest" name="testPrimeNumberChecker[Iteration # 159: Number: 161; isPrime? false]" time="0"/>
  <testcase classname="core.PrimeNumberCheckerTest" name="testPrimeNumberChecker[Iteration # 160: Number: 162; isPrime? false]" time="0"/>
  <testcase classname="core.PrimeNumberCheckerTest" name="testPrimeNumberChecker[Iteration # 161: Number: 163; isPrime? true]" time="0"/>
  <testcase classname="core.PrimeNumberCheckerTest" name="testPrimeNumberChecker[Iteration # 162: Number: 164; isPrime? false]" time="0"/>
  <testcase classname="core.PrimeNumberCheckerTest" name="testPrimeNumberChecker[Iteration # 163: Number: 165; isPrime? false]" time="0"/>
  <testcase classname="core.PrimeNumberCheckerTest" name="testPrimeNumberChecker[Iteration # 164: Number: 166; isPrime? false]" time="0"/>
  <testcase classname="core.PrimeNumberCheckerTest" name="testPrimeNumberChecker[Iteration # 165: Number: 167; isPrime? true]" time="0.003"/>
  <testcase classname="core.PrimeNumberCheckerTest" name="testPrimeNumberChecker[Iteration # 166: Number: 168; isPrime? false]" time="0"/>
  <testcase classname="core.PrimeNumberCheckerTest" name="testPrimeNumberChecker[Iteration # 167: Number: 169; isPrime? false]" time="0"/>
  <testcase classname="core.PrimeNumberCheckerTest" name="testPrimeNumberChecker[Iteration # 168: Number: 170; isPrime? false]" time="0"/>
  <testcase classname="core.PrimeNumberCheckerTest" name="testPrimeNumberChecker[Iteration # 169: Number: 171; isPrime? false]" time="0"/>
  <testcase classname="core.PrimeNumberCheckerTest" name="testPrimeNumberChecker[Iteration # 170: Number: 172; isPrime? false]" time="0"/>
  <testcase classname="core.PrimeNumberCheckerTest" name="testPrimeNumberChecker[Iteration # 171: Number: 173; isPrime? true]" time="0"/>
  <testcase classname="core.PrimeNumberCheckerTest" name="testPrimeNumberChecker[Iteration # 172: Number: 174; isPrime? false]" time="0"/>
  <testcase classname="core.PrimeNumberCheckerTest" name="testPrimeNumberChecker[Iteration # 173: Number: 175; isPrime? false]" time="0"/>
  <testcase classname="core.PrimeNumberCheckerTest" name="testPrimeNumberChecker[Iteration # 174: Number: 176; isPrime? false]" time="0"/>
  <testcase classname="core.PrimeNumberCheckerTest" name="testPrimeNumberChecker[Iteration # 175: Number: 177; isPrime? false]" time="0"/>
  <testcase classname="core.PrimeNumberCheckerTest" name="testPrimeNumberChecker[Iteration # 176: Number: 178; isPrime? false]" time="0.001"/>
  <testcase classname="core.PrimeNumberCheckerTest" name="testPrimeNumberChecker[Iteration # 177: Number: 179; isPrime? true]" time="0"/>
  <testcase classname="core.PrimeNumberCheckerTest" name="testPrimeNumberChecker[Iteration # 178: Number: 180; isPrime? false]" time="0"/>
  <testcase classname="core.PrimeNumberCheckerTest" name="testPrimeNumberChecker[Iteration # 179: Number: 181; isPrime? true]" time="0.026"/>
  <testcase classname="core.PrimeNumberCheckerTest" name="testPrimeNumberChecker[Iteration # 180: Number: 182; isPrime? false]" time="0"/>
  <testcase classname="core.PrimeNumberCheckerTest" name="testPrimeNumberChecker[Iteration # 181: Number: 183; isPrime? false]" time="0"/>
  <testcase classname="core.PrimeNumberCheckerTest" name="testPrimeNumberChecker[Iteration # 182: Number: 184; isPrime? false]" time="0"/>
  <testcase classname="core.PrimeNumberCheckerTest" name="testPrimeNumberChecker[Iteration # 183: Number: 185; isPrime? false]" time="0"/>
  <testcase classname="core.PrimeNumberCheckerTest" name="testPrimeNumberChecker[Iteration # 184: Number: 186; isPrime? false]" time="0"/>
  <testcase classname="core.PrimeNumberCheckerTest" name="testPrimeNumberChecker[Iteration # 185: Number: 187; isPrime? false]" time="0"/>
  <testcase classname="core.PrimeNumberCheckerTest" name="testPrimeNumberChecker[Iteration # 186: Number: 188; isPrime? false]" time="0"/>
  <testcase classname="core.PrimeNumberCheckerTest" name="testPrimeNumberChecker[Iteration # 187: Number: 189; isPrime? false]" time="0"/>
  <testcase classname="core.PrimeNumberCheckerTest" name="testPrimeNumberChecker[Iteration # 188: Number: 190; isPrime? false]" time="0"/>
  <testcase classname="core.PrimeNumberCheckerTest" name="testPrimeNumberChecker[Iteration # 189: Number: 191; isPrime? true]" time="0.003"/>
  <testcase classname="core.PrimeNumberCheckerTest" name="testPrimeNumberChecker[Iteration # 190: Number: 192; isPrime? false]" time="0"/>
  <testcase classname="core.PrimeNumberCheckerTest" name="testPrimeNumberChecker[Iteration # 191: Number: 193; isPrime? true]" time="0"/>
  <testcase classname="core.PrimeNumberCheckerTest" name="testPrimeNumberChecker[Iteration # 192: Number: 194; isPrime? false]" time="0"/>
  <testcase classname="core.PrimeNumberCheckerTest" name="testPrimeNumberChecker[Iteration # 193: Number: 195; isPrime? false]" time="0"/>
  <testcase classname="core.PrimeNumberCheckerTest" name="testPrimeNumberChecker[Iteration # 194: Number: 196; isPrime? false]" time="0"/>
  <testcase classname="core.PrimeNumberCheckerTest" name="testPrimeNumberChecker[Iteration # 195: Number: 197; isPrime? true]" time="0"/>
  <testcase classname="core.PrimeNumberCheckerTest" name="testPrimeNumberChecker[Iteration # 196: Number: 198; isPrime? false]" time="0"/>
  <testcase classname="core.PrimeNumberCheckerTest" name="testPrimeNumberChecker[Iteration # 197: Number: 199; isPrime? true]" time="0"/>
  <testcase classname="core.PrimeNumberCheckerTest" name="testPrimeNumberChecker[Iteration # 198: Number: 200; isPrime? false]" time="0"/>
  <testcase classname="core.PrimeNumberCheckerTest" name="testPrimeNumberChecker[Iteration # 199: Number: 201; isPrime? false]" time="0"/>
  <testcase classname="core.PrimeNumberCheckerTest" name="testPrimeNumberChecker[Iteration # 200: Number: 202; isPrime? false]" time="0.006"/>
  <testcase classname="core.PrimeNumberCheckerTest" name="testPrimeNumberChecker[Iteration # 201: Number: 203; isPrime? false]" time="0"/>
  <testcase classname="core.PrimeNumberCheckerTest" name="testPrimeNumberChecker[Iteration # 202: Number: 204; isPrime? false]" time="0"/>
  <testcase classname="core.PrimeNumberCheckerTest" name="testPrimeNumberChecker[Iteration # 203: Number: 205; isPrime? false]" time="0"/>
  <testcase classname="core.PrimeNumberCheckerTest" name="testPrimeNumberChecker[Iteration # 204: Number: 206; isPrime? false]" time="0"/>
  <testcase classname="core.PrimeNumberCheckerTest" name="testPrimeNumberChecker[Iteration # 205: Number: 207; isPrime? false]" time="0"/>
  <testcase classname="core.PrimeNumberCheckerTest" name="testPrimeNumberChecker[Iteration # 206: Number: 208; isPrime? false]" time="0"/>
  <testcase classname="core.PrimeNumberCheckerTest" name="testPrimeNumberChecker[Iteration # 207: Number: 209; isPrime? false]" time="0"/>
  <testcase classname="core.PrimeNumberCheckerTest" name="testPrimeNumberChecker[Iteration # 208: Number: 210; isPrime? false]" time="0"/>
  <testcase classname="core.PrimeNumberCheckerTest" name="testPrimeNumberChecker[Iteration # 209: Number: 211; isPrime? true]" time="0"/>
  <testcase classname="core.PrimeNumberCheckerTest" name="testPrimeNumberChecker[Iteration # 210: Number: 212; isPrime? false]" time="0"/>
  <testcase classname="core.PrimeNumberCheckerTest" name="testPrimeNumberChecker[Iteration # 211: Number: 213; isPrime? false]" time="0"/>
  <testcase classname="core.PrimeNumberCheckerTest" name="testPrimeNumberChecker[Iteration # 212: Number: 214; isPrime? false]" time="0"/>
  <testcase classname="core.PrimeNumberCheckerTest" name="testPrimeNumberChecker[Iteration # 213: Number: 215; isPrime? false]" time="0.001"/>
  <testcase classname="core.PrimeNumberCheckerTest" name="testPrimeNumberChecker[Iteration # 214: Number: 216; isPrime? false]" time="0"/>
  <testcase classname="core.PrimeNumberCheckerTest" name="testPrimeNumberChecker[Iteration # 215: Number: 217; isPrime? false]" time="0"/>
  <testcase classname="core.PrimeNumberCheckerTest" name="testPrimeNumberChecker[Iteration # 216: Number: 218; isPrime? false]" time="0"/>
  <testcase classname="core.PrimeNumberCheckerTest" name="testPrimeNumberChecker[Iteration # 217: Number: 219; isPrime? false]" time="0"/>
  <testcase classname="core.PrimeNumberCheckerTest" name="testPrimeNumberChecker[Iteration # 218: Number: 220; isPrime? false]" time="0.001"/>
  <testcase classname="core.PrimeNumberCheckerTest" name="testPrimeNumberChecker[Iteration # 219: Number: 221; isPrime? false]" time="0"/>
  <testcase classname="core.PrimeNumberCheckerTest" name="testPrimeNumberChecker[Iteration # 220: Number: 222; isPrime? false]" time="0"/>
  <testcase classname="core.PrimeNumberCheckerTest" name="testPrimeNumberChecker[Iteration # 221: Number: 223; isPrime? true]" time="0"/>
  <testcase classname="core.PrimeNumberCheckerTest" name="testPrimeNumberChecker[Iteration # 222: Number: 224; isPrime? false]" time="0"/>
  <testcase classname="core.PrimeNumberCheckerTest" name="testPrimeNumberChecker[Iteration # 223: Number: 225; isPrime? false]" time="0"/>
  <testcase classname="core.PrimeNumberCheckerTest" name="testPrimeNumberChecker[Iteration # 224: Number: 226; isPrime? false]" time="0"/>
  <testcase classname="core.PrimeNumberCheckerTest" name="testPrimeNumberChecker[Iteration # 225: Number: 227; isPrime? true]" time="0"/>
  <testcase classname="core.PrimeNumberCheckerTest" name="testPrimeNumberChecker[Iteration # 226: Number: 228; isPrime? false]" time="0"/>
  <testcase classname="core.PrimeNumberCheckerTest" name="testPrimeNumberChecker[Iteration # 227: Number: 229; isPrime? true]" time="0.001"/>
  <testcase classname="core.PrimeNumberCheckerTest" name="testPrimeNumberChecker[Iteration # 228: Number: 230; isPrime? false]" time="0"/>
  <testcase classname="core.PrimeNumberCheckerTest" name="testPrimeNumberChecker[Iteration # 229: Number: 231; isPrime? false]" time="0"/>
  <testcase classname="core.PrimeNumberCheckerTest" name="testPrimeNumberChecker[Iteration # 230: Number: 232; isPrime? false]" time="0"/>
  <testcase classname="core.PrimeNumberCheckerTest" name="testPrimeNumberChecker[Iteration # 231: Number: 233; isPrime? true]" time="0"/>
  <testcase classname="core.PrimeNumberCheckerTest" name="testPrimeNumberChecker[Iteration # 232: Number: 234; isPrime? false]" time="0"/>
  <testcase classname="core.PrimeNumberCheckerTest" name="testPrimeNumberChecker[Iteration # 233: Number: 235; isPrime? false]" time="0"/>
  <testcase classname="core.PrimeNumberCheckerTest" name="testPrimeNumberChecker[Iteration # 234: Number: 236; isPrime? false]" time="0.002"/>
  <testcase classname="core.PrimeNumberCheckerTest" name="testPrimeNumberChecker[Iteration # 235: Number: 237; isPrime? false]" time="0"/>
  <testcase classname="core.PrimeNumberCheckerTest" name="testPrimeNumberChecker[Iteration # 236: Number: 238; isPrime? false]" time="0.001"/>
  <testcase classname="core.PrimeNumberCheckerTest" name="testPrimeNumberChecker[Iteration # 237: Number: 239; isPrime? true]" time="0.002"/>
  <testcase classname="core.PrimeNumberCheckerTest" name="testPrimeNumberChecker[Iteration # 238: Number: 240; isPrime? false]" time="0"/>
  <testcase classname="core.PrimeNumberCheckerTest" name="testPrimeNumberChecker[Iteration # 239: Number: 241; isPrime? true]" time="0"/>
  <testcase classname="core.PrimeNumberCheckerTest" name="testPrimeNumberChecker[Iteration # 240: Number: 242; isPrime? false]" time="0"/>
  <testcase classname="core.PrimeNumberCheckerTest" name="testPrimeNumberChecker[Iteration # 241: Number: 243; isPrime? false]" time="0"/>
  <testcase classname="core.PrimeNumberCheckerTest" name="testPrimeNumberChecker[Iteration # 242: Number: 244; isPrime? false]" time="0"/>
  <testcase classname="core.PrimeNumberCheckerTest" name="testPrimeNumberChecker[Iteration # 243: Number: 245; isPrime? false]" time="0"/>
  <testcase classname="core.PrimeNumberCheckerTest" name="testPrimeNumberChecker[Iteration # 244: Number: 246; isPrime? false]" time="0"/>
  <testcase classname="core.PrimeNumberCheckerTest" name="testPrimeNumberChecker[Iteration # 245: Number: 247; isPrime? false]" time="0"/>
  <testcase classname="core.PrimeNumberCheckerTest" name="testPrimeNumberChecker[Iteration # 246: Number: 248; isPrime? false]" time="0"/>
  <testcase classname="core.PrimeNumberCheckerTest" name="testPrimeNumberChecker[Iteration # 247: Number: 249; isPrime? false]" time="0"/>
  <testcase classname="core.PrimeNumberCheckerTest" name="testPrimeNumberChecker[Iteration # 248: Number: 250; isPrime? false]" time="0"/>
  <testcase classname="core.PrimeNumberCheckerTest" name="testPrimeNumberChecker[Iteration # 249: Number: 251; isPrime? true]" time="0"/>
  <testcase classname="core.PrimeNumberCheckerTest" name="testPrimeNumberChecker[Iteration # 250: Number: 252; isPrime? false]" time="0.003"/>
  <testcase classname="core.PrimeNumberCheckerTest" name="testPrimeNumberChecker[Iteration # 251: Number: 253; isPrime? false]" time="0.001"/>
  <testcase classname="core.PrimeNumberCheckerTest" name="testPrimeNumberChecker[Iteration # 252: Number: 254; isPrime? false]" time="0"/>
  <testcase classname="core.PrimeNumberCheckerTest" name="testPrimeNumberChecker[Iteration # 253: Number: 255; isPrime? false]" time="0"/>
  <testcase classname="core.PrimeNumberCheckerTest" name="testPrimeNumberChecker[Iteration # 254: Number: 256; isPrime? false]" time="0"/>
  <testcase classname="core.PrimeNumberCheckerTest" name="testPrimeNumberChecker[Iteration # 255: Number: 257; isPrime? true]" time="0"/>
  <testcase classname="core.PrimeNumberCheckerTest" name="testPrimeNumberChecker[Iteration # 256: Number: 258; isPrime? false]" time="0"/>
  <testcase classname="core.PrimeNumberCheckerTest" name="testPrimeNumberChecker[Iteration # 257: Number: 259; isPrime? false]" time="0"/>
  <testcase classname="core.PrimeNumberCheckerTest" name="testPrimeNumberChecker[Iteration # 258: Number: 260; isPrime? false]" time="0"/>
  <testcase classname="core.PrimeNumberCheckerTest" name="testPrimeNumberChecker[Iteration # 259: Number: 261; isPrime? false]" time="0"/>
  <testcase classname="core.PrimeNumberCheckerTest" name="testPrimeNumberChecker[Iteration # 260: Number: 262; isPrime? false]" time="0"/>
  <testcase classname="core.PrimeNumberCheckerTest" name="testPrimeNumberChecker[Iteration # 261: Number: 263; isPrime? true]" time="0"/>
  <testcase classname="core.PrimeNumberCheckerTest" name="testPrimeNumberChecker[Iteration # 262: Number: 264; isPrime? false]" time="0.001"/>
  <testcase classname="core.PrimeNumberCheckerTest" name="testPrimeNumberChecker[Iteration # 263: Number: 265; isPrime? false]" time="0"/>
  <testcase classname="core.PrimeNumberCheckerTest" name="testPrimeNumberChecker[Iteration # 264: Number: 266; isPrime? false]" time="0"/>
  <testcase classname="core.PrimeNumberCheckerTest" name="testPrimeNumberChecker[Iteration # 265: Number: 267; isPrime? false]" time="0"/>
  <testcase classname="core.PrimeNumberCheckerTest" name="testPrimeNumberChecker[Iteration # 266: Number: 268; isPrime? false]" time="0"/>
  <testcase classname="core.PrimeNumberCheckerTest" name="testPrimeNumberChecker[Iteration # 267: Number: 269; isPrime? true]" time="0"/>
  <testcase classname="core.PrimeNumberCheckerTest" name="testPrimeNumberChecker[Iteration # 268: Number: 270; isPrime? false]" time="0"/>
  <testcase classname="core.PrimeNumberCheckerTest" name="testPrimeNumberChecker[Iteration # 269: Number: 271; isPrime? true]" time="0"/>
  <testcase classname="core.PrimeNumberCheckerTest" name="testPrimeNumberChecker[Iteration # 270: Number: 272; isPrime? false]" time="0"/>
  <testcase classname="core.PrimeNumberCheckerTest" name="testPrimeNumberChecker[Iteration # 271: Number: 273; isPrime? false]" time="0"/>
  <testcase classname="core.PrimeNumberCheckerTest" name="testPrimeNumberChecker[Iteration # 272: Number: 274; isPrime? false]" time="0"/>
  <testcase classname="core.PrimeNumberCheckerTest" name="testPrimeNumberChecker[Iteration # 273: Number: 275; isPrime? false]" time="0"/>
  <testcase classname="core.PrimeNumberCheckerTest" name="testPrimeNumberChecker[Iteration # 274: Number: 276; isPrime? false]" time="0.005"/>
  <testcase classname="core.PrimeNumberCheckerTest" name="testPrimeNumberChecker[Iteration # 275: Number: 277; isPrime? true]" time="0.002"/>
  <testcase classname="core.PrimeNumberCheckerTest" name="testPrimeNumberChecker[Iteration # 276: Number: 278; isPrime? false]" time="0"/>
  <testcase classname="core.PrimeNumberCheckerTest" name="testPrimeNumberChecker[Iteration # 277: Number: 279; isPrime? false]" time="0"/>
  <testcase classname="core.PrimeNumberCheckerTest" name="testPrimeNumberChecker[Iteration # 278: Number: 280; isPrime? false]" time="0"/>
  <testcase classname="core.PrimeNumberCheckerTest" name="testPrimeNumberChecker[Iteration # 279: Number: 281; isPrime? true]" time="0"/>
  <testcase classname="core.PrimeNumberCheckerTest" name="testPrimeNumberChecker[Iteration # 280: Number: 282; isPrime? false]" time="0"/>
  <testcase classname="core.PrimeNumberCheckerTest" name="testPrimeNumberChecker[Iteration # 281: Number: 283; isPrime? true]" time="0"/>
  <testcase classname="core.PrimeNumberCheckerTest" name="testPrimeNumberChecker[Iteration # 282: Number: 284; isPrime? false]" time="0.001"/>
  <testcase classname="core.PrimeNumberCheckerTest" name="testPrimeNumberChecker[Iteration # 283: Number: 285; isPrime? false]" time="0"/>
  <testcase classname="core.PrimeNumberCheckerTest" name="testPrimeNumberChecker[Iteration # 284: Number: 286; isPrime? false]" time="0"/>
  <testcase classname="core.PrimeNumberCheckerTest" name="testPrimeNumberChecker[Iteration # 285: Number: 287; isPrime? false]" time="0.001"/>
  <testcase classname="core.PrimeNumberCheckerTest" name="testPrimeNumberChecker[Iteration # 286: Number: 288; isPrime? false]" time="0"/>
  <testcase classname="core.PrimeNumberCheckerTest" name="testPrimeNumberChecker[Iteration # 287: Number: 289; isPrime? false]" time="0"/>
  <testcase classname="core.PrimeNumberCheckerTest" name="testPrimeNumberChecker[Iteration # 288: Number: 290; isPrime? false]" time="0"/>
  <testcase classname="core.PrimeNumberCheckerTest" name="testPrimeNumberChecker[Iteration # 289: Number: 291; isPrime? false]" time="0.002"/>
  <testcase classname="core.PrimeNumberCheckerTest" name="testPrimeNumberChecker[Iteration # 290: Number: 292; isPrime? false]" time="0"/>
  <testcase classname="core.PrimeNumberCheckerTest" name="testPrimeNumberChecker[Iteration # 291: Number: 293; isPrime? true]" time="0"/>
  <testcase classname="core.PrimeNumberCheckerTest" name="testPrimeNumberChecker[Iteration # 292: Number: 294; isPrime? false]" time="0"/>
  <testcase classname="core.PrimeNumberCheckerTest" name="testPrimeNumberChecker[Iteration # 293: Number: 295; isPrime? false]" time="0"/>
  <testcase classname="core.PrimeNumberCheckerTest" name="testPrimeNumberChecker[Iteration # 294: Number: 296; isPrime? false]" time="0"/>
  <testcase classname="core.PrimeNumberCheckerTest" name="testPrimeNumberChecker[Iteration # 295: Number: 297; isPrime? false]" time="0"/>
  <testcase classname="core.PrimeNumberCheckerTest" name="testPrimeNumberChecker[Iteration # 296: Number: 298; isPrime? false]" time="0"/>
  <testcase classname="core.PrimeNumberCheckerTest" name="testPrimeNumberChecker[Iteration # 297: Number: 299; isPrime? false]" time="0"/>
  <testcase classname="core.PrimeNumberCheckerTest" name="testPrimeNumberChecker[Iteration # 298: Number: 300; isPrime? false]" time="0"/>
  <testcase classname="core.PrimeNumberCheckerTest" name="testPrimeNumberChecker[Iteration # 299: Number: 301; isPrime? false]" time="0"/>
  <testcase classname="core.PrimeNumberCheckerTest" name="testPrimeNumberChecker[Iteration # 300: Number: 302; isPrime? false]" time="0"/>
  <testcase classname="core.PrimeNumberCheckerTest" name="testPrimeNumberChecker[Iteration # 301: Number: 303; isPrime? false]" time="0"/>
  <testcase classname="core.PrimeNumberCheckerTest" name="testPrimeNumberChecker[Iteration # 302: Number: 304; isPrime? false]" time="0"/>
  <testcase classname="core.PrimeNumberCheckerTest" name="testPrimeNumberChecker[Iteration # 303: Number: 305; isPrime? false]" time="0.002"/>
  <testcase classname="core.PrimeNumberCheckerTest" name="testPrimeNumberChecker[Iteration # 304: Number: 306; isPrime? false]" time="0"/>
  <testcase classname="core.PrimeNumberCheckerTest" name="testPrimeNumberChecker[Iteration # 305: Number: 307; isPrime? true]" time="0"/>
  <testcase classname="core.PrimeNumberCheckerTest" name="testPrimeNumberChecker[Iteration # 306: Number: 308; isPrime? false]" time="0"/>
  <testcase classname="core.PrimeNumberCheckerTest" name="testPrimeNumberChecker[Iteration # 307: Number: 309; isPrime? false]" time="0"/>
  <testcase classname="core.PrimeNumberCheckerTest" name="testPrimeNumberChecker[Iteration # 308: Number: 310; isPrime? false]" time="0"/>
  <testcase classname="core.PrimeNumberCheckerTest" name="testPrimeNumberChecker[Iteration # 309: Number: 311; isPrime? true]" time="0"/>
  <testcase classname="core.PrimeNumberCheckerTest" name="testPrimeNumberChecker[Iteration # 310: Number: 312; isPrime? false]" time="0"/>
  <testcase classname="core.PrimeNumberCheckerTest" name="testPrimeNumberChecker[Iteration # 311: Number: 313; isPrime? true]" time="0"/>
  <testcase classname="core.PrimeNumberCheckerTest" name="testPrimeNumberChecker[Iteration # 312: Number: 314; isPrime? false]" time="0"/>
  <testcase classname="core.PrimeNumberCheckerTest" name="testPrimeNumberChecker[Iteration # 313: Number: 315; isPrime? false]" time="0.001"/>
  <testcase classname="core.PrimeNumberCheckerTest" name="testPrimeNumberChecker[Iteration # 314: Number: 316; isPrime? false]" time="0"/>
  <testcase classname="core.PrimeNumberCheckerTest" name="testPrimeNumberChecker[Iteration # 315: Number: 317; isPrime? true]" time="0"/>
  <testcase classname="core.PrimeNumberCheckerTest" name="testPrimeNumberChecker[Iteration # 316: Number: 318; isPrime? false]" time="0"/>
  <testcase classname="core.PrimeNumberCheckerTest" name="testPrimeNumberChecker[Iteration # 317: Number: 319; isPrime? false]" time="0"/>
  <testcase classname="core.PrimeNumberCheckerTest" name="testPrimeNumberChecker[Iteration # 318: Number: 320; isPrime? false]" time="0"/>
  <testcase classname="core.PrimeNumberCheckerTest" name="testPrimeNumberChecker[Iteration # 319: Number: 321; isPrime? false]" time="0"/>
  <testcase classname="core.PrimeNumberCheckerTest" name="testPrimeNumberChecker[Iteration # 320: Number: 322; isPrime? false]" time="0.01"/>
  <testcase classname="core.PrimeNumberCheckerTest" name="testPrimeNumberChecker[Iteration # 321: Number: 323; isPrime? false]" time="0"/>
  <testcase classname="core.PrimeNumberCheckerTest" name="testPrimeNumberChecker[Iteration # 322: Number: 324; isPrime? false]" time="0"/>
  <testcase classname="core.PrimeNumberCheckerTest" name="testPrimeNumberChecker[Iteration # 323: Number: 325; isPrime? false]" time="0"/>
  <testcase classname="core.PrimeNumberCheckerTest" name="testPrimeNumberChecker[Iteration # 324: Number: 326; isPrime? false]" time="0"/>
  <testcase classname="core.PrimeNumberCheckerTest" name="testPrimeNumberChecker[Iteration # 325: Number: 327; isPrime? false]" time="0"/>
  <testcase classname="core.PrimeNumberCheckerTest" name="testPrimeNumberChecker[Iteration # 326: Number: 328; isPrime? false]" time="0"/>
  <testcase classname="core.PrimeNumberCheckerTest" name="testPrimeNumberChecker[Iteration # 327: Number: 329; isPrime? false]" time="0"/>
  <testcase classname="core.PrimeNumberCheckerTest" name="testPrimeNumberChecker[Iteration # 328: Number: 330; isPrime? false]" time="0.001"/>
  <testcase classname="core.PrimeNumberCheckerTest" name="testPrimeNumberChecker[Iteration # 329: Number: 331; isPrime? true]" time="0"/>
  <testcase classname="core.PrimeNumberCheckerTest" name="testPrimeNumberChecker[Iteration # 330: Number: 332; isPrime? false]" time="0"/>
  <testcase classname="core.PrimeNumberCheckerTest" name="testPrimeNumberChecker[Iteration # 331: Number: 333; isPrime? false]" time="0"/>
  <testcase classname="core.PrimeNumberCheckerTest" name="testPrimeNumberChecker[Iteration # 332: Number: 334; isPrime? false]" time="0"/>
  <testcase classname="core.PrimeNumberCheckerTest" name="testPrimeNumberChecker[Iteration # 333: Number: 335; isPrime? false]" time="0"/>
  <testcase classname="core.PrimeNumberCheckerTest" name="testPrimeNumberChecker[Iteration # 334: Number: 336; isPrime? false]" time="0"/>
  <testcase classname="core.PrimeNumberCheckerTest" name="testPrimeNumberChecker[Iteration # 335: Number: 337; isPrime? true]" time="0"/>
  <testcase classname="core.PrimeNumberCheckerTest" name="testPrimeNumberChecker[Iteration # 336: Number: 338; isPrime? false]" time="0"/>
  <testcase classname="core.PrimeNumberCheckerTest" name="testPrimeNumberChecker[Iteration # 337: Number: 339; isPrime? false]" time="0"/>
  <testcase classname="core.PrimeNumberCheckerTest" name="testPrimeNumberChecker[Iteration # 338: Number: 340; isPrime? false]" time="0"/>
  <testcase classname="core.PrimeNumberCheckerTest" name="testPrimeNumberChecker[Iteration # 339: Number: 341; isPrime? false]" time="0"/>
  <testcase classname="core.PrimeNumberCheckerTest" name="testPrimeNumberChecker[Iteration # 340: Number: 342; isPrime? false]" time="0.001"/>
  <testcase classname="core.PrimeNumberCheckerTest" name="testPrimeNumberChecker[Iteration # 341: Number: 343; isPrime? false]" time="0"/>
  <testcase classname="core.PrimeNumberCheckerTest" name="testPrimeNumberChecker[Iteration # 342: Number: 344; isPrime? false]" time="0"/>
  <testcase classname="core.PrimeNumberCheckerTest" name="testPrimeNumberChecker[Iteration # 343: Number: 345; isPrime? false]" time="0"/>
  <testcase classname="core.PrimeNumberCheckerTest" name="testPrimeNumberChecker[Iteration # 344: Number: 346; isPrime? false]" time="0"/>
  <testcase classname="core.PrimeNumberCheckerTest" name="testPrimeNumberChecker[Iteration # 345: Number: 347; isPrime? true]" time="0"/>
  <testcase classname="core.PrimeNumberCheckerTest" name="testPrimeNumberChecker[Iteration # 346: Number: 348; isPrime? false]" time="0.001"/>
  <testcase classname="core.PrimeNumberCheckerTest" name="testPrimeNumberChecker[Iteration # 347: Number: 349; isPrime? true]" time="0"/>
  <testcase classname="core.PrimeNumberCheckerTest" name="testPrimeNumberChecker[Iteration # 348: Number: 350; isPrime? false]" time="0"/>
  <testcase classname="core.PrimeNumberCheckerTest" name="testPrimeNumberChecker[Iteration # 349: Number: 351; isPrime? false]" time="0"/>
  <testcase classname="core.PrimeNumberCheckerTest" name="testPrimeNumberChecker[Iteration # 350: Number: 352; isPrime? false]" time="0"/>
  <testcase classname="core.PrimeNumberCheckerTest" name="testPrimeNumberChecker[Iteration # 351: Number: 353; isPrime? true]" time="0"/>
  <testcase classname="core.PrimeNumberCheckerTest" name="testPrimeNumberChecker[Iteration # 352: Number: 354; isPrime? false]" time="0"/>
  <testcase classname="core.PrimeNumberCheckerTest" name="testPrimeNumberChecker[Iteration # 353: Number: 355; isPrime? false]" time="0"/>
  <testcase classname="core.PrimeNumberCheckerTest" name="testPrimeNumberChecker[Iteration # 354: Number: 356; isPrime? false]" time="0"/>
  <testcase classname="core.PrimeNumberCheckerTest" name="testPrimeNumberChecker[Iteration # 355: Number: 357; isPrime? false]" time="0"/>
  <testcase classname="core.PrimeNumberCheckerTest" name="testPrimeNumberChecker[Iteration # 356: Number: 358; isPrime? false]" time="0"/>
  <testcase classname="core.PrimeNumberCheckerTest" name="testPrimeNumberChecker[Iteration # 357: Number: 359; isPrime? true]" time="0"/>
  <testcase classname="core.PrimeNumberCheckerTest" name="testPrimeNumberChecker[Iteration # 358: Number: 360; isPrime? false]" time="0"/>
  <testcase classname="core.PrimeNumberCheckerTest" name="testPrimeNumberChecker[Iteration # 359: Number: 361; isPrime? false]" time="0.001"/>
  <testcase classname="core.PrimeNumberCheckerTest" name="testPrimeNumberChecker[Iteration # 360: Number: 362; isPrime? false]" time="0.001"/>
  <testcase classname="core.PrimeNumberCheckerTest" name="testPrimeNumberChecker[Iteration # 361: Number: 363; isPrime? false]" time="0"/>
  <testcase classname="core.PrimeNumberCheckerTest" name="testPrimeNumberChecker[Iteration # 362: Number: 364; isPrime? false]" time="0"/>
  <testcase classname="core.PrimeNumberCheckerTest" name="testPrimeNumberChecker[Iteration # 363: Number: 365; isPrime? false]" time="0"/>
  <testcase classname="core.PrimeNumberCheckerTest" name="testPrimeNumberChecker[Iteration # 364: Number: 366; isPrime? false]" time="0"/>
  <testcase classname="core.PrimeNumberCheckerTest" name="testPrimeNumberChecker[Iteration # 365: Number: 367; isPrime? true]" time="0.001"/>
  <testcase classname="core.PrimeNumberCheckerTest" name="testPrimeNumberChecker[Iteration # 366: Number: 368; isPrime? false]" time="0"/>
  <testcase classname="core.PrimeNumberCheckerTest" name="testPrimeNumberChecker[Iteration # 367: Number: 369; isPrime? false]" time="0"/>
  <testcase classname="core.PrimeNumberCheckerTest" name="testPrimeNumberChecker[Iteration # 368: Number: 370; isPrime? false]" time="0"/>
  <testcase classname="core.PrimeNumberCheckerTest" name="testPrimeNumberChecker[Iteration # 369: Number: 371; isPrime? false]" time="0"/>
  <testcase classname="core.PrimeNumberCheckerTest" name="testPrimeNumberChecker[Iteration # 370: Number: 372; isPrime? false]" time="0"/>
  <testcase classname="core.PrimeNumberCheckerTest" name="testPrimeNumberChecker[Iteration # 371: Number: 373; isPrime? true]" time="0"/>
  <testcase classname="core.PrimeNumberCheckerTest" name="testPrimeNumberChecker[Iteration # 372: Number: 374; isPrime? false]" time="0"/>
  <testcase classname="core.PrimeNumberCheckerTest" name="testPrimeNumberChecker[Iteration # 373: Number: 375; isPrime? false]" time="0"/>
  <testcase classname="core.PrimeNumberCheckerTest" name="testPrimeNumberChecker[Iteration # 374: Number: 376; isPrime? false]" time="0"/>
  <testcase classname="core.PrimeNumberCheckerTest" name="testPrimeNumberChecker[Iteration # 375: Number: 377; isPrime? false]" time="0"/>
  <testcase classname="core.PrimeNumberCheckerTest" name="testPrimeNumberChecker[Iteration # 376: Number: 378; isPrime? false]" time="0"/>
  <testcase classname="core.PrimeNumberCheckerTest" name="testPrimeNumberChecker[Iteration # 377: Number: 379; isPrime? true]" time="0"/>
  <testcase classname="core.PrimeNumberCheckerTest" name="testPrimeNumberChecker[Iteration # 378: Number: 380; isPrime? false]" time="0"/>
  <testcase classname="core.PrimeNumberCheckerTest" name="testPrimeNumberChecker[Iteration # 379: Number: 381; isPrime? false]" time="0.001"/>
  <testcase classname="core.PrimeNumberCheckerTest" name="testPrimeNumberChecker[Iteration # 380: Number: 382; isPrime? false]" time="0"/>
  <testcase classname="core.PrimeNumberCheckerTest" name="testPrimeNumberChecker[Iteration # 381: Number: 383; isPrime? true]" time="0"/>
  <testcase classname="core.PrimeNumberCheckerTest" name="testPrimeNumberChecker[Iteration # 382: Number: 384; isPrime? false]" time="0"/>
  <testcase classname="core.PrimeNumberCheckerTest" name="testPrimeNumberChecker[Iteration # 383: Number: 385; isPrime? false]" time="0"/>
  <testcase classname="core.PrimeNumberCheckerTest" name="testPrimeNumberChecker[Iteration # 384: Number: 386; isPrime? false]" time="0"/>
  <testcase classname="core.PrimeNumberCheckerTest" name="testPrimeNumberChecker[Iteration # 385: Number: 387; isPrime? false]" time="0"/>
  <testcase classname="core.PrimeNumberCheckerTest" name="testPrimeNumberChecker[Iteration # 386: Number: 388; isPrime? false]" time="0"/>
  <testcase classname="core.PrimeNumberCheckerTest" name="testPrimeNumberChecker[Iteration # 387: Number: 389; isPrime? true]" time="0"/>
  <testcase classname="core.PrimeNumberCheckerTest" name="testPrimeNumberChecker[Iteration # 388: Number: 390; isPrime? false]" time="0.015"/>
  <testcase classname="core.PrimeNumberCheckerTest" name="testPrimeNumberChecker[Iteration # 389: Number: 391; isPrime? false]" time="0"/>
  <testcase classname="core.PrimeNumberCheckerTest" name="testPrimeNumberChecker[Iteration # 390: Number: 392; isPrime? false]" time="0"/>
  <testcase classname="core.PrimeNumberCheckerTest" name="testPrimeNumberChecker[Iteration # 391: Number: 393; isPrime? false]" time="0"/>
  <testcase classname="core.PrimeNumberCheckerTest" name="testPrimeNumberChecker[Iteration # 392: Number: 394; isPrime? false]" time="0.001"/>
  <testcase classname="core.PrimeNumberCheckerTest" name="testPrimeNumberChecker[Iteration # 393: Number: 395; isPrime? false]" time="0"/>
  <testcase classname="core.PrimeNumberCheckerTest" name="testPrimeNumberChecker[Iteration # 394: Number: 396; isPrime? false]" time="0"/>
  <testcase classname="core.PrimeNumberCheckerTest" name="testPrimeNumberChecker[Iteration # 395: Number: 397; isPrime? true]" time="0"/>
  <testcase classname="core.PrimeNumberCheckerTest" name="testPrimeNumberChecker[Iteration # 396: Number: 398; isPrime? false]" time="0"/>
  <testcase classname="core.PrimeNumberCheckerTest" name="testPrimeNumberChecker[Iteration # 397: Number: 399; isPrime? false]" time="0"/>
  <testcase classname="core.PrimeNumberCheckerTest" name="testPrimeNumberChecker[Iteration # 398: Number: 400; isPrime? false]" time="0"/>
  <testcase classname="core.PrimeNumberCheckerTest" name="testPrimeNumberChecker[Iteration # 399: Number: 401; isPrime? true]" time="0.001"/>
  <testcase classname="core.PrimeNumberCheckerTest" name="testPrimeNumberChecker[Iteration # 400: Number: 402; isPrime? false]" time="0"/>
  <testcase classname="core.PrimeNumberCheckerTest" name="testPrimeNumberChecker[Iteration # 401: Number: 403; isPrime? false]" time="0"/>
  <testcase classname="core.PrimeNumberCheckerTest" name="testPrimeNumberChecker[Iteration # 402: Number: 404; isPrime? false]" time="0"/>
  <testcase classname="core.PrimeNumberCheckerTest" name="testPrimeNumberChecker[Iteration # 403: Number: 405; isPrime? false]" time="0.003"/>
  <testcase classname="core.PrimeNumberCheckerTest" name="testPrimeNumberChecker[Iteration # 404: Number: 406; isPrime? false]" time="0.001"/>
  <testcase classname="core.PrimeNumberCheckerTest" name="testPrimeNumberChecker[Iteration # 405: Number: 407; isPrime? false]" time="0.001"/>
  <testcase classname="core.PrimeNumberCheckerTest" name="testPrimeNumberChecker[Iteration # 406: Number: 408; isPrime? false]" time="0"/>
  <testcase classname="core.PrimeNumberCheckerTest" name="testPrimeNumberChecker[Iteration # 407: Number: 409; isPrime? true]" time="0"/>
  <testcase classname="core.PrimeNumberCheckerTest" name="testPrimeNumberChecker[Iteration # 408: Number: 410; isPrime? false]" time="0"/>
  <testcase classname="core.PrimeNumberCheckerTest" name="testPrimeNumberChecker[Iteration # 409: Number: 411; isPrime? false]" time="0"/>
  <testcase classname="core.PrimeNumberCheckerTest" name="testPrimeNumberChecker[Iteration # 410: Number: 412; isPrime? false]" time="0"/>
  <testcase classname="core.PrimeNumberCheckerTest" name="testPrimeNumberChecker[Iteration # 411: Number: 413; isPrime? false]" time="0.001"/>
  <testcase classname="core.PrimeNumberCheckerTest" name="testPrimeNumberChecker[Iteration # 412: Number: 414; isPrime? false]" time="0"/>
  <testcase classname="core.PrimeNumberCheckerTest" name="testPrimeNumberChecker[Iteration # 413: Number: 415; isPrime? false]" time="0"/>
  <testcase classname="core.PrimeNumberCheckerTest" name="testPrimeNumberChecker[Iteration # 414: Number: 416; isPrime? false]" time="0"/>
  <testcase classname="core.PrimeNumberCheckerTest" name="testPrimeNumberChecker[Iteration # 415: Number: 417; isPrime? false]" time="0"/>
  <testcase classname="core.PrimeNumberCheckerTest" name="testPrimeNumberChecker[Iteration # 416: Number: 418; isPrime? false]" time="0"/>
  <testcase classname="core.PrimeNumberCheckerTest" name="testPrimeNumberChecker[Iteration # 417: Number: 419; isPrime? true]" time="0"/>
  <testcase classname="core.PrimeNumberCheckerTest" name="testPrimeNumberChecker[Iteration # 418: Number: 420; isPrime? false]" time="0.001"/>
  <testcase classname="core.PrimeNumberCheckerTest" name="testPrimeNumberChecker[Iteration # 419: Number: 421; isPrime? true]" time="0"/>
  <testcase classname="core.PrimeNumberCheckerTest" name="testPrimeNumberChecker[Iteration # 420: Number: 422; isPrime? false]" time="0"/>
  <testcase classname="core.PrimeNumberCheckerTest" name="testPrimeNumberChecker[Iteration # 421: Number: 423; isPrime? false]" time="0.002"/>
  <testcase classname="core.PrimeNumberCheckerTest" name="testPrimeNumberChecker[Iteration # 422: Number: 424; isPrime? false]" time="0"/>
  <testcase classname="core.PrimeNumberCheckerTest" name="testPrimeNumberChecker[Iteration # 423: Number: 425; isPrime? false]" time="0"/>
  <testcase classname="core.PrimeNumberCheckerTest" name="testPrimeNumberChecker[Iteration # 424: Number: 426; isPrime? false]" time="0"/>
  <testcase classname="core.PrimeNumberCheckerTest" name="testPrimeNumberChecker[Iteration # 425: Number: 427; isPrime? false]" time="0"/>
  <testcase classname="core.PrimeNumberCheckerTest" name="testPrimeNumberChecker[Iteration # 426: Number: 428; isPrime? false]" time="0"/>
  <testcase classname="core.PrimeNumberCheckerTest" name="testPrimeNumberChecker[Iteration # 427: Number: 429; isPrime? false]" time="0"/>
  <testcase classname="core.PrimeNumberCheckerTest" name="testPrimeNumberChecker[Iteration # 428: Number: 430; isPrime? false]" time="0"/>
  <testcase classname="core.PrimeNumberCheckerTest" name="testPrimeNumberChecker[Iteration # 429: Number: 431; isPrime? true]" time="0"/>
  <testcase classname="core.PrimeNumberCheckerTest" name="testPrimeNumberChecker[Iteration # 430: Number: 432; isPrime? false]" time="0"/>
  <testcase classname="core.PrimeNumberCheckerTest" name="testPrimeNumberChecker[Iteration # 431: Number: 433; isPrime? true]" time="0"/>
  <testcase classname="core.PrimeNumberCheckerTest" name="testPrimeNumberChecker[Iteration # 432: Number: 434; isPrime? false]" time="0.001"/>
  <testcase classname="core.PrimeNumberCheckerTest" name="testPrimeNumberChecker[Iteration # 433: Number: 435; isPrime? false]" time="0"/>
  <testcase classname="core.PrimeNumberCheckerTest" name="testPrimeNumberChecker[Iteration # 434: Number: 436; isPrime? false]" time="0"/>
  <testcase classname="core.PrimeNumberCheckerTest" name="testPrimeNumberChecker[Iteration # 435: Number: 437; isPrime? false]" time="0"/>
  <testcase classname="core.PrimeNumberCheckerTest" name="testPrimeNumberChecker[Iteration # 436: Number: 438; isPrime? false]" time="0"/>
  <testcase classname="core.PrimeNumberCheckerTest" name="testPrimeNumberChecker[Iteration # 437: Number: 439; isPrime? true]" time="0"/>
  <testcase classname="core.PrimeNumberCheckerTest" name="testPrimeNumberChecker[Iteration # 438: Number: 440; isPrime? false]" time="0"/>
  <testcase classname="core.PrimeNumberCheckerTest" name="testPrimeNumberChecker[Iteration # 439: Number: 441; isPrime? false]" time="0"/>
  <testcase classname="core.PrimeNumberCheckerTest" name="testPrimeNumberChecker[Iteration # 440: Number: 442; isPrime? false]" time="0"/>
  <testcase classname="core.PrimeNumberCheckerTest" name="testPrimeNumberChecker[Iteration # 441: Number: 443; isPrime? true]" time="0"/>
  <testcase classname="core.PrimeNumberCheckerTest" name="testPrimeNumberChecker[Iteration # 442: Number: 444; isPrime? false]" time="0"/>
  <testcase classname="core.PrimeNumberCheckerTest" name="testPrimeNumberChecker[Iteration # 443: Number: 445; isPrime? false]" time="0"/>
  <testcase classname="core.PrimeNumberCheckerTest" name="testPrimeNumberChecker[Iteration # 444: Number: 446; isPrime? false]" time="0"/>
  <testcase classname="core.PrimeNumberCheckerTest" name="testPrimeNumberChecker[Iteration # 445: Number: 447; isPrime? false]" time="0"/>
  <testcase classname="core.PrimeNumberCheckerTest" name="testPrimeNumberChecker[Iteration # 446: Number: 448; isPrime? false]" time="0"/>
  <testcase classname="core.PrimeNumberCheckerTest" name="testPrimeNumberChecker[Iteration # 447: Number: 449; isPrime? true]" time="0"/>
  <testcase classname="core.PrimeNumberCheckerTest" name="testPrimeNumberChecker[Iteration # 448: Number: 450; isPrime? false]" time="0"/>
  <testcase classname="core.PrimeNumberCheckerTest" name="testPrimeNumberChecker[Iteration # 449: Number: 451; isPrime? false]" time="0"/>
  <testcase classname="core.PrimeNumberCheckerTest" name="testPrimeNumberChecker[Iteration # 450: Number: 452; isPrime? false]" time="0.001"/>
  <testcase classname="core.PrimeNumberCheckerTest" name="testPrimeNumberChecker[Iteration # 451: Number: 453; isPrime? false]" time="0"/>
  <testcase classname="core.PrimeNumberCheckerTest" name="testPrimeNumberChecker[Iteration # 452: Number: 454; isPrime? false]" time="0"/>
  <testcase classname="core.PrimeNumberCheckerTest" name="testPrimeNumberChecker[Iteration # 453: Number: 455; isPrime? false]" time="0"/>
  <testcase classname="core.PrimeNumberCheckerTest" name="testPrimeNumberChecker[Iteration # 454: Number: 456; isPrime? false]" time="0"/>
  <testcase classname="core.PrimeNumberCheckerTest" name="testPrimeNumberChecker[Iteration # 455: Number: 457; isPrime? true]" time="0"/>
  <testcase classname="core.PrimeNumberCheckerTest" name="testPrimeNumberChecker[Iteration # 456: Number: 458; isPrime? false]" time="0.001"/>
  <testcase classname="core.PrimeNumberCheckerTest" name="testPrimeNumberChecker[Iteration # 457: Number: 459; isPrime? false]" time="0"/>
  <testcase classname="core.PrimeNumberCheckerTest" name="testPrimeNumberChecker[Iteration # 458: Number: 460; isPrime? false]" time="0"/>
  <testcase classname="core.PrimeNumberCheckerTest" name="testPrimeNumberChecker[Iteration # 459: Number: 461; isPrime? true]" time="0"/>
  <testcase classname="core.PrimeNumberCheckerTest" name="testPrimeNumberChecker[Iteration # 460: Number: 462; isPrime? false]" time="0"/>
  <testcase classname="core.PrimeNumberCheckerTest" name="testPrimeNumberChecker[Iteration # 461: Number: 463; isPrime? true]" time="0"/>
  <testcase classname="core.PrimeNumberCheckerTest" name="testPrimeNumberChecker[Iteration # 462: Number: 464; isPrime? false]" time="0"/>
  <testcase classname="core.PrimeNumberCheckerTest" name="testPrimeNumberChecker[Iteration # 463: Number: 465; isPrime? false]" time="0"/>
  <testcase classname="core.PrimeNumberCheckerTest" name="testPrimeNumberChecker[Iteration # 464: Number: 466; isPrime? false]" time="0"/>
  <testcase classname="core.PrimeNumberCheckerTest" name="testPrimeNumberChecker[Iteration # 465: Number: 467; isPrime? true]" time="0"/>
  <testcase classname="core.PrimeNumberCheckerTest" name="testPrimeNumberChecker[Iteration # 466: Number: 468; isPrime? false]" time="0"/>
  <testcase classname="core.PrimeNumberCheckerTest" name="testPrimeNumberChecker[Iteration # 467: Number: 469; isPrime? false]" time="0"/>
  <testcase classname="core.PrimeNumberCheckerTest" name="testPrimeNumberChecker[Iteration # 468: Number: 470; isPrime? false]" time="0.001"/>
  <testcase classname="core.PrimeNumberCheckerTest" name="testPrimeNumberChecker[Iteration # 469: Number: 471; isPrime? false]" time="0"/>
  <testcase classname="core.PrimeNumberCheckerTest" name="testPrimeNumberChecker[Iteration # 470: Number: 472; isPrime? false]" time="0"/>
  <testcase classname="core.PrimeNumberCheckerTest" name="testPrimeNumberChecker[Iteration # 471: Number: 473; isPrime? false]" time="0"/>
  <testcase classname="core.PrimeNumberCheckerTest" name="testPrimeNumberChecker[Iteration # 472: Number: 474; isPrime? false]" time="0"/>
  <testcase classname="core.PrimeNumberCheckerTest" name="testPrimeNumberChecker[Iteration # 473: Number: 475; isPrime? false]" time="0.001"/>
  <testcase classname="core.PrimeNumberCheckerTest" name="testPrimeNumberChecker[Iteration # 474: Number: 476; isPrime? false]" time="0"/>
  <testcase classname="core.PrimeNumberCheckerTest" name="testPrimeNumberChecker[Iteration # 475: Number: 477; isPrime? false]" time="0"/>
  <testcase classname="core.PrimeNumberCheckerTest" name="testPrimeNumberChecker[Iteration # 476: Number: 478; isPrime? false]" time="0"/>
  <testcase classname="core.PrimeNumberCheckerTest" name="testPrimeNumberChecker[Iteration # 477: Number: 479; isPrime? true]" time="0"/>
  <testcase classname="core.PrimeNumberCheckerTest" name="testPrimeNumberChecker[Iteration # 478: Number: 480; isPrime? false]" time="0.001"/>
  <testcase classname="core.PrimeNumberCheckerTest" name="testPrimeNumberChecker[Iteration # 479: Number: 481; isPrime? false]" time="0"/>
  <testcase classname="core.PrimeNumberCheckerTest" name="testPrimeNumberChecker[Iteration # 480: Number: 482; isPrime? false]" time="0"/>
  <testcase classname="core.PrimeNumberCheckerTest" name="testPrimeNumberChecker[Iteration # 481: Number: 483; isPrime? false]" time="0"/>
  <testcase classname="core.PrimeNumberCheckerTest" name="testPrimeNumberChecker[Iteration # 482: Number: 484; isPrime? false]" time="0"/>
  <testcase classname="core.PrimeNumberCheckerTest" name="testPrimeNumberChecker[Iteration # 483: Number: 485; isPrime? false]" time="0"/>
  <testcase classname="core.PrimeNumberCheckerTest" name="testPrimeNumberChecker[Iteration # 484: Number: 486; isPrime? false]" time="0"/>
  <testcase classname="core.PrimeNumberCheckerTest" name="testPrimeNumberChecker[Iteration # 485: Number: 487; isPrime? true]" time="0"/>
  <testcase classname="core.PrimeNumberCheckerTest" name="testPrimeNumberChecker[Iteration # 486: Number: 488; isPrime? false]" time="0"/>
  <testcase classname="core.PrimeNumberCheckerTest" name="testPrimeNumberChecker[Iteration # 487: Number: 489; isPrime? false]" time="0"/>
  <testcase classname="core.PrimeNumberCheckerTest" name="testPrimeNumberChecker[Iteration # 488: Number: 490; isPrime? false]" time="0.001"/>
  <testcase classname="core.PrimeNumberCheckerTest" name="testPrimeNumberChecker[Iteration # 489: Number: 491; isPrime? true]" time="0"/>
  <testcase classname="core.PrimeNumberCheckerTest" name="testPrimeNumberChecker[Iteration # 490: Number: 492; isPrime? false]" time="0.001"/>
  <testcase classname="core.PrimeNumberCheckerTest" name="testPrimeNumberChecker[Iteration # 491: Number: 493; isPrime? false]" time="0"/>
  <testcase classname="core.PrimeNumberCheckerTest" name="testPrimeNumberChecker[Iteration # 492: Number: 494; isPrime? false]" time="0"/>
  <testcase classname="core.PrimeNumberCheckerTest" name="testPrimeNumberChecker[Iteration # 493: Number: 495; isPrime? false]" time="0.004"/>
  <testcase classname="core.PrimeNumberCheckerTest" name="testPrimeNumberChecker[Iteration # 494: Number: 496; isPrime? false]" time="0"/>
  <testcase classname="core.PrimeNumberCheckerTest" name="testPrimeNumberChecker[Iteration # 495: Number: 497; isPrime? false]" time="0"/>
  <testcase classname="core.PrimeNumberCheckerTest" name="testPrimeNumberChecker[Iteration # 496: Number: 498; isPrime? false]" time="0"/>
  <testcase classname="core.PrimeNumberCheckerTest" name="testPrimeNumberChecker[Iteration # 497: Number: 499; isPrime? true]" time="0"/>
  <testcase classname="core.PrimeNumberCheckerTest" name="testPrimeNumberChecker[Iteration # 498: Number: 500; isPrime? false]" time="0"/>
  <testcase classname="core.PrimeNumberCheckerTest" name="testPrimeNumberChecker[Iteration # 499: Number: 501; isPrime? false]" time="0.001"/>
  <testcase classname="core.PrimeNumberCheckerTest" name="testPrimeNumberChecker[Iteration # 500: Number: 502; isPrime? false]" time="0"/>
  <testcase classname="core.PrimeNumberCheckerTest" name="testPrimeNumberChecker[Iteration # 501: Number: 503; isPrime? true]" time="0"/>
  <testcase classname="core.PrimeNumberCheckerTest" name="testPrimeNumberChecker[Iteration # 502: Number: 504; isPrime? false]" time="0"/>
  <testcase classname="core.PrimeNumberCheckerTest" name="testPrimeNumberChecker[Iteration # 503: Number: 505; isPrime? false]" time="0"/>
  <testcase classname="core.PrimeNumberCheckerTest" name="testPrimeNumberChecker[Iteration # 504: Number: 506; isPrime? false]" time="0"/>
  <testcase classname="core.PrimeNumberCheckerTest" name="testPrimeNumberChecker[Iteration # 505: Number: 507; isPrime? false]" time="0"/>
  <testcase classname="core.PrimeNumberCheckerTest" name="testPrimeNumberChecker[Iteration # 506: Number: 508; isPrime? false]" time="0"/>
  <testcase classname="core.PrimeNumberCheckerTest" name="testPrimeNumberChecker[Iteration # 507: Number: 509; isPrime? true]" time="0"/>
  <testcase classname="core.PrimeNumberCheckerTest" name="testPrimeNumberChecker[Iteration # 508: Number: 510; isPrime? false]" time="0"/>
  <testcase classname="core.PrimeNumberCheckerTest" name="testPrimeNumberChecker[Iteration # 509: Number: 511; isPrime? false]" time="0"/>
  <testcase classname="core.PrimeNumberCheckerTest" name="testPrimeNumberChecker[Iteration # 510: Number: 512; isPrime? false]" time="0"/>
  <testcase classname="core.PrimeNumberCheckerTest" name="testPrimeNumberChecker[Iteration # 511: Number: 513; isPrime? false]" time="0.001"/>
  <testcase classname="core.PrimeNumberCheckerTest" name="testPrimeNumberChecker[Iteration # 512: Number: 514; isPrime? false]" time="0"/>
  <testcase classname="core.PrimeNumberCheckerTest" name="testPrimeNumberChecker[Iteration # 513: Number: 515; isPrime? false]" time="0"/>
  <testcase classname="core.PrimeNumberCheckerTest" name="testPrimeNumberChecker[Iteration # 514: Number: 516; isPrime? false]" time="0"/>
  <testcase classname="core.PrimeNumberCheckerTest" name="testPrimeNumberChecker[Iteration # 515: Number: 517; isPrime? false]" time="0"/>
  <testcase classname="core.PrimeNumberCheckerTest" name="testPrimeNumberChecker[Iteration # 516: Number: 518; isPrime? false]" time="0"/>
  <testcase classname="core.PrimeNumberCheckerTest" name="testPrimeNumberChecker[Iteration # 517: Number: 519; isPrime? false]" time="0"/>
  <testcase classname="core.PrimeNumberCheckerTest" name="testPrimeNumberChecker[Iteration # 518: Number: 520; isPrime? false]" time="0"/>
  <testcase classname="core.PrimeNumberCheckerTest" name="testPrimeNumberChecker[Iteration # 519: Number: 521; isPrime? true]" time="0"/>
  <testcase classname="core.PrimeNumberCheckerTest" name="testPrimeNumberChecker[Iteration # 520: Number: 522; isPrime? false]" time="0"/>
  <testcase classname="core.PrimeNumberCheckerTest" name="testPrimeNumberChecker[Iteration # 521: Number: 523; isPrime? true]" time="0"/>
  <testcase classname="core.PrimeNumberCheckerTest" name="testPrimeNumberChecker[Iteration # 522: Number: 524; isPrime? false]" time="0.001"/>
  <testcase classname="core.PrimeNumberCheckerTest" name="testPrimeNumberChecker[Iteration # 523: Number: 525; isPrime? false]" time="0"/>
  <testcase classname="core.PrimeNumberCheckerTest" name="testPrimeNumberChecker[Iteration # 524: Number: 526; isPrime? false]" time="0"/>
  <testcase classname="core.PrimeNumberCheckerTest" name="testPrimeNumberChecker[Iteration # 525: Number: 527; isPrime? false]" time="0.001"/>
  <testcase classname="core.PrimeNumberCheckerTest" name="testPrimeNumberChecker[Iteration # 526: Number: 528; isPrime? false]" time="0"/>
  <testcase classname="core.PrimeNumberCheckerTest" name="testPrimeNumberChecker[Iteration # 527: Number: 529; isPrime? false]" time="0"/>
  <testcase classname="core.PrimeNumberCheckerTest" name="testPrimeNumberChecker[Iteration # 528: Number: 530; isPrime? false]" time="0"/>
  <testcase classname="core.PrimeNumberCheckerTest" name="testPrimeNumberChecker[Iteration # 529: Number: 531; isPrime? false]" time="0"/>
  <testcase classname="core.PrimeNumberCheckerTest" name="testPrimeNumberChecker[Iteration # 530: Number: 532; isPrime? false]" time="0"/>
  <testcase classname="core.PrimeNumberCheckerTest" name="testPrimeNumberChecker[Iteration # 531: Number: 533; isPrime? false]" time="0.001"/>
  <testcase classname="core.PrimeNumberCheckerTest" name="testPrimeNumberChecker[Iteration # 532: Number: 534; isPrime? false]" time="0.002"/>
  <testcase classname="core.PrimeNumberCheckerTest" name="testPrimeNumberChecker[Iteration # 533: Number: 535; isPrime? false]" time="0"/>
  <testcase classname="core.PrimeNumberCheckerTest" name="testPrimeNumberChecker[Iteration # 534: Number: 536; isPrime? false]" time="0.001"/>
  <testcase classname="core.PrimeNumberCheckerTest" name="testPrimeNumberChecker[Iteration # 535: Number: 537; isPrime? false]" time="0"/>
  <testcase classname="core.PrimeNumberCheckerTest" name="testPrimeNumberChecker[Iteration # 536: Number: 538; isPrime? false]" time="0.001"/>
  <testcase classname="core.PrimeNumberCheckerTest" name="testPrimeNumberChecker[Iteration # 537: Number: 539; isPrime? false]" time="0"/>
  <testcase classname="core.PrimeNumberCheckerTest" name="testPrimeNumberChecker[Iteration # 538: Number: 540; isPrime? false]" time="0.001"/>
  <testcase classname="core.PrimeNumberCheckerTest" name="testPrimeNumberChecker[Iteration # 539: Number: 541; isPrime? true]" time="0.001"/>
  <testcase classname="core.PrimeNumberCheckerTest" name="testPrimeNumberChecker[Iteration # 540: Number: 542; isPrime? false]" time="0"/>
  <testcase classname="core.PrimeNumberCheckerTest" name="testPrimeNumberChecker[Iteration # 541: Number: 543; isPrime? false]" time="0"/>
  <testcase classname="core.PrimeNumberCheckerTest" name="testPrimeNumberChecker[Iteration # 542: Number: 544; isPrime? false]" time="0"/>
  <testcase classname="core.PrimeNumberCheckerTest" name="testPrimeNumberChecker[Iteration # 543: Number: 545; isPrime? false]" time="0"/>
  <testcase classname="core.PrimeNumberCheckerTest" name="testPrimeNumberChecker[Iteration # 544: Number: 546; isPrime? false]" time="0"/>
  <testcase classname="core.PrimeNumberCheckerTest" name="testPrimeNumberChecker[Iteration # 545: Number: 547; isPrime? true]" time="0"/>
  <testcase classname="core.PrimeNumberCheckerTest" name="testPrimeNumberChecker[Iteration # 546: Number: 548; isPrime? false]" time="0"/>
  <testcase classname="core.PrimeNumberCheckerTest" name="testPrimeNumberChecker[Iteration # 547: Number: 549; isPrime? false]" time="0.001"/>
  <testcase classname="core.PrimeNumberCheckerTest" name="testPrimeNumberChecker[Iteration # 548: Number: 550; isPrime? false]" time="0"/>
  <testcase classname="core.PrimeNumberCheckerTest" name="testPrimeNumberChecker[Iteration # 549: Number: 551; isPrime? false]" time="0"/>
  <testcase classname="core.PrimeNumberCheckerTest" name="testPrimeNumberChecker[Iteration # 550: Number: 552; isPrime? false]" time="0"/>
  <testcase classname="core.PrimeNumberCheckerTest" name="testPrimeNumberChecker[Iteration # 551: Number: 553; isPrime? false]" time="0"/>
  <testcase classname="core.PrimeNumberCheckerTest" name="testPrimeNumberChecker[Iteration # 552: Number: 554; isPrime? false]" time="0"/>
  <testcase classname="core.PrimeNumberCheckerTest" name="testPrimeNumberChecker[Iteration # 553: Number: 555; isPrime? false]" time="0.001"/>
  <testcase classname="core.PrimeNumberCheckerTest" name="testPrimeNumberChecker[Iteration # 554: Number: 556; isPrime? false]" time="0"/>
  <testcase classname="core.PrimeNumberCheckerTest" name="testPrimeNumberChecker[Iteration # 555: Number: 557; isPrime? true]" time="0"/>
  <testcase classname="core.PrimeNumberCheckerTest" name="testPrimeNumberChecker[Iteration # 556: Number: 558; isPrime? false]" time="0"/>
  <testcase classname="core.PrimeNumberCheckerTest" name="testPrimeNumberChecker[Iteration # 557: Number: 559; isPrime? false]" time="0"/>
  <testcase classname="core.PrimeNumberCheckerTest" name="testPrimeNumberChecker[Iteration # 558: Number: 560; isPrime? false]" time="0"/>
  <testcase classname="core.PrimeNumberCheckerTest" name="testPrimeNumberChecker[Iteration # 559: Number: 561; isPrime? false]" time="0"/>
  <testcase classname="core.PrimeNumberCheckerTest" name="testPrimeNumberChecker[Iteration # 560: Number: 562; isPrime? false]" time="0"/>
  <testcase classname="core.PrimeNumberCheckerTest" name="testPrimeNumberChecker[Iteration # 561: Number: 563; isPrime? true]" time="0"/>
  <testcase classname="core.PrimeNumberCheckerTest" name="testPrimeNumberChecker[Iteration # 562: Number: 564; isPrime? false]" time="0"/>
  <testcase classname="core.PrimeNumberCheckerTest" name="testPrimeNumberChecker[Iteration # 563: Number: 565; isPrime? false]" time="0"/>
  <testcase classname="core.PrimeNumberCheckerTest" name="testPrimeNumberChecker[Iteration # 564: Number: 566; isPrime? false]" time="0"/>
  <testcase classname="core.PrimeNumberCheckerTest" name="testPrimeNumberChecker[Iteration # 565: Number: 567; isPrime? false]" time="0"/>
  <testcase classname="core.PrimeNumberCheckerTest" name="testPrimeNumberChecker[Iteration # 566: Number: 568; isPrime? false]" time="0"/>
  <testcase classname="core.PrimeNumberCheckerTest" name="testPrimeNumberChecker[Iteration # 567: Number: 569; isPrime? true]" time="0"/>
  <testcase classname="core.PrimeNumberCheckerTest" name="testPrimeNumberChecker[Iteration # 568: Number: 570; isPrime? false]" time="0"/>
  <testcase classname="core.PrimeNumberCheckerTest" name="testPrimeNumberChecker[Iteration # 569: Number: 571; isPrime? true]" time="0"/>
  <testcase classname="core.PrimeNumberCheckerTest" name="testPrimeNumberChecker[Iteration # 570: Number: 572; isPrime? false]" time="0.001"/>
  <testcase classname="core.PrimeNumberCheckerTest" name="testPrimeNumberChecker[Iteration # 571: Number: 573; isPrime? false]" time="0"/>
  <testcase classname="core.PrimeNumberCheckerTest" name="testPrimeNumberChecker[Iteration # 572: Number: 574; isPrime? false]" time="0"/>
  <testcase classname="core.PrimeNumberCheckerTest" name="testPrimeNumberChecker[Iteration # 573: Number: 575; isPrime? false]" time="0"/>
  <testcase classname="core.PrimeNumberCheckerTest" name="testPrimeNumberChecker[Iteration # 574: Number: 576; isPrime? false]" time="0"/>
  <testcase classname="core.PrimeNumberCheckerTest" name="testPrimeNumberChecker[Iteration # 575: Number: 577; isPrime? true]" time="0"/>
  <testcase classname="core.PrimeNumberCheckerTest" name="testPrimeNumberChecker[Iteration # 576: Number: 578; isPrime? false]" time="0"/>
  <testcase classname="core.PrimeNumberCheckerTest" name="testPrimeNumberChecker[Iteration # 577: Number: 579; isPrime? false]" time="0"/>
  <testcase classname="core.PrimeNumberCheckerTest" name="testPrimeNumberChecker[Iteration # 578: Number: 580; isPrime? false]" time="0.001"/>
  <testcase classname="core.PrimeNumberCheckerTest" name="testPrimeNumberChecker[Iteration # 579: Number: 581; isPrime? false]" time="0"/>
  <testcase classname="core.PrimeNumberCheckerTest" name="testPrimeNumberChecker[Iteration # 580: Number: 582; isPrime? false]" time="0"/>
  <testcase classname="core.PrimeNumberCheckerTest" name="testPrimeNumberChecker[Iteration # 581: Number: 583; isPrime? false]" time="0"/>
  <testcase classname="core.PrimeNumberCheckerTest" name="testPrimeNumberChecker[Iteration # 582: Number: 584; isPrime? false]" time="0"/>
  <testcase classname="core.PrimeNumberCheckerTest" name="testPrimeNumberChecker[Iteration # 583: Number: 585; isPrime? false]" time="0"/>
  <testcase classname="core.PrimeNumberCheckerTest" name="testPrimeNumberChecker[Iteration # 584: Number: 586; isPrime? false]" time="0"/>
  <testcase classname="core.PrimeNumberCheckerTest" name="testPrimeNumberChecker[Iteration # 585: Number: 587; isPrime? true]" time="0"/>
  <testcase classname="core.PrimeNumberCheckerTest" name="testPrimeNumberChecker[Iteration # 586: Number: 588; isPrime? false]" time="0"/>
  <testcase classname="core.PrimeNumberCheckerTest" name="testPrimeNumberChecker[Iteration # 587: Number: 589; isPrime? false]" time="0"/>
  <testcase classname="core.PrimeNumberCheckerTest" name="testPrimeNumberChecker[Iteration # 588: Number: 590; isPrime? false]" time="0"/>
  <testcase classname="core.PrimeNumberCheckerTest" name="testPrimeNumberChecker[Iteration # 589: Number: 591; isPrime? false]" time="0"/>
  <testcase classname="core.PrimeNumberCheckerTest" name="testPrimeNumberChecker[Iteration # 590: Number: 592; isPrime? false]" time="0"/>
  <testcase classname="core.PrimeNumberCheckerTest" name="testPrimeNumberChecker[Iteration # 591: Number: 593; isPrime? true]" time="0"/>
  <testcase classname="core.PrimeNumberCheckerTest" name="testPrimeNumberChecker[Iteration # 592: Number: 594; isPrime? false]" time="0"/>
  <testcase classname="core.PrimeNumberCheckerTest" name="testPrimeNumberChecker[Iteration # 593: Number: 595; isPrime? false]" time="0"/>
  <testcase classname="core.PrimeNumberCheckerTest" name="testPrimeNumberChecker[Iteration # 594: Number: 596; isPrime? false]" time="0.001"/>
  <testcase classname="core.PrimeNumberCheckerTest" name="testPrimeNumberChecker[Iteration # 595: Number: 597; isPrime? false]" time="0"/>
  <testcase classname="core.PrimeNumberCheckerTest" name="testPrimeNumberChecker[Iteration # 596: Number: 598; isPrime? false]" time="0"/>
  <testcase classname="core.PrimeNumberCheckerTest" name="testPrimeNumberChecker[Iteration # 597: Number: 599; isPrime? true]" time="0"/>
  <testcase classname="core.PrimeNumberCheckerTest" name="testPrimeNumberChecker[Iteration # 598: Number: 600; isPrime? false]" time="0"/>
  <testcase classname="core.PrimeNumberCheckerTest" name="testPrimeNumberChecker[Iteration # 599: Number: 601; isPrime? true]" time="0"/>
  <testcase classname="core.PrimeNumberCheckerTest" name="testPrimeNumberChecker[Iteration # 600: Number: 602; isPrime? false]" time="0"/>
  <testcase classname="core.PrimeNumberCheckerTest" name="testPrimeNumberChecker[Iteration # 601: Number: 603; isPrime? false]" time="0.003"/>
  <testcase classname="core.PrimeNumberCheckerTest" name="testPrimeNumberChecker[Iteration # 602: Number: 604; isPrime? false]" time="0"/>
  <testcase classname="core.PrimeNumberCheckerTest" name="testPrimeNumberChecker[Iteration # 603: Number: 605; isPrime? false]" time="0"/>
  <testcase classname="core.PrimeNumberCheckerTest" name="testPrimeNumberChecker[Iteration # 604: Number: 606; isPrime? false]" time="0"/>
  <testcase classname="core.PrimeNumberCheckerTest" name="testPrimeNumberChecker[Iteration # 605: Number: 607; isPrime? true]" time="0"/>
  <testcase classname="core.PrimeNumberCheckerTest" name="testPrimeNumberChecker[Iteration # 606: Number: 608; isPrime? false]" time="0"/>
  <testcase classname="core.PrimeNumberCheckerTest" name="testPrimeNumberChecker[Iteration # 607: Number: 609; isPrime? false]" time="0"/>
  <testcase classname="core.PrimeNumberCheckerTest" name="testPrimeNumberChecker[Iteration # 608: Number: 610; isPrime? false]" time="0"/>
  <testcase classname="core.PrimeNumberCheckerTest" name="testPrimeNumberChecker[Iteration # 609: Number: 611; isPrime? false]" time="0"/>
  <testcase classname="core.PrimeNumberCheckerTest" name="testPrimeNumberChecker[Iteration # 610: Number: 612; isPrime? false]" time="0"/>
  <testcase classname="core.PrimeNumberCheckerTest" name="testPrimeNumberChecker[Iteration # 611: Number: 613; isPrime? true]" time="0"/>
  <testcase classname="core.PrimeNumberCheckerTest" name="testPrimeNumberChecker[Iteration # 612: Number: 614; isPrime? false]" time="0"/>
  <testcase classname="core.PrimeNumberCheckerTest" name="testPrimeNumberChecker[Iteration # 613: Number: 615; isPrime? false]" time="0"/>
  <testcase classname="core.PrimeNumberCheckerTest" name="testPrimeNumberChecker[Iteration # 614: Number: 616; isPrime? false]" time="0"/>
  <testcase classname="core.PrimeNumberCheckerTest" name="testPrimeNumberChecker[Iteration # 615: Number: 617; isPrime? true]" time="0"/>
  <testcase classname="core.PrimeNumberCheckerTest" name="testPrimeNumberChecker[Iteration # 616: Number: 618; isPrime? false]" time="0"/>
  <testcase classname="core.PrimeNumberCheckerTest" name="testPrimeNumberChecker[Iteration # 617: Number: 619; isPrime? true]" time="0.001"/>
  <testcase classname="core.PrimeNumberCheckerTest" name="testPrimeNumberChecker[Iteration # 618: Number: 620; isPrime? false]" time="0"/>
  <testcase classname="core.PrimeNumberCheckerTest" name="testPrimeNumberChecker[Iteration # 619: Number: 621; isPrime? false]" time="0"/>
  <testcase classname="core.PrimeNumberCheckerTest" name="testPrimeNumberChecker[Iteration # 620: Number: 622; isPrime? false]" time="0"/>
  <testcase classname="core.PrimeNumberCheckerTest" name="testPrimeNumberChecker[Iteration # 621: Number: 623; isPrime? false]" time="0"/>
  <testcase classname="core.PrimeNumberCheckerTest" name="testPrimeNumberChecker[Iteration # 622: Number: 624; isPrime? false]" time="0"/>
  <testcase classname="core.PrimeNumberCheckerTest" name="testPrimeNumberChecker[Iteration # 623: Number: 625; isPrime? false]" time="0"/>
  <testcase classname="core.PrimeNumberCheckerTest" name="testPrimeNumberChecker[Iteration # 624: Number: 626; isPrime? false]" time="0"/>
  <testcase classname="core.PrimeNumberCheckerTest" name="testPrimeNumberChecker[Iteration # 625: Number: 627; isPrime? false]" time="0.001"/>
  <testcase classname="core.PrimeNumberCheckerTest" name="testPrimeNumberChecker[Iteration # 626: Number: 628; isPrime? false]" time="0"/>
  <testcase classname="core.PrimeNumberCheckerTest" name="testPrimeNumberChecker[Iteration # 627: Number: 629; isPrime? false]" time="0.006"/>
  <testcase classname="core.PrimeNumberCheckerTest" name="testPrimeNumberChecker[Iteration # 628: Number: 630; isPrime? false]" time="0"/>
  <testcase classname="core.PrimeNumberCheckerTest" name="testPrimeNumberChecker[Iteration # 629: Number: 631; isPrime? true]" time="0"/>
  <testcase classname="core.PrimeNumberCheckerTest" name="testPrimeNumberChecker[Iteration # 630: Number: 632; isPrime? false]" time="0"/>
  <testcase classname="core.PrimeNumberCheckerTest" name="testPrimeNumberChecker[Iteration # 631: Number: 633; isPrime? false]" time="0"/>
  <testcase classname="core.PrimeNumberCheckerTest" name="testPrimeNumberChecker[Iteration # 632: Number: 634; isPrime? false]" time="0"/>
  <testcase classname="core.PrimeNumberCheckerTest" name="testPrimeNumberChecker[Iteration # 633: Number: 635; isPrime? false]" time="0"/>
  <testcase classname="core.PrimeNumberCheckerTest" name="testPrimeNumberChecker[Iteration # 634: Number: 636; isPrime? false]" time="0"/>
  <testcase classname="core.PrimeNumberCheckerTest" name="testPrimeNumberChecker[Iteration # 635: Number: 637; isPrime? false]" time="0"/>
  <testcase classname="core.PrimeNumberCheckerTest" name="testPrimeNumberChecker[Iteration # 636: Number: 638; isPrime? false]" time="0"/>
  <testcase classname="core.PrimeNumberCheckerTest" name="testPrimeNumberChecker[Iteration # 637: Number: 639; isPrime? false]" time="0"/>
  <testcase classname="core.PrimeNumberCheckerTest" name="testPrimeNumberChecker[Iteration # 638: Number: 640; isPrime? false]" time="0"/>
  <testcase classname="core.PrimeNumberCheckerTest" name="testPrimeNumberChecker[Iteration # 639: Number: 641; isPrime? true]" time="0"/>
  <testcase classname="core.PrimeNumberCheckerTest" name="testPrimeNumberChecker[Iteration # 640: Number: 642; isPrime? false]" time="0"/>
  <testcase classname="core.PrimeNumberCheckerTest" name="testPrimeNumberChecker[Iteration # 641: Number: 643; isPrime? true]" time="0"/>
  <testcase classname="core.PrimeNumberCheckerTest" name="testPrimeNumberChecker[Iteration # 642: Number: 644; isPrime? false]" time="0"/>
  <testcase classname="core.PrimeNumberCheckerTest" name="testPrimeNumberChecker[Iteration # 643: Number: 645; isPrime? false]" time="0"/>
  <testcase classname="core.PrimeNumberCheckerTest" name="testPrimeNumberChecker[Iteration # 644: Number: 646; isPrime? false]" time="0"/>
  <testcase classname="core.PrimeNumberCheckerTest" name="testPrimeNumberChecker[Iteration # 645: Number: 647; isPrime? true]" time="0"/>
  <testcase classname="core.PrimeNumberCheckerTest" name="testPrimeNumberChecker[Iteration # 646: Number: 648; isPrime? false]" time="0"/>
  <testcase classname="core.PrimeNumberCheckerTest" name="testPrimeNumberChecker[Iteration # 647: Number: 649; isPrime? false]" time="0"/>
  <testcase classname="core.PrimeNumberCheckerTest" name="testPrimeNumberChecker[Iteration # 648: Number: 650; isPrime? false]" time="0"/>
  <testcase classname="core.PrimeNumberCheckerTest" name="testPrimeNumberChecker[Iteration # 649: Number: 651; isPrime? false]" time="0"/>
  <testcase classname="core.PrimeNumberCheckerTest" name="testPrimeNumberChecker[Iteration # 650: Number: 652; isPrime? false]" time="0.001"/>
  <testcase classname="core.PrimeNumberCheckerTest" name="testPrimeNumberChecker[Iteration # 651: Number: 653; isPrime? true]" time="0"/>
  <testcase classname="core.PrimeNumberCheckerTest" name="testPrimeNumberChecker[Iteration # 652: Number: 654; isPrime? false]" time="0"/>
  <testcase classname="core.PrimeNumberCheckerTest" name="testPrimeNumberChecker[Iteration # 653: Number: 655; isPrime? false]" time="0"/>
  <testcase classname="core.PrimeNumberCheckerTest" name="testPrimeNumberChecker[Iteration # 654: Number: 656; isPrime? false]" time="0"/>
  <testcase classname="core.PrimeNumberCheckerTest" name="testPrimeNumberChecker[Iteration # 655: Number: 657; isPrime? false]" time="0"/>
  <testcase classname="core.PrimeNumberCheckerTest" name="testPrimeNumberChecker[Iteration # 656: Number: 658; isPrime? false]" time="0"/>
  <testcase classname="core.PrimeNumberCheckerTest" name="testPrimeNumberChecker[Iteration # 657: Number: 659; isPrime? true]" time="0"/>
  <testcase classname="core.PrimeNumberCheckerTest" name="testPrimeNumberChecker[Iteration # 658: Number: 660; isPrime? false]" time="0"/>
  <testcase classname="core.PrimeNumberCheckerTest" name="testPrimeNumberChecker[Iteration # 659: Number: 661; isPrime? true]" time="0"/>
  <testcase classname="core.PrimeNumberCheckerTest" name="testPrimeNumberChecker[Iteration # 660: Number: 662; isPrime? false]" time="0"/>
  <testcase classname="core.PrimeNumberCheckerTest" name="testPrimeNumberChecker[Iteration # 661: Number: 663; isPrime? false]" time="0"/>
  <testcase classname="core.PrimeNumberCheckerTest" name="testPrimeNumberChecker[Iteration # 662: Number: 664; isPrime? false]" time="0"/>
  <testcase classname="core.PrimeNumberCheckerTest" name="testPrimeNumberChecker[Iteration # 663: Number: 665; isPrime? false]" time="0"/>
  <testcase classname="core.PrimeNumberCheckerTest" name="testPrimeNumberChecker[Iteration # 664: Number: 666; isPrime? false]" time="0"/>
  <testcase classname="core.PrimeNumberCheckerTest" name="testPrimeNumberChecker[Iteration # 665: Number: 667; isPrime? false]" time="0"/>
  <testcase classname="core.PrimeNumberCheckerTest" name="testPrimeNumberChecker[Iteration # 666: Number: 668; isPrime? false]" time="0.001"/>
  <testcase classname="core.PrimeNumberCheckerTest" name="testPrimeNumberChecker[Iteration # 667: Number: 669; isPrime? false]" time="0"/>
  <testcase classname="core.PrimeNumberCheckerTest" name="testPrimeNumberChecker[Iteration # 668: Number: 670; isPrime? false]" time="0.001"/>
  <testcase classname="core.PrimeNumberCheckerTest" name="testPrimeNumberChecker[Iteration # 669: Number: 671; isPrime? false]" time="0"/>
  <testcase classname="core.PrimeNumberCheckerTest" name="testPrimeNumberChecker[Iteration # 670: Number: 672; isPrime? false]" time="0"/>
  <testcase classname="core.PrimeNumberCheckerTest" name="testPrimeNumberChecker[Iteration # 671: Number: 673; isPrime? true]" time="0"/>
  <testcase classname="core.PrimeNumberCheckerTest" name="testPrimeNumberChecker[Iteration # 672: Number: 674; isPrime? false]" time="0"/>
  <testcase classname="core.PrimeNumberCheckerTest" name="testPrimeNumberChecker[Iteration # 673: Number: 675; isPrime? false]" time="0.001"/>
  <testcase classname="core.PrimeNumberCheckerTest" name="testPrimeNumberChecker[Iteration # 674: Number: 676; isPrime? false]" time="0"/>
  <testcase classname="core.PrimeNumberCheckerTest" name="testPrimeNumberChecker[Iteration # 675: Number: 677; isPrime? true]" time="0"/>
  <testcase classname="core.PrimeNumberCheckerTest" name="testPrimeNumberChecker[Iteration # 676: Number: 678; isPrime? false]" time="0"/>
  <testcase classname="core.PrimeNumberCheckerTest" name="testPrimeNumberChecker[Iteration # 677: Number: 679; isPrime? false]" time="0"/>
  <testcase classname="core.PrimeNumberCheckerTest" name="testPrimeNumberChecker[Iteration # 678: Number: 680; isPrime? false]" time="0"/>
  <testcase classname="core.PrimeNumberCheckerTest" name="testPrimeNumberChecker[Iteration # 679: Number: 681; isPrime? false]" time="0"/>
  <testcase classname="core.PrimeNumberCheckerTest" name="testPrimeNumberChecker[Iteration # 680: Number: 682; isPrime? false]" time="0"/>
  <testcase classname="core.PrimeNumberCheckerTest" name="testPrimeNumberChecker[Iteration # 681: Number: 683; isPrime? true]" time="0"/>
  <testcase classname="core.PrimeNumberCheckerTest" name="testPrimeNumberChecker[Iteration # 682: Number: 684; isPrime? false]" time="0"/>
  <testcase classname="core.PrimeNumberCheckerTest" name="testPrimeNumberChecker[Iteration # 683: Number: 685; isPrime? false]" time="0"/>
  <testcase classname="core.PrimeNumberCheckerTest" name="testPrimeNumberChecker[Iteration # 684: Number: 686; isPrime? false]" time="0.001"/>
  <testcase classname="core.PrimeNumberCheckerTest" name="testPrimeNumberChecker[Iteration # 685: Number: 687; isPrime? false]" time="0"/>
  <testcase classname="core.PrimeNumberCheckerTest" name="testPrimeNumberChecker[Iteration # 686: Number: 688; isPrime? false]" time="0"/>
  <testcase classname="core.PrimeNumberCheckerTest" name="testPrimeNumberChecker[Iteration # 687: Number: 689; isPrime? false]" time="0"/>
  <testcase classname="core.PrimeNumberCheckerTest" name="testPrimeNumberChecker[Iteration # 688: Number: 690; isPrime? false]" time="0"/>
  <testcase classname="core.PrimeNumberCheckerTest" name="testPrimeNumberChecker[Iteration # 689: Number: 691; isPrime? true]" time="0"/>
  <testcase classname="core.PrimeNumberCheckerTest" name="testPrimeNumberChecker[Iteration # 690: Number: 692; isPrime? false]" time="0"/>
  <testcase classname="core.PrimeNumberCheckerTest" name="testPrimeNumberChecker[Iteration # 691: Number: 693; isPrime? false]" time="0"/>
  <testcase classname="core.PrimeNumberCheckerTest" name="testPrimeNumberChecker[Iteration # 692: Number: 694; isPrime? false]" time="0"/>
  <testcase classname="core.PrimeNumberCheckerTest" name="testPrimeNumberChecker[Iteration # 693: Number: 695; isPrime? false]" time="0"/>
  <testcase classname="core.PrimeNumberCheckerTest" name="testPrimeNumberChecker[Iteration # 694: Number: 696; isPrime? false]" time="0"/>
  <testcase classname="core.PrimeNumberCheckerTest" name="testPrimeNumberChecker[Iteration # 695: Number: 697; isPrime? false]" time="0"/>
  <testcase classname="core.PrimeNumberCheckerTest" name="testPrimeNumberChecker[Iteration # 696: Number: 698; isPrime? false]" time="0"/>
  <testcase classname="core.PrimeNumberCheckerTest" name="testPrimeNumberChecker[Iteration # 697: Number: 699; isPrime? false]" time="0"/>
  <testcase classname="core.PrimeNumberCheckerTest" name="testPrimeNumberChecker[Iteration # 698: Number: 700; isPrime? false]" time="0"/>
  <testcase classname="core.PrimeNumberCheckerTest" name="testPrimeNumberChecker[Iteration # 699: Number: 701; isPrime? true]" time="0"/>
  <testcase classname="core.PrimeNumberCheckerTest" name="testPrimeNumberChecker[Iteration # 700: Number: 702; isPrime? false]" time="0"/>
  <testcase classname="core.PrimeNumberCheckerTest" name="testPrimeNumberChecker[Iteration # 701: Number: 703; isPrime? false]" time="0"/>
  <testcase classname="core.PrimeNumberCheckerTest" name="testPrimeNumberChecker[Iteration # 702: Number: 704; isPrime? false]" time="0"/>
  <testcase classname="core.PrimeNumberCheckerTest" name="testPrimeNumberChecker[Iteration # 703: Number: 705; isPrime? false]" time="0"/>
  <testcase classname="core.PrimeNumberCheckerTest" name="testPrimeNumberChecker[Iteration # 704: Number: 706; isPrime? false]" time="0"/>
  <testcase classname="core.PrimeNumberCheckerTest" name="testPrimeNumberChecker[Iteration # 705: Number: 707; isPrime? false]" time="0"/>
  <testcase classname="core.PrimeNumberCheckerTest" name="testPrimeNumberChecker[Iteration # 706: Number: 708; isPrime? false]" time="0.001"/>
  <testcase classname="core.PrimeNumberCheckerTest" name="testPrimeNumberChecker[Iteration # 707: Number: 709; isPrime? true]" time="0"/>
  <testcase classname="core.PrimeNumberCheckerTest" name="testPrimeNumberChecker[Iteration # 708: Number: 710; isPrime? false]" time="0"/>
  <testcase classname="core.PrimeNumberCheckerTest" name="testPrimeNumberChecker[Iteration # 709: Number: 711; isPrime? false]" time="0"/>
  <testcase classname="core.PrimeNumberCheckerTest" name="testPrimeNumberChecker[Iteration # 710: Number: 712; isPrime? false]" time="0"/>
  <testcase classname="core.PrimeNumberCheckerTest" name="testPrimeNumberChecker[Iteration # 711: Number: 713; isPrime? false]" time="0"/>
  <testcase classname="core.PrimeNumberCheckerTest" name="testPrimeNumberChecker[Iteration # 712: Number: 714; isPrime? false]" time="0"/>
  <testcase classname="core.PrimeNumberCheckerTest" name="testPrimeNumberChecker[Iteration # 713: Number: 715; isPrime? false]" time="0"/>
  <testcase classname="core.PrimeNumberCheckerTest" name="testPrimeNumberChecker[Iteration # 714: Number: 716; isPrime? false]" time="0"/>
  <testcase classname="core.PrimeNumberCheckerTest" name="testPrimeNumberChecker[Iteration # 715: Number: 717; isPrime? false]" time="0"/>
  <testcase classname="core.PrimeNumberCheckerTest" name="testPrimeNumberChecker[Iteration # 716: Number: 718; isPrime? false]" time="0"/>
  <testcase classname="core.PrimeNumberCheckerTest" name="testPrimeNumberChecker[Iteration # 717: Number: 719; isPrime? true]" time="0"/>
  <testcase classname="core.PrimeNumberCheckerTest" name="testPrimeNumberChecker[Iteration # 718: Number: 720; isPrime? false]" time="0"/>
  <testcase classname="core.PrimeNumberCheckerTest" name="testPrimeNumberChecker[Iteration # 719: Number: 721; isPrime? false]" time="0"/>
  <testcase classname="core.PrimeNumberCheckerTest" name="testPrimeNumberChecker[Iteration # 720: Number: 722; isPrime? false]" time="0"/>
  <testcase classname="core.PrimeNumberCheckerTest" name="testPrimeNumberChecker[Iteration # 721: Number: 723; isPrime? false]" time="0"/>
  <testcase classname="core.PrimeNumberCheckerTest" name="testPrimeNumberChecker[Iteration # 722: Number: 724; isPrime? false]" time="0.001"/>
  <testcase classname="core.PrimeNumberCheckerTest" name="testPrimeNumberChecker[Iteration # 723: Number: 725; isPrime? false]" time="0"/>
  <testcase classname="core.PrimeNumberCheckerTest" name="testPrimeNumberChecker[Iteration # 724: Number: 726; isPrime? false]" time="0.001"/>
  <testcase classname="core.PrimeNumberCheckerTest" name="testPrimeNumberChecker[Iteration # 725: Number: 727; isPrime? true]" time="0.001"/>
  <testcase classname="core.PrimeNumberCheckerTest" name="testPrimeNumberChecker[Iteration # 726: Number: 728; isPrime? false]" time="0"/>
  <testcase classname="core.PrimeNumberCheckerTest" name="testPrimeNumberChecker[Iteration # 727: Number: 729; isPrime? false]" time="0"/>
  <testcase classname="core.PrimeNumberCheckerTest" name="testPrimeNumberChecker[Iteration # 728: Number: 730; isPrime? false]" time="0"/>
  <testcase classname="core.PrimeNumberCheckerTest" name="testPrimeNumberChecker[Iteration # 729: Number: 731; isPrime? false]" time="0"/>
  <testcase classname="core.PrimeNumberCheckerTest" name="testPrimeNumberChecker[Iteration # 730: Number: 732; isPrime? false]" time="0"/>
  <testcase classname="core.PrimeNumberCheckerTest" name="testPrimeNumberChecker[Iteration # 731: Number: 733; isPrime? true]" time="0.001"/>
  <testcase classname="core.PrimeNumberCheckerTest" name="testPrimeNumberChecker[Iteration # 732: Number: 734; isPrime? false]" time="0"/>
  <testcase classname="core.PrimeNumberCheckerTest" name="testPrimeNumberChecker[Iteration # 733: Number: 735; isPrime? false]" time="0"/>
  <testcase classname="core.PrimeNumberCheckerTest" name="testPrimeNumberChecker[Iteration # 734: Number: 736; isPrime? false]" time="0"/>
  <testcase classname="core.PrimeNumberCheckerTest" name="testPrimeNumberChecker[Iteration # 735: Number: 737; isPrime? false]" time="0"/>
  <testcase classname="core.PrimeNumberCheckerTest" name="testPrimeNumberChecker[Iteration # 736: Number: 738; isPrime? false]" time="0"/>
  <testcase classname="core.PrimeNumberCheckerTest" name="testPrimeNumberChecker[Iteration # 737: Number: 739; isPrime? true]" time="0"/>
  <testcase classname="core.PrimeNumberCheckerTest" name="testPrimeNumberChecker[Iteration # 738: Number: 740; isPrime? false]" time="0"/>
  <testcase classname="core.PrimeNumberCheckerTest" name="testPrimeNumberChecker[Iteration # 739: Number: 741; isPrime? false]" time="0"/>
  <testcase classname="core.PrimeNumberCheckerTest" name="testPrimeNumberChecker[Iteration # 740: Number: 742; isPrime? false]" time="0"/>
  <testcase classname="core.PrimeNumberCheckerTest" name="testPrimeNumberChecker[Iteration # 741: Number: 743; isPrime? true]" time="0"/>
  <testcase classname="core.PrimeNumberCheckerTest" name="testPrimeNumberChecker[Iteration # 742: Number: 744; isPrime? false]" time="0"/>
  <testcase classname="core.PrimeNumberCheckerTest" name="testPrimeNumberChecker[Iteration # 743: Number: 745; isPrime? false]" time="0"/>
  <testcase classname="core.PrimeNumberCheckerTest" name="testPrimeNumberChecker[Iteration # 744: Number: 746; isPrime? false]" time="0"/>
  <testcase classname="core.PrimeNumberCheckerTest" name="testPrimeNumberChecker[Iteration # 745: Number: 747; isPrime? false]" time="0"/>
  <testcase classname="core.PrimeNumberCheckerTest" name="testPrimeNumberChecker[Iteration # 746: Number: 748; isPrime? false]" time="0"/>
  <testcase classname="core.PrimeNumberCheckerTest" name="testPrimeNumberChecker[Iteration # 747: Number: 749; isPrime? false]" time="0"/>
  <testcase classname="core.PrimeNumberCheckerTest" name="testPrimeNumberChecker[Iteration # 748: Number: 750; isPrime? false]" time="0"/>
  <testcase classname="core.PrimeNumberCheckerTest" name="testPrimeNumberChecker[Iteration # 749: Number: 751; isPrime? true]" time="0"/>
  <testcase classname="core.PrimeNumberCheckerTest" name="testPrimeNumberChecker[Iteration # 750: Number: 752; isPrime? false]" time="0"/>
  <testcase classname="core.PrimeNumberCheckerTest" name="testPrimeNumberChecker[Iteration # 751: Number: 753; isPrime? false]" time="0"/>
  <testcase classname="core.PrimeNumberCheckerTest" name="testPrimeNumberChecker[Iteration # 752: Number: 754; isPrime? false]" time="0"/>
  <testcase classname="core.PrimeNumberCheckerTest" name="testPrimeNumberChecker[Iteration # 753: Number: 755; isPrime? false]" time="0"/>
  <testcase classname="core.PrimeNumberCheckerTest" name="testPrimeNumberChecker[Iteration # 754: Number: 756; isPrime? false]" time="0"/>
  <testcase classname="core.PrimeNumberCheckerTest" name="testPrimeNumberChecker[Iteration # 755: Number: 757; isPrime? true]" time="0"/>
  <testcase classname="core.PrimeNumberCheckerTest" name="testPrimeNumberChecker[Iteration # 756: Number: 758; isPrime? false]" time="0"/>
  <testcase classname="core.PrimeNumberCheckerTest" name="testPrimeNumberChecker[Iteration # 757: Number: 759; isPrime? false]" time="0.001"/>
  <testcase classname="core.PrimeNumberCheckerTest" name="testPrimeNumberChecker[Iteration # 758: Number: 760; isPrime? false]" time="0"/>
  <testcase classname="core.PrimeNumberCheckerTest" name="testPrimeNumberChecker[Iteration # 759: Number: 761; isPrime? true]" time="0"/>
  <testcase classname="core.PrimeNumberCheckerTest" name="testPrimeNumberChecker[Iteration # 760: Number: 762; isPrime? false]" time="0"/>
  <testcase classname="core.PrimeNumberCheckerTest" name="testPrimeNumberChecker[Iteration # 761: Number: 763; isPrime? false]" time="0"/>
  <testcase classname="core.PrimeNumberCheckerTest" name="testPrimeNumberChecker[Iteration # 762: Number: 764; isPrime? false]" time="0"/>
  <testcase classname="core.PrimeNumberCheckerTest" name="testPrimeNumberChecker[Iteration # 763: Number: 765; isPrime? false]" time="0"/>
  <testcase classname="core.PrimeNumberCheckerTest" name="testPrimeNumberChecker[Iteration # 764: Number: 766; isPrime? false]" time="0.001"/>
  <testcase classname="core.PrimeNumberCheckerTest" name="testPrimeNumberChecker[Iteration # 765: Number: 767; isPrime? false]" time="0"/>
  <testcase classname="core.PrimeNumberCheckerTest" name="testPrimeNumberChecker[Iteration # 766: Number: 768; isPrime? false]" time="0"/>
  <testcase classname="core.PrimeNumberCheckerTest" name="testPrimeNumberChecker[Iteration # 767: Number: 769; isPrime? true]" time="0.002"/>
  <testcase classname="core.PrimeNumberCheckerTest" name="testPrimeNumberChecker[Iteration # 768: Number: 770; isPrime? false]" time="0.001"/>
  <testcase classname="core.PrimeNumberCheckerTest" name="testPrimeNumberChecker[Iteration # 769: Number: 771; isPrime? false]" time="0"/>
  <testcase classname="core.PrimeNumberCheckerTest" name="testPrimeNumberChecker[Iteration # 770: Number: 772; isPrime? false]" time="0"/>
  <testcase classname="core.PrimeNumberCheckerTest" name="testPrimeNumberChecker[Iteration # 771: Number: 773; isPrime? true]" time="0"/>
  <testcase classname="core.PrimeNumberCheckerTest" name="testPrimeNumberChecker[Iteration # 772: Number: 774; isPrime? false]" time="0"/>
  <testcase classname="core.PrimeNumberCheckerTest" name="testPrimeNumberChecker[Iteration # 773: Number: 775; isPrime? false]" time="0"/>
  <testcase classname="core.PrimeNumberCheckerTest" name="testPrimeNumberChecker[Iteration # 774: Number: 776; isPrime? false]" time="0"/>
  <testcase classname="core.PrimeNumberCheckerTest" name="testPrimeNumberChecker[Iteration # 775: Number: 777; isPrime? false]" time="0"/>
  <testcase classname="core.PrimeNumberCheckerTest" name="testPrimeNumberChecker[Iteration # 776: Number: 778; isPrime? false]" time="0"/>
  <testcase classname="core.PrimeNumberCheckerTest" name="testPrimeNumberChecker[Iteration # 777: Number: 779; isPrime? false]" time="0"/>
  <testcase classname="core.PrimeNumberCheckerTest" name="testPrimeNumberChecker[Iteration # 778: Number: 780; isPrime? false]" time="0"/>
  <testcase classname="core.PrimeNumberCheckerTest" name="testPrimeNumberChecker[Iteration # 779: Number: 781; isPrime? false]" time="0"/>
  <testcase classname="core.PrimeNumberCheckerTest" name="testPrimeNumberChecker[Iteration # 780: Number: 782; isPrime? false]" time="0"/>
  <testcase classname="core.PrimeNumberCheckerTest" name="testPrimeNumberChecker[Iteration # 781: Number: 783; isPrime? false]" time="0"/>
  <testcase classname="core.PrimeNumberCheckerTest" name="testPrimeNumberChecker[Iteration # 782: Number: 784; isPrime? false]" time="0"/>
  <testcase classname="core.PrimeNumberCheckerTest" name="testPrimeNumberChecker[Iteration # 783: Number: 785; isPrime? false]" time="0"/>
  <testcase classname="core.PrimeNumberCheckerTest" name="testPrimeNumberChecker[Iteration # 784: Number: 786; isPrime? false]" time="0"/>
  <testcase classname="core.PrimeNumberCheckerTest" name="testPrimeNumberChecker[Iteration # 785: Number: 787; isPrime? true]" time="0.002"/>
  <testcase classname="core.PrimeNumberCheckerTest" name="testPrimeNumberChecker[Iteration # 786: Number: 788; isPrime? false]" time="0"/>
  <testcase classname="core.PrimeNumberCheckerTest" name="testPrimeNumberChecker[Iteration # 787: Number: 789; isPrime? false]" time="0"/>
  <testcase classname="core.PrimeNumberCheckerTest" name="testPrimeNumberChecker[Iteration # 788: Number: 790; isPrime? false]" time="0"/>
  <testcase classname="core.PrimeNumberCheckerTest" name="testPrimeNumberChecker[Iteration # 789: Number: 791; isPrime? false]" time="0"/>
  <testcase classname="core.PrimeNumberCheckerTest" name="testPrimeNumberChecker[Iteration # 790: Number: 792; isPrime? false]" time="0.001"/>
  <testcase classname="core.PrimeNumberCheckerTest" name="testPrimeNumberChecker[Iteration # 791: Number: 793; isPrime? false]" time="0"/>
  <testcase classname="core.PrimeNumberCheckerTest" name="testPrimeNumberChecker[Iteration # 792: Number: 794; isPrime? false]" time="0.002"/>
  <testcase classname="core.PrimeNumberCheckerTest" name="testPrimeNumberChecker[Iteration # 793: Number: 795; isPrime? false]" time="0"/>
  <testcase classname="core.PrimeNumberCheckerTest" name="testPrimeNumberChecker[Iteration # 794: Number: 796; isPrime? false]" time="0"/>
  <testcase classname="core.PrimeNumberCheckerTest" name="testPrimeNumberChecker[Iteration # 795: Number: 797; isPrime? true]" time="0"/>
  <testcase classname="core.PrimeNumberCheckerTest" name="testPrimeNumberChecker[Iteration # 796: Number: 798; isPrime? false]" time="0"/>
  <testcase classname="core.PrimeNumberCheckerTest" name="testPrimeNumberChecker[Iteration # 797: Number: 799; isPrime? false]" time="0"/>
  <testcase classname="core.PrimeNumberCheckerTest" name="testPrimeNumberChecker[Iteration # 798: Number: 800; isPrime? false]" time="0"/>
  <testcase classname="core.PrimeNumberCheckerTest" name="testPrimeNumberChecker[Iteration # 799: Number: 801; isPrime? false]" time="0"/>
  <testcase classname="core.PrimeNumberCheckerTest" name="testPrimeNumberChecker[Iteration # 800: Number: 802; isPrime? false]" time="0"/>
  <testcase classname="core.PrimeNumberCheckerTest" name="testPrimeNumberChecker[Iteration # 801: Number: 803; isPrime? false]" time="0"/>
  <testcase classname="core.PrimeNumberCheckerTest" name="testPrimeNumberChecker[Iteration # 802: Number: 804; isPrime? false]" time="0"/>
  <testcase classname="core.PrimeNumberCheckerTest" name="testPrimeNumberChecker[Iteration # 803: Number: 805; isPrime? false]" time="0"/>
  <testcase classname="core.PrimeNumberCheckerTest" name="testPrimeNumberChecker[Iteration # 804: Number: 806; isPrime? false]" time="0"/>
  <testcase classname="core.PrimeNumberCheckerTest" name="testPrimeNumberChecker[Iteration # 805: Number: 807; isPrime? false]" time="0"/>
  <testcase classname="core.PrimeNumberCheckerTest" name="testPrimeNumberChecker[Iteration # 806: Number: 808; isPrime? false]" time="0"/>
  <testcase classname="core.PrimeNumberCheckerTest" name="testPrimeNumberChecker[Iteration # 807: Number: 809; isPrime? true]" time="0"/>
  <testcase classname="core.PrimeNumberCheckerTest" name="testPrimeNumberChecker[Iteration # 808: Number: 810; isPrime? false]" time="0"/>
  <testcase classname="core.PrimeNumberCheckerTest" name="testPrimeNumberChecker[Iteration # 809: Number: 811; isPrime? true]" time="0"/>
  <testcase classname="core.PrimeNumberCheckerTest" name="testPrimeNumberChecker[Iteration # 810: Number: 812; isPrime? false]" time="0"/>
  <testcase classname="core.PrimeNumberCheckerTest" name="testPrimeNumberChecker[Iteration # 811: Number: 813; isPrime? false]" time="0"/>
  <testcase classname="core.PrimeNumberCheckerTest" name="testPrimeNumberChecker[Iteration # 812: Number: 814; isPrime? false]" time="0"/>
  <testcase classname="core.PrimeNumberCheckerTest" name="testPrimeNumberChecker[Iteration # 813: Number: 815; isPrime? false]" time="0"/>
  <testcase classname="core.PrimeNumberCheckerTest" name="testPrimeNumberChecker[Iteration # 814: Number: 816; isPrime? false]" time="0"/>
  <testcase classname="core.PrimeNumberCheckerTest" name="testPrimeNumberChecker[Iteration # 815: Number: 817; isPrime? false]" time="0"/>
  <testcase classname="core.PrimeNumberCheckerTest" name="testPrimeNumberChecker[Iteration # 816: Number: 818; isPrime? false]" time="0"/>
  <testcase classname="core.PrimeNumberCheckerTest" name="testPrimeNumberChecker[Iteration # 817: Number: 819; isPrime? false]" time="0"/>
  <testcase classname="core.PrimeNumberCheckerTest" name="testPrimeNumberChecker[Iteration # 818: Number: 820; isPrime? false]" time="0"/>
  <testcase classname="core.PrimeNumberCheckerTest" name="testPrimeNumberChecker[Iteration # 819: Number: 821; isPrime? true]" time="0"/>
  <testcase classname="core.PrimeNumberCheckerTest" name="testPrimeNumberChecker[Iteration # 820: Number: 822; isPrime? false]" time="0"/>
  <testcase classname="core.PrimeNumberCheckerTest" name="testPrimeNumberChecker[Iteration # 821: Number: 823; isPrime? true]" time="0"/>
  <testcase classname="core.PrimeNumberCheckerTest" name="testPrimeNumberChecker[Iteration # 822: Number: 824; isPrime? false]" time="0"/>
  <testcase classname="core.PrimeNumberCheckerTest" name="testPrimeNumberChecker[Iteration # 823: Number: 825; isPrime? false]" time="0"/>
  <testcase classname="core.PrimeNumberCheckerTest" name="testPrimeNumberChecker[Iteration # 824: Number: 826; isPrime? false]" time="0"/>
  <testcase classname="core.PrimeNumberCheckerTest" name="testPrimeNumberChecker[Iteration # 825: Number: 827; isPrime? true]" time="0"/>
  <testcase classname="core.PrimeNumberCheckerTest" name="testPrimeNumberChecker[Iteration # 826: Number: 828; isPrime? false]" time="0"/>
  <testcase classname="core.PrimeNumberCheckerTest" name="testPrimeNumberChecker[Iteration # 827: Number: 829; isPrime? true]" time="0"/>
  <testcase classname="core.PrimeNumberCheckerTest" name="testPrimeNumberChecker[Iteration # 828: Number: 830; isPrime? false]" time="0"/>
  <testcase classname="core.PrimeNumberCheckerTest" name="testPrimeNumberChecker[Iteration # 829: Number: 831; isPrime? false]" time="0"/>
  <testcase classname="core.PrimeNumberCheckerTest" name="testPrimeNumberChecker[Iteration # 830: Number: 832; isPrime? false]" time="0"/>
  <testcase classname="core.PrimeNumberCheckerTest" name="testPrimeNumberChecker[Iteration # 831: Number: 833; isPrime? false]" time="0"/>
  <testcase classname="core.PrimeNumberCheckerTest" name="testPrimeNumberChecker[Iteration # 832: Number: 834; isPrime? false]" time="0"/>
  <testcase classname="core.PrimeNumberCheckerTest" name="testPrimeNumberChecker[Iteration # 833: Number: 835; isPrime? false]" time="0"/>
  <testcase classname="core.PrimeNumberCheckerTest" name="testPrimeNumberChecker[Iteration # 834: Number: 836; isPrime? false]" time="0"/>
  <testcase classname="core.PrimeNumberCheckerTest" name="testPrimeNumberChecker[Iteration # 835: Number: 837; isPrime? false]" time="0"/>
  <testcase classname="core.PrimeNumberCheckerTest" name="testPrimeNumberChecker[Iteration # 836: Number: 838; isPrime? false]" time="0"/>
  <testcase classname="core.PrimeNumberCheckerTest" name="testPrimeNumberChecker[Iteration # 837: Number: 839; isPrime? true]" time="0"/>
  <testcase classname="core.PrimeNumberCheckerTest" name="testPrimeNumberChecker[Iteration # 838: Number: 840; isPrime? false]" time="0"/>
  <testcase classname="core.PrimeNumberCheckerTest" name="testPrimeNumberChecker[Iteration # 839: Number: 841; isPrime? false]" time="0"/>
  <testcase classname="core.PrimeNumberCheckerTest" name="testPrimeNumberChecker[Iteration # 840: Number: 842; isPrime? false]" time="0"/>
  <testcase classname="core.PrimeNumberCheckerTest" name="testPrimeNumberChecker[Iteration # 841: Number: 843; isPrime? false]" time="0"/>
  <testcase classname="core.PrimeNumberCheckerTest" name="testPrimeNumberChecker[Iteration # 842: Number: 844; isPrime? false]" time="0.001"/>
  <testcase classname="core.PrimeNumberCheckerTest" name="testPrimeNumberChecker[Iteration # 843: Number: 845; isPrime? false]" time="0"/>
  <testcase classname="core.PrimeNumberCheckerTest" name="testPrimeNumberChecker[Iteration # 844: Number: 846; isPrime? false]" time="0"/>
  <testcase classname="core.PrimeNumberCheckerTest" name="testPrimeNumberChecker[Iteration # 845: Number: 847; isPrime? false]" time="0"/>
  <testcase classname="core.PrimeNumberCheckerTest" name="testPrimeNumberChecker[Iteration # 846: Number: 848; isPrime? false]" time="0"/>
  <testcase classname="core.PrimeNumberCheckerTest" name="testPrimeNumberChecker[Iteration # 847: Number: 849; isPrime? false]" time="0"/>
  <testcase classname="core.PrimeNumberCheckerTest" name="testPrimeNumberChecker[Iteration # 848: Number: 850; isPrime? false]" time="0"/>
  <testcase classname="core.PrimeNumberCheckerTest" name="testPrimeNumberChecker[Iteration # 849: Number: 851; isPrime? false]" time="0"/>
  <testcase classname="core.PrimeNumberCheckerTest" name="testPrimeNumberChecker[Iteration # 850: Number: 852; isPrime? false]" time="0"/>
  <testcase classname="core.PrimeNumberCheckerTest" name="testPrimeNumberChecker[Iteration # 851: Number: 853; isPrime? true]" time="0"/>
  <testcase classname="core.PrimeNumberCheckerTest" name="testPrimeNumberChecker[Iteration # 852: Number: 854; isPrime? false]" time="0"/>
  <testcase classname="core.PrimeNumberCheckerTest" name="testPrimeNumberChecker[Iteration # 853: Number: 855; isPrime? false]" time="0"/>
  <testcase classname="core.PrimeNumberCheckerTest" name="testPrimeNumberChecker[Iteration # 854: Number: 856; isPrime? false]" time="0"/>
  <testcase classname="core.PrimeNumberCheckerTest" name="testPrimeNumberChecker[Iteration # 855: Number: 857; isPrime? true]" time="0"/>
  <testcase classname="core.PrimeNumberCheckerTest" name="testPrimeNumberChecker[Iteration # 856: Number: 858; isPrime? false]" time="0"/>
  <testcase classname="core.PrimeNumberCheckerTest" name="testPrimeNumberChecker[Iteration # 857: Number: 859; isPrime? true]" time="0"/>
  <testcase classname="core.PrimeNumberCheckerTest" name="testPrimeNumberChecker[Iteration # 858: Number: 860; isPrime? false]" time="0"/>
  <testcase classname="core.PrimeNumberCheckerTest" name="testPrimeNumberChecker[Iteration # 859: Number: 861; isPrime? false]" time="0"/>
  <testcase classname="core.PrimeNumberCheckerTest" name="testPrimeNumberChecker[Iteration # 860: Number: 862; isPrime? false]" time="0"/>
  <testcase classname="core.PrimeNumberCheckerTest" name="testPrimeNumberChecker[Iteration # 861: Number: 863; isPrime? true]" time="0"/>
  <testcase classname="core.PrimeNumberCheckerTest" name="testPrimeNumberChecker[Iteration # 862: Number: 864; isPrime? false]" time="0"/>
  <testcase classname="core.PrimeNumberCheckerTest" name="testPrimeNumberChecker[Iteration # 863: Number: 865; isPrime? false]" time="0"/>
  <testcase classname="core.PrimeNumberCheckerTest" name="testPrimeNumberChecker[Iteration # 864: Number: 866; isPrime? false]" time="0"/>
  <testcase classname="core.PrimeNumberCheckerTest" name="testPrimeNumberChecker[Iteration # 865: Number: 867; isPrime? false]" time="0"/>
  <testcase classname="core.PrimeNumberCheckerTest" name="testPrimeNumberChecker[Iteration # 866: Number: 868; isPrime? false]" time="0"/>
  <testcase classname="core.PrimeNumberCheckerTest" name="testPrimeNumberChecker[Iteration # 867: Number: 869; isPrime? false]" time="0"/>
  <testcase classname="core.PrimeNumberCheckerTest" name="testPrimeNumberChecker[Iteration # 868: Number: 870; isPrime? false]" time="0"/>
  <testcase classname="core.PrimeNumberCheckerTest" name="testPrimeNumberChecker[Iteration # 869: Number: 871; isPrime? false]" time="0"/>
  <testcase classname="core.PrimeNumberCheckerTest" name="testPrimeNumberChecker[Iteration # 870: Number: 872; isPrime? false]" time="0"/>
  <testcase classname="core.PrimeNumberCheckerTest" name="testPrimeNumberChecker[Iteration # 871: Number: 873; isPrime? false]" time="0"/>
  <testcase classname="core.PrimeNumberCheckerTest" name="testPrimeNumberChecker[Iteration # 872: Number: 874; isPrime? false]" time="0"/>
  <testcase classname="core.PrimeNumberCheckerTest" name="testPrimeNumberChecker[Iteration # 873: Number: 875; isPrime? false]" time="0"/>
  <testcase classname="core.PrimeNumberCheckerTest" name="testPrimeNumberChecker[Iteration # 874: Number: 876; isPrime? false]" time="0.001"/>
  <testcase classname="core.PrimeNumberCheckerTest" name="testPrimeNumberChecker[Iteration # 875: Number: 877; isPrime? true]" time="0"/>
  <testcase classname="core.PrimeNumberCheckerTest" name="testPrimeNumberChecker[Iteration # 876: Number: 878; isPrime? false]" time="0"/>
  <testcase classname="core.PrimeNumberCheckerTest" name="testPrimeNumberChecker[Iteration # 877: Number: 879; isPrime? false]" time="0"/>
  <testcase classname="core.PrimeNumberCheckerTest" name="testPrimeNumberChecker[Iteration # 878: Number: 880; isPrime? false]" time="0"/>
  <testcase classname="core.PrimeNumberCheckerTest" name="testPrimeNumberChecker[Iteration # 879: Number: 881; isPrime? true]" time="0"/>
  <testcase classname="core.PrimeNumberCheckerTest" name="testPrimeNumberChecker[Iteration # 880: Number: 882; isPrime? false]" time="0"/>
  <testcase classname="core.PrimeNumberCheckerTest" name="testPrimeNumberChecker[Iteration # 881: Number: 883; isPrime? true]" time="0"/>
  <testcase classname="core.PrimeNumberCheckerTest" name="testPrimeNumberChecker[Iteration # 882: Number: 884; isPrime? false]" time="0"/>
  <testcase classname="core.PrimeNumberCheckerTest" name="testPrimeNumberChecker[Iteration # 883: Number: 885; isPrime? false]" time="0"/>
  <testcase classname="core.PrimeNumberCheckerTest" name="testPrimeNumberChecker[Iteration # 884: Number: 886; isPrime? false]" time="0.001"/>
  <testcase classname="core.PrimeNumberCheckerTest" name="testPrimeNumberChecker[Iteration # 885: Number: 887; isPrime? true]" time="0"/>
  <testcase classname="core.PrimeNumberCheckerTest" name="testPrimeNumberChecker[Iteration # 886: Number: 888; isPrime? false]" time="0"/>
  <testcase classname="core.PrimeNumberCheckerTest" name="testPrimeNumberChecker[Iteration # 887: Number: 889; isPrime? false]" time="0"/>
  <testcase classname="core.PrimeNumberCheckerTest" name="testPrimeNumberChecker[Iteration # 888: Number: 890; isPrime? false]" time="0"/>
  <testcase classname="core.PrimeNumberCheckerTest" name="testPrimeNumberChecker[Iteration # 889: Number: 891; isPrime? false]" time="0"/>
  <testcase classname="core.PrimeNumberCheckerTest" name="testPrimeNumberChecker[Iteration # 890: Number: 892; isPrime? false]" time="0"/>
  <testcase classname="core.PrimeNumberCheckerTest" name="testPrimeNumberChecker[Iteration # 891: Number: 893; isPrime? false]" time="0"/>
  <testcase classname="core.PrimeNumberCheckerTest" name="testPrimeNumberChecker[Iteration # 892: Number: 894; isPrime? false]" time="0.018"/>
  <testcase classname="core.PrimeNumberCheckerTest" name="testPrimeNumberChecker[Iteration # 893: Number: 895; isPrime? false]" time="0"/>
  <testcase classname="core.PrimeNumberCheckerTest" name="testPrimeNumberChecker[Iteration # 894: Number: 896; isPrime? false]" time="0"/>
  <testcase classname="core.PrimeNumberCheckerTest" name="testPrimeNumberChecker[Iteration # 895: Number: 897; isPrime? false]" time="0"/>
  <testcase classname="core.PrimeNumberCheckerTest" name="testPrimeNumberChecker[Iteration # 896: Number: 898; isPrime? false]" time="0"/>
  <testcase classname="core.PrimeNumberCheckerTest" name="testPrimeNumberChecker[Iteration # 897: Number: 899; isPrime? false]" time="0"/>
  <testcase classname="core.PrimeNumberCheckerTest" name="testPrimeNumberChecker[Iteration # 898: Number: 900; isPrime? false]" time="0"/>
  <testcase classname="core.PrimeNumberCheckerTest" name="testPrimeNumberChecker[Iteration # 899: Number: 901; isPrime? false]" time="0"/>
  <testcase classname="core.PrimeNumberCheckerTest" name="testPrimeNumberChecker[Iteration # 900: Number: 902; isPrime? false]" time="0"/>
  <testcase classname="core.PrimeNumberCheckerTest" name="testPrimeNumberChecker[Iteration # 901: Number: 903; isPrime? false]" time="0.003"/>
  <testcase classname="core.PrimeNumberCheckerTest" name="testPrimeNumberChecker[Iteration # 902: Number: 904; isPrime? false]" time="0"/>
  <testcase classname="core.PrimeNumberCheckerTest" name="testPrimeNumberChecker[Iteration # 903: Number: 905; isPrime? false]" time="0"/>
  <testcase classname="core.PrimeNumberCheckerTest" name="testPrimeNumberChecker[Iteration # 904: Number: 906; isPrime? false]" time="0"/>
  <testcase classname="core.PrimeNumberCheckerTest" name="testPrimeNumberChecker[Iteration # 905: Number: 907; isPrime? true]" time="0"/>
  <testcase classname="core.PrimeNumberCheckerTest" name="testPrimeNumberChecker[Iteration # 906: Number: 908; isPrime? false]" time="0"/>
  <testcase classname="core.PrimeNumberCheckerTest" name="testPrimeNumberChecker[Iteration # 907: Number: 909; isPrime? false]" time="0"/>
  <testcase classname="core.PrimeNumberCheckerTest" name="testPrimeNumberChecker[Iteration # 908: Number: 910; isPrime? false]" time="0"/>
  <testcase classname="core.PrimeNumberCheckerTest" name="testPrimeNumberChecker[Iteration # 909: Number: 911; isPrime? true]" time="0"/>
  <testcase classname="core.PrimeNumberCheckerTest" name="testPrimeNumberChecker[Iteration # 910: Number: 912; isPrime? false]" time="0"/>
  <testcase classname="core.PrimeNumberCheckerTest" name="testPrimeNumberChecker[Iteration # 911: Number: 913; isPrime? false]" time="0"/>
  <testcase classname="core.PrimeNumberCheckerTest" name="testPrimeNumberChecker[Iteration # 912: Number: 914; isPrime? false]" time="0"/>
  <testcase classname="core.PrimeNumberCheckerTest" name="testPrimeNumberChecker[Iteration # 913: Number: 915; isPrime? false]" time="0"/>
  <testcase classname="core.PrimeNumberCheckerTest" name="testPrimeNumberChecker[Iteration # 914: Number: 916; isPrime? false]" time="0"/>
  <testcase classname="core.PrimeNumberCheckerTest" name="testPrimeNumberChecker[Iteration # 915: Number: 917; isPrime? false]" time="0"/>
  <testcase classname="core.PrimeNumberCheckerTest" name="testPrimeNumberChecker[Iteration # 916: Number: 918; isPrime? false]" time="0"/>
  <testcase classname="core.PrimeNumberCheckerTest" name="testPrimeNumberChecker[Iteration # 917: Number: 919; isPrime? true]" time="0"/>
  <testcase classname="core.PrimeNumberCheckerTest" name="testPrimeNumberChecker[Iteration # 918: Number: 920; isPrime? false]" time="0"/>
  <testcase classname="core.PrimeNumberCheckerTest" name="testPrimeNumberChecker[Iteration # 919: Number: 921; isPrime? false]" time="0"/>
  <testcase classname="core.PrimeNumberCheckerTest" name="testPrimeNumberChecker[Iteration # 920: Number: 922; isPrime? false]" time="0"/>
  <testcase classname="core.PrimeNumberCheckerTest" name="testPrimeNumberChecker[Iteration # 921: Number: 923; isPrime? false]" time="0"/>
  <testcase classname="core.PrimeNumberCheckerTest" name="testPrimeNumberChecker[Iteration # 922: Number: 924; isPrime? false]" time="0"/>
  <testcase classname="core.PrimeNumberCheckerTest" name="testPrimeNumberChecker[Iteration # 923: Number: 925; isPrime? false]" time="0"/>
  <testcase classname="core.PrimeNumberCheckerTest" name="testPrimeNumberChecker[Iteration # 924: Number: 926; isPrime? false]" time="0"/>
  <testcase classname="core.PrimeNumberCheckerTest" name="testPrimeNumberChecker[Iteration # 925: Number: 927; isPrime? false]" time="0"/>
  <testcase classname="core.PrimeNumberCheckerTest" name="testPrimeNumberChecker[Iteration # 926: Number: 928; isPrime? false]" time="0"/>
  <testcase classname="core.PrimeNumberCheckerTest" name="testPrimeNumberChecker[Iteration # 927: Number: 929; isPrime? true]" time="0"/>
  <testcase classname="core.PrimeNumberCheckerTest" name="testPrimeNumberChecker[Iteration # 928: Number: 930; isPrime? false]" time="0"/>
  <testcase classname="core.PrimeNumberCheckerTest" name="testPrimeNumberChecker[Iteration # 929: Number: 931; isPrime? false]" time="0.001"/>
  <testcase classname="core.PrimeNumberCheckerTest" name="testPrimeNumberChecker[Iteration # 930: Number: 932; isPrime? false]" time="0"/>
  <testcase classname="core.PrimeNumberCheckerTest" name="testPrimeNumberChecker[Iteration # 931: Number: 933; isPrime? false]" time="0"/>
  <testcase classname="core.PrimeNumberCheckerTest" name="testPrimeNumberChecker[Iteration # 932: Number: 934; isPrime? false]" time="0"/>
  <testcase classname="core.PrimeNumberCheckerTest" name="testPrimeNumberChecker[Iteration # 933: Number: 935; isPrime? false]" time="0.001"/>
  <testcase classname="core.PrimeNumberCheckerTest" name="testPrimeNumberChecker[Iteration # 934: Number: 936; isPrime? false]" time="0"/>
  <testcase classname="core.PrimeNumberCheckerTest" name="testPrimeNumberChecker[Iteration # 935: Number: 937; isPrime? true]" time="0.001"/>
  <testcase classname="core.PrimeNumberCheckerTest" name="testPrimeNumberChecker[Iteration # 936: Number: 938; isPrime? false]" time="0"/>
  <testcase classname="core.PrimeNumberCheckerTest" name="testPrimeNumberChecker[Iteration # 937: Number: 939; isPrime? false]" time="0"/>
  <testcase classname="core.PrimeNumberCheckerTest" name="testPrimeNumberChecker[Iteration # 938: Number: 940; isPrime? false]" time="0"/>
  <testcase classname="core.PrimeNumberCheckerTest" name="testPrimeNumberChecker[Iteration # 939: Number: 941; isPrime? true]" time="0"/>
  <testcase classname="core.PrimeNumberCheckerTest" name="testPrimeNumberChecker[Iteration # 940: Number: 942; isPrime? false]" time="0"/>
  <testcase classname="core.PrimeNumberCheckerTest" name="testPrimeNumberChecker[Iteration # 941: Number: 943; isPrime? false]" time="0"/>
  <testcase classname="core.PrimeNumberCheckerTest" name="testPrimeNumberChecker[Iteration # 942: Number: 944; isPrime? false]" time="0"/>
  <testcase classname="core.PrimeNumberCheckerTest" name="testPrimeNumberChecker[Iteration # 943: Number: 945; isPrime? false]" time="0"/>
  <testcase classname="core.PrimeNumberCheckerTest" name="testPrimeNumberChecker[Iteration # 944: Number: 946; isPrime? false]" time="0"/>
  <testcase classname="core.PrimeNumberCheckerTest" name="testPrimeNumberChecker[Iteration # 945: Number: 947; isPrime? true]" time="0"/>
  <testcase classname="core.PrimeNumberCheckerTest" name="testPrimeNumberChecker[Iteration # 946: Number: 948; isPrime? false]" time="0"/>
  <testcase classname="core.PrimeNumberCheckerTest" name="testPrimeNumberChecker[Iteration # 947: Number: 949; isPrime? false]" time="0"/>
  <testcase classname="core.PrimeNumberCheckerTest" name="testPrimeNumberChecker[Iteration # 948: Number: 950; isPrime? false]" time="0"/>
  <testcase classname="core.PrimeNumberCheckerTest" name="testPrimeNumberChecker[Iteration # 949: Number: 951; isPrime? false]" time="0"/>
  <testcase classname="core.PrimeNumberCheckerTest" name="testPrimeNumberChecker[Iteration # 950: Number: 952; isPrime? false]" time="0"/>
  <testcase classname="core.PrimeNumberCheckerTest" name="testPrimeNumberChecker[Iteration # 951: Number: 953; isPrime? true]" time="0.001"/>
  <testcase classname="core.PrimeNumberCheckerTest" name="testPrimeNumberChecker[Iteration # 952: Number: 954; isPrime? false]" time="0"/>
  <testcase classname="core.PrimeNumberCheckerTest" name="testPrimeNumberChecker[Iteration # 953: Number: 955; isPrime? false]" time="0"/>
  <testcase classname="core.PrimeNumberCheckerTest" name="testPrimeNumberChecker[Iteration # 954: Number: 956; isPrime? false]" time="0"/>
  <testcase classname="core.PrimeNumberCheckerTest" name="testPrimeNumberChecker[Iteration # 955: Number: 957; isPrime? false]" time="0.001"/>
  <testcase classname="core.PrimeNumberCheckerTest" name="testPrimeNumberChecker[Iteration # 956: Number: 958; isPrime? false]" time="0"/>
  <testcase classname="core.PrimeNumberCheckerTest" name="testPrimeNumberChecker[Iteration # 957: Number: 959; isPrime? false]" time="0"/>
  <testcase classname="core.PrimeNumberCheckerTest" name="testPrimeNumberChecker[Iteration # 958: Number: 960; isPrime? false]" time="0"/>
  <testcase classname="core.PrimeNumberCheckerTest" name="testPrimeNumberChecker[Iteration # 959: Number: 961; isPrime? false]" time="0"/>
  <testcase classname="core.PrimeNumberCheckerTest" name="testPrimeNumberChecker[Iteration # 960: Number: 962; isPrime? false]" time="0"/>
  <testcase classname="core.PrimeNumberCheckerTest" name="testPrimeNumberChecker[Iteration # 961: Number: 963; isPrime? false]" time="0"/>
  <testcase classname="core.PrimeNumberCheckerTest" name="testPrimeNumberChecker[Iteration # 962: Number: 964; isPrime? false]" time="0"/>
  <testcase classname="core.PrimeNumberCheckerTest" name="testPrimeNumberChecker[Iteration # 963: Number: 965; isPrime? false]" time="0"/>
  <testcase classname="core.PrimeNumberCheckerTest" name="testPrimeNumberChecker[Iteration # 964: Number: 966; isPrime? false]" time="0"/>
  <testcase classname="core.PrimeNumberCheckerTest" name="testPrimeNumberChecker[Iteration # 965: Number: 967; isPrime? true]" time="0"/>
  <testcase classname="core.PrimeNumberCheckerTest" name="testPrimeNumberChecker[Iteration # 966: Number: 968; isPrime? false]" time="0"/>
  <testcase classname="core.PrimeNumberCheckerTest" name="testPrimeNumberChecker[Iteration # 967: Number: 969; isPrime? false]" time="0"/>
  <testcase classname="core.PrimeNumberCheckerTest" name="testPrimeNumberChecker[Iteration # 968: Number: 970; isPrime? false]" time="0"/>
  <testcase classname="core.PrimeNumberCheckerTest" name="testPrimeNumberChecker[Iteration # 969: Number: 971; isPrime? true]" time="0"/>
  <testcase classname="core.PrimeNumberCheckerTest" name="testPrimeNumberChecker[Iteration # 970: Number: 972; isPrime? false]" time="0"/>
  <testcase classname="core.PrimeNumberCheckerTest" name="testPrimeNumberChecker[Iteration # 971: Number: 973; isPrime? false]" time="0"/>
  <testcase classname="core.PrimeNumberCheckerTest" name="testPrimeNumberChecker[Iteration # 972: Number: 974; isPrime? false]" time="0"/>
  <testcase classname="core.PrimeNumberCheckerTest" name="testPrimeNumberChecker[Iteration # 973: Number: 975; isPrime? false]" time="0"/>
  <testcase classname="core.PrimeNumberCheckerTest" name="testPrimeNumberChecker[Iteration # 974: Number: 976; isPrime? false]" time="0"/>
  <testcase classname="core.PrimeNumberCheckerTest" name="testPrimeNumberChecker[Iteration # 975: Number: 977; isPrime? true]" time="0"/>
  <testcase classname="core.PrimeNumberCheckerTest" name="testPrimeNumberChecker[Iteration # 976: Number: 978; isPrime? false]" time="0"/>
  <testcase classname="core.PrimeNumberCheckerTest" name="testPrimeNumberChecker[Iteration # 977: Number: 979; isPrime? false]" time="0"/>
  <testcase classname="core.PrimeNumberCheckerTest" name="testPrimeNumberChecker[Iteration # 978: Number: 980; isPrime? false]" time="0"/>
  <testcase classname="core.PrimeNumberCheckerTest" name="testPrimeNumberChecker[Iteration # 979: Number: 981; isPrime? false]" time="0"/>
  <testcase classname="core.PrimeNumberCheckerTest" name="testPrimeNumberChecker[Iteration # 980: Number: 982; isPrime? false]" time="0"/>
  <testcase classname="core.PrimeNumberCheckerTest" name="testPrimeNumberChecker[Iteration # 981: Number: 983; isPrime? true]" time="0"/>
  <testcase classname="core.PrimeNumberCheckerTest" name="testPrimeNumberChecker[Iteration # 982: Number: 984; isPrime? false]" time="0"/>
  <testcase classname="core.PrimeNumberCheckerTest" name="testPrimeNumberChecker[Iteration # 983: Number: 985; isPrime? false]" time="0"/>
  <testcase classname="core.PrimeNumberCheckerTest" name="testPrimeNumberChecker[Iteration # 984: Number: 986; isPrime? false]" time="0"/>
  <testcase classname="core.PrimeNumberCheckerTest" name="testPrimeNumberChecker[Iteration # 985: Number: 987; isPrime? false]" time="0"/>
  <testcase classname="core.PrimeNumberCheckerTest" name="testPrimeNumberChecker[Iteration # 986: Number: 988; isPrime? false]" time="0"/>
  <testcase classname="core.PrimeNumberCheckerTest" name="testPrimeNumberChecker[Iteration # 987: Number: 989; isPrime? false]" time="0.001"/>
  <testcase classname="core.PrimeNumberCheckerTest" name="testPrimeNumberChecker[Iteration # 988: Number: 990; isPrime? false]" time="0"/>
  <testcase classname="core.PrimeNumberCheckerTest" name="testPrimeNumberChecker[Iteration # 989: Number: 991; isPrime? true]" time="0"/>
  <testcase classname="core.PrimeNumberCheckerTest" name="testPrimeNumberChecker[Iteration # 990: Number: 992; isPrime? false]" time="0"/>
  <testcase classname="core.PrimeNumberCheckerTest" name="testPrimeNumberChecker[Iteration # 991: Number: 993; isPrime? false]" time="0.001"/>
  <testcase classname="core.PrimeNumberCheckerTest" name="testPrimeNumberChecker[Iteration # 992: Number: 994; isPrime? false]" time="0"/>
  <testcase classname="core.PrimeNumberCheckerTest" name="testPrimeNumberChecker[Iteration # 993: Number: 995; isPrime? false]" time="0"/>
  <testcase classname="core.PrimeNumberCheckerTest" name="testPrimeNumberChecker[Iteration # 994: Number: 996; isPrime? false]" time="0"/>
  <testcase classname="core.PrimeNumberCheckerTest" name="testPrimeNumberChecker[Iteration # 995: Number: 997; isPrime? true]" time="0"/>
  <testcase classname="core.PrimeNumberCheckerTest" name="testPrimeNumberChecker[Iteration # 996: Number: 998; isPrime? false]" time="0"/>
  <testcase classname="core.PrimeNumberCheckerTest" name="testPrimeNumberChecker[Iteration # 997: Number: 999; isPrime? false]" time="0"/>
  <testcase classname="core.PrimeNumberCheckerTest" name="testPrimeNumberChecker[Iteration # 998: Number: 1,000; isPrime? false]" time="0"/>
  <testcase classname="core.PrimeNumberCheckerTest" name="testPrimeNumberChecker[Iteration # 999: Number: 1,001; isPrime? false]" time="0"/>
  <testcase classname="core.PrimeNumberCheckerTest" name="testPrimeNumberChecker[Iteration # 1000: Number: 1,002; isPrime? false]" time="0"/>
  <testcase classname="core.PrimeNumberCheckerTest" name="testPrimeNumberChecker[Iteration # 1001: Number: 1,003; isPrime? false]" time="0"/>
  <testcase classname="core.PrimeNumberCheckerTest" name="testPrimeNumberChecker[Iteration # 1002: Number: 1,004; isPrime? false]" time="0"/>
  <testcase classname="core.PrimeNumberCheckerTest" name="testPrimeNumberChecker[Iteration # 1003: Number: 1,005; isPrime? false]" time="0"/>
  <testcase classname="core.PrimeNumberCheckerTest" name="testPrimeNumberChecker[Iteration # 1004: Number: 1,006; isPrime? false]" time="0"/>
  <testcase classname="core.PrimeNumberCheckerTest" name="testPrimeNumberChecker[Iteration # 1005: Number: 1,007; isPrime? false]" time="0"/>
  <testcase classname="core.PrimeNumberCheckerTest" name="testPrimeNumberChecker[Iteration # 1006: Number: 1,008; isPrime? false]" time="0"/>
  <testcase classname="core.PrimeNumberCheckerTest" name="testPrimeNumberChecker[Iteration # 1007: Number: 1,009; isPrime? true]" time="0"/>
  <testcase classname="core.PrimeNumberCheckerTest" name="testPrimeNumberChecker[Iteration # 1008: Number: 1,010; isPrime? false]" time="0"/>
  <testcase classname="core.PrimeNumberCheckerTest" name="testPrimeNumberChecker[Iteration # 1009: Number: 1,011; isPrime? false]" time="0"/>
  <testcase classname="core.PrimeNumberCheckerTest" name="testPrimeNumberChecker[Iteration # 1010: Number: 1,012; isPrime? false]" time="0"/>
  <testcase classname="core.PrimeNumberCheckerTest" name="testPrimeNumberChecker[Iteration # 1011: Number: 1,013; isPrime? true]" time="0"/>
  <testcase classname="core.PrimeNumberCheckerTest" name="testPrimeNumberChecker[Iteration # 1012: Number: 1,014; isPrime? false]" time="0"/>
  <testcase classname="core.PrimeNumberCheckerTest" name="testPrimeNumberChecker[Iteration # 1013: Number: 1,015; isPrime? false]" time="0"/>
  <testcase classname="core.PrimeNumberCheckerTest" name="testPrimeNumberChecker[Iteration # 1014: Number: 1,016; isPrime? false]" time="0"/>
  <testcase classname="core.PrimeNumberCheckerTest" name="testPrimeNumberChecker[Iteration # 1015: Number: 1,017; isPrime? false]" time="0"/>
  <testcase classname="core.PrimeNumberCheckerTest" name="testPrimeNumberChecker[Iteration # 1016: Number: 1,018; isPrime? false]" time="0"/>
  <testcase classname="core.PrimeNumberCheckerTest" name="testPrimeNumberChecker[Iteration # 1017: Number: 1,019; isPrime? true]" time="0"/>
  <testcase classname="core.PrimeNumberCheckerTest" name="testPrimeNumberChecker[Iteration # 1018: Number: 1,020; isPrime? false]" time="0"/>
  <testcase classname="core.PrimeNumberCheckerTest" name="testPrimeNumberChecker[Iteration # 1019: Number: 1,021; isPrime? true]" time="0"/>
  <testcase classname="core.PrimeNumberCheckerTest" name="testPrimeNumberChecker[Iteration # 1020: Number: 1,022; isPrime? false]" time="0"/>
  <testcase classname="core.PrimeNumberCheckerTest" name="testPrimeNumberChecker[Iteration # 1021: Number: 1,023; isPrime? false]" time="0"/>
  <testcase classname="core.PrimeNumberCheckerTest" name="testPrimeNumberChecker[Iteration # 1022: Number: 1,024; isPrime? false]" time="0"/>
  <testcase classname="core.PrimeNumberCheckerTest" name="testPrimeNumberChecker[Iteration # 1023: Number: 1,025; isPrime? false]" time="0"/>
  <testcase classname="core.PrimeNumberCheckerTest" name="testPrimeNumberChecker[Iteration # 1024: Number: 1,026; isPrime? false]" time="0"/>
  <testcase classname="core.PrimeNumberCheckerTest" name="testPrimeNumberChecker[Iteration # 1025: Number: 1,027; isPrime? false]" time="0"/>
  <testcase classname="core.PrimeNumberCheckerTest" name="testPrimeNumberChecker[Iteration # 1026: Number: 1,028; isPrime? false]" time="0"/>
  <testcase classname="core.PrimeNumberCheckerTest" name="testPrimeNumberChecker[Iteration # 1027: Number: 1,029; isPrime? false]" time="0"/>
  <testcase classname="core.PrimeNumberCheckerTest" name="testPrimeNumberChecker[Iteration # 1028: Number: 1,030; isPrime? false]" time="0.001"/>
  <testcase classname="core.PrimeNumberCheckerTest" name="testPrimeNumberChecker[Iteration # 1029: Number: 1,031; isPrime? true]" time="0"/>
  <testcase classname="core.PrimeNumberCheckerTest" name="testPrimeNumberChecker[Iteration # 1030: Number: 1,032; isPrime? false]" time="0"/>
  <testcase classname="core.PrimeNumberCheckerTest" name="testPrimeNumberChecker[Iteration # 1031: Number: 1,033; isPrime? true]" time="0"/>
  <testcase classname="core.PrimeNumberCheckerTest" name="testPrimeNumberChecker[Iteration # 1032: Number: 1,034; isPrime? false]" time="0"/>
  <testcase classname="core.PrimeNumberCheckerTest" name="testPrimeNumberChecker[Iteration # 1033: Number: 1,035; isPrime? false]" time="0"/>
  <testcase classname="core.PrimeNumberCheckerTest" name="testPrimeNumberChecker[Iteration # 1034: Number: 1,036; isPrime? false]" time="0"/>
  <testcase classname="core.PrimeNumberCheckerTest" name="testPrimeNumberChecker[Iteration # 1035: Number: 1,037; isPrime? false]" time="0"/>
  <testcase classname="core.PrimeNumberCheckerTest" name="testPrimeNumberChecker[Iteration # 1036: Number: 1,038; isPrime? false]" time="0"/>
  <testcase classname="core.PrimeNumberCheckerTest" name="testPrimeNumberChecker[Iteration # 1037: Number: 1,039; isPrime? true]" time="0"/>
  <testcase classname="core.PrimeNumberCheckerTest" name="testPrimeNumberChecker[Iteration # 1038: Number: 1,040; isPrime? false]" time="0"/>
  <testcase classname="core.PrimeNumberCheckerTest" name="testPrimeNumberChecker[Iteration # 1039: Number: 1,041; isPrime? false]" time="0"/>
  <testcase classname="core.PrimeNumberCheckerTest" name="testPrimeNumberChecker[Iteration # 1040: Number: 1,042; isPrime? false]" time="0"/>
  <testcase classname="core.PrimeNumberCheckerTest" name="testPrimeNumberChecker[Iteration # 1041: Number: 1,043; isPrime? false]" time="0"/>
  <testcase classname="core.PrimeNumberCheckerTest" name="testPrimeNumberChecker[Iteration # 1042: Number: 1,044; isPrime? false]" time="0"/>
  <testcase classname="core.PrimeNumberCheckerTest" name="testPrimeNumberChecker[Iteration # 1043: Number: 1,045; isPrime? false]" time="0"/>
  <testcase classname="core.PrimeNumberCheckerTest" name="testPrimeNumberChecker[Iteration # 1044: Number: 1,046; isPrime? false]" time="0"/>
  <testcase classname="core.PrimeNumberCheckerTest" name="testPrimeNumberChecker[Iteration # 1045: Number: 1,047; isPrime? false]" time="0.001"/>
  <testcase classname="core.PrimeNumberCheckerTest" name="testPrimeNumberChecker[Iteration # 1046: Number: 1,048; isPrime? false]" time="0"/>
  <testcase classname="core.PrimeNumberCheckerTest" name="testPrimeNumberChecker[Iteration # 1047: Number: 1,049; isPrime? true]" time="0"/>
  <testcase classname="core.PrimeNumberCheckerTest" name="testPrimeNumberChecker[Iteration # 1048: Number: 1,050; isPrime? false]" time="0"/>
  <testcase classname="core.PrimeNumberCheckerTest" name="testPrimeNumberChecker[Iteration # 1049: Number: 1,051; isPrime? true]" time="0"/>
  <testcase classname="core.PrimeNumberCheckerTest" name="testPrimeNumberChecker[Iteration # 1050: Number: 1,052; isPrime? false]" time="0"/>
  <testcase classname="core.PrimeNumberCheckerTest" name="testPrimeNumberChecker[Iteration # 1051: Number: 1,053; isPrime? false]" time="0"/>
  <testcase classname="core.PrimeNumberCheckerTest" name="testPrimeNumberChecker[Iteration # 1052: Number: 1,054; isPrime? false]" time="0.002"/>
  <testcase classname="core.PrimeNumberCheckerTest" name="testPrimeNumberChecker[Iteration # 1053: Number: 1,055; isPrime? false]" time="0"/>
  <testcase classname="core.PrimeNumberCheckerTest" name="testPrimeNumberChecker[Iteration # 1054: Number: 1,056; isPrime? false]" time="0"/>
  <testcase classname="core.PrimeNumberCheckerTest" name="testPrimeNumberChecker[Iteration # 1055: Number: 1,057; isPrime? false]" time="0"/>
  <testcase classname="core.PrimeNumberCheckerTest" name="testPrimeNumberChecker[Iteration # 1056: Number: 1,058; isPrime? false]" time="0"/>
  <testcase classname="core.PrimeNumberCheckerTest" name="testPrimeNumberChecker[Iteration # 1057: Number: 1,059; isPrime? false]" time="0"/>
  <testcase classname="core.PrimeNumberCheckerTest" name="testPrimeNumberChecker[Iteration # 1058: Number: 1,060; isPrime? false]" time="0"/>
  <testcase classname="core.PrimeNumberCheckerTest" name="testPrimeNumberChecker[Iteration # 1059: Number: 1,061; isPrime? true]" time="0"/>
  <testcase classname="core.PrimeNumberCheckerTest" name="testPrimeNumberChecker[Iteration # 1060: Number: 1,062; isPrime? false]" time="0"/>
  <testcase classname="core.PrimeNumberCheckerTest" name="testPrimeNumberChecker[Iteration # 1061: Number: 1,063; isPrime? true]" time="0"/>
  <testcase classname="core.PrimeNumberCheckerTest" name="testPrimeNumberChecker[Iteration # 1062: Number: 1,064; isPrime? false]" time="0"/>
  <testcase classname="core.PrimeNumberCheckerTest" name="testPrimeNumberChecker[Iteration # 1063: Number: 1,065; isPrime? false]" time="0"/>
  <testcase classname="core.PrimeNumberCheckerTest" name="testPrimeNumberChecker[Iteration # 1064: Number: 1,066; isPrime? false]" time="0"/>
  <testcase classname="core.PrimeNumberCheckerTest" name="testPrimeNumberChecker[Iteration # 1065: Number: 1,067; isPrime? false]" time="0"/>
  <testcase classname="core.PrimeNumberCheckerTest" name="testPrimeNumberChecker[Iteration # 1066: Number: 1,068; isPrime? false]" time="0"/>
  <testcase classname="core.PrimeNumberCheckerTest" name="testPrimeNumberChecker[Iteration # 1067: Number: 1,069; isPrime? true]" time="0"/>
  <testcase classname="core.PrimeNumberCheckerTest" name="testPrimeNumberChecker[Iteration # 1068: Number: 1,070; isPrime? false]" time="0"/>
  <testcase classname="core.PrimeNumberCheckerTest" name="testPrimeNumberChecker[Iteration # 1069: Number: 1,071; isPrime? false]" time="0"/>
  <testcase classname="core.PrimeNumberCheckerTest" name="testPrimeNumberChecker[Iteration # 1070: Number: 1,072; isPrime? false]" time="0"/>
  <testcase classname="core.PrimeNumberCheckerTest" name="testPrimeNumberChecker[Iteration # 1071: Number: 1,073; isPrime? false]" time="0"/>
  <testcase classname="core.PrimeNumberCheckerTest" name="testPrimeNumberChecker[Iteration # 1072: Number: 1,074; isPrime? false]" time="0.004"/>
  <testcase classname="core.PrimeNumberCheckerTest" name="testPrimeNumberChecker[Iteration # 1073: Number: 1,075; isPrime? false]" time="0"/>
  <testcase classname="core.PrimeNumberCheckerTest" name="testPrimeNumberChecker[Iteration # 1074: Number: 1,076; isPrime? false]" time="0"/>
  <testcase classname="core.PrimeNumberCheckerTest" name="testPrimeNumberChecker[Iteration # 1075: Number: 1,077; isPrime? false]" time="0"/>
  <testcase classname="core.PrimeNumberCheckerTest" name="testPrimeNumberChecker[Iteration # 1076: Number: 1,078; isPrime? false]" time="0"/>
  <testcase classname="core.PrimeNumberCheckerTest" name="testPrimeNumberChecker[Iteration # 1077: Number: 1,079; isPrime? false]" time="0"/>
  <testcase classname="core.PrimeNumberCheckerTest" name="testPrimeNumberChecker[Iteration # 1078: Number: 1,080; isPrime? false]" time="0"/>
  <testcase classname="core.PrimeNumberCheckerTest" name="testPrimeNumberChecker[Iteration # 1079: Number: 1,081; isPrime? false]" time="0"/>
  <testcase classname="core.PrimeNumberCheckerTest" name="testPrimeNumberChecker[Iteration # 1080: Number: 1,082; isPrime? false]" time="0"/>
  <testcase classname="core.PrimeNumberCheckerTest" name="testPrimeNumberChecker[Iteration # 1081: Number: 1,083; isPrime? false]" time="0"/>
  <testcase classname="core.PrimeNumberCheckerTest" name="testPrimeNumberChecker[Iteration # 1082: Number: 1,084; isPrime? false]" time="0"/>
  <testcase classname="core.PrimeNumberCheckerTest" name="testPrimeNumberChecker[Iteration # 1083: Number: 1,085; isPrime? false]" time="0"/>
  <testcase classname="core.PrimeNumberCheckerTest" name="testPrimeNumberChecker[Iteration # 1084: Number: 1,086; isPrime? false]" time="0"/>
  <testcase classname="core.PrimeNumberCheckerTest" name="testPrimeNumberChecker[Iteration # 1085: Number: 1,087; isPrime? true]" time="0"/>
  <testcase classname="core.PrimeNumberCheckerTest" name="testPrimeNumberChecker[Iteration # 1086: Number: 1,088; isPrime? false]" time="0.001"/>
  <testcase classname="core.PrimeNumberCheckerTest" name="testPrimeNumberChecker[Iteration # 1087: Number: 1,089; isPrime? false]" time="0"/>
  <testcase classname="core.PrimeNumberCheckerTest" name="testPrimeNumberChecker[Iteration # 1088: Number: 1,090; isPrime? false]" time="0"/>
  <testcase classname="core.PrimeNumberCheckerTest" name="testPrimeNumberChecker[Iteration # 1089: Number: 1,091; isPrime? true]" time="0"/>
  <testcase classname="core.PrimeNumberCheckerTest" name="testPrimeNumberChecker[Iteration # 1090: Number: 1,092; isPrime? false]" time="0"/>
  <testcase classname="core.PrimeNumberCheckerTest" name="testPrimeNumberChecker[Iteration # 1091: Number: 1,093; isPrime? true]" time="0"/>
  <testcase classname="core.PrimeNumberCheckerTest" name="testPrimeNumberChecker[Iteration # 1092: Number: 1,094; isPrime? false]" time="0"/>
  <testcase classname="core.PrimeNumberCheckerTest" name="testPrimeNumberChecker[Iteration # 1093: Number: 1,095; isPrime? false]" time="0"/>
  <testcase classname="core.PrimeNumberCheckerTest" name="testPrimeNumberChecker[Iteration # 1094: Number: 1,096; isPrime? false]" time="0"/>
  <testcase classname="core.PrimeNumberCheckerTest" name="testPrimeNumberChecker[Iteration # 1095: Number: 1,097; isPrime? true]" time="0"/>
  <testcase classname="core.PrimeNumberCheckerTest" name="testPrimeNumberChecker[Iteration # 1096: Number: 1,098; isPrime? false]" time="0"/>
  <testcase classname="core.PrimeNumberCheckerTest" name="testPrimeNumberChecker[Iteration # 1097: Number: 1,099; isPrime? false]" time="0"/>
  <testcase classname="core.PrimeNumberCheckerTest" name="testPrimeNumberChecker[Iteration # 1098: Number: 1,100; isPrime? false]" time="0"/>
  <testcase classname="core.PrimeNumberCheckerTest" name="testPrimeNumberChecker[Iteration # 1099: Number: 1,101; isPrime? false]" time="0"/>
  <testcase classname="core.PrimeNumberCheckerTest" name="testPrimeNumberChecker[Iteration # 1100: Number: 1,102; isPrime? false]" time="0"/>
  <testcase classname="core.PrimeNumberCheckerTest" name="testPrimeNumberChecker[Iteration # 1101: Number: 1,103; isPrime? true]" time="0"/>
  <testcase classname="core.PrimeNumberCheckerTest" name="testPrimeNumberChecker[Iteration # 1102: Number: 1,104; isPrime? false]" time="0.001"/>
  <testcase classname="core.PrimeNumberCheckerTest" name="testPrimeNumberChecker[Iteration # 1103: Number: 1,105; isPrime? false]" time="0"/>
  <testcase classname="core.PrimeNumberCheckerTest" name="testPrimeNumberChecker[Iteration # 1104: Number: 1,106; isPrime? false]" time="0"/>
  <testcase classname="core.PrimeNumberCheckerTest" name="testPrimeNumberChecker[Iteration # 1105: Number: 1,107; isPrime? false]" time="0"/>
  <testcase classname="core.PrimeNumberCheckerTest" name="testPrimeNumberChecker[Iteration # 1106: Number: 1,108; isPrime? false]" time="0"/>
  <testcase classname="core.PrimeNumberCheckerTest" name="testPrimeNumberChecker[Iteration # 1107: Number: 1,109; isPrime? true]" time="0"/>
  <testcase classname="core.PrimeNumberCheckerTest" name="testPrimeNumberChecker[Iteration # 1108: Number: 1,110; isPrime? false]" time="0.002"/>
  <testcase classname="core.PrimeNumberCheckerTest" name="testPrimeNumberChecker[Iteration # 1109: Number: 1,111; isPrime? false]" time="0"/>
  <testcase classname="core.PrimeNumberCheckerTest" name="testPrimeNumberChecker[Iteration # 1110: Number: 1,112; isPrime? false]" time="0"/>
  <testcase classname="core.PrimeNumberCheckerTest" name="testPrimeNumberChecker[Iteration # 1111: Number: 1,113; isPrime? false]" time="0"/>
  <testcase classname="core.PrimeNumberCheckerTest" name="testPrimeNumberChecker[Iteration # 1112: Number: 1,114; isPrime? false]" time="0"/>
  <testcase classname="core.PrimeNumberCheckerTest" name="testPrimeNumberChecker[Iteration # 1113: Number: 1,115; isPrime? false]" time="0"/>
  <testcase classname="core.PrimeNumberCheckerTest" name="testPrimeNumberChecker[Iteration # 1114: Number: 1,116; isPrime? false]" time="0"/>
  <testcase classname="core.PrimeNumberCheckerTest" name="testPrimeNumberChecker[Iteration # 1115: Number: 1,117; isPrime? true]" time="0"/>
  <testcase classname="core.PrimeNumberCheckerTest" name="testPrimeNumberChecker[Iteration # 1116: Number: 1,118; isPrime? false]" time="0"/>
  <testcase classname="core.PrimeNumberCheckerTest" name="testPrimeNumberChecker[Iteration # 1117: Number: 1,119; isPrime? false]" time="0"/>
  <testcase classname="core.PrimeNumberCheckerTest" name="testPrimeNumberChecker[Iteration # 1118: Number: 1,120; isPrime? false]" time="0"/>
  <testcase classname="core.PrimeNumberCheckerTest" name="testPrimeNumberChecker[Iteration # 1119: Number: 1,121; isPrime? false]" time="0"/>
  <testcase classname="core.PrimeNumberCheckerTest" name="testPrimeNumberChecker[Iteration # 1120: Number: 1,122; isPrime? false]" time="0"/>
  <testcase classname="core.PrimeNumberCheckerTest" name="testPrimeNumberChecker[Iteration # 1121: Number: 1,123; isPrime? true]" time="0.001"/>
  <testcase classname="core.PrimeNumberCheckerTest" name="testPrimeNumberChecker[Iteration # 1122: Number: 1,124; isPrime? false]" time="0"/>
  <testcase classname="core.PrimeNumberCheckerTest" name="testPrimeNumberChecker[Iteration # 1123: Number: 1,125; isPrime? false]" time="0"/>
  <testcase classname="core.PrimeNumberCheckerTest" name="testPrimeNumberChecker[Iteration # 1124: Number: 1,126; isPrime? false]" time="0"/>
  <testcase classname="core.PrimeNumberCheckerTest" name="testPrimeNumberChecker[Iteration # 1125: Number: 1,127; isPrime? false]" time="0"/>
  <testcase classname="core.PrimeNumberCheckerTest" name="testPrimeNumberChecker[Iteration # 1126: Number: 1,128; isPrime? false]" time="0"/>
  <testcase classname="core.PrimeNumberCheckerTest" name="testPrimeNumberChecker[Iteration # 1127: Number: 1,129; isPrime? true]" time="0"/>
  <testcase classname="core.PrimeNumberCheckerTest" name="testPrimeNumberChecker[Iteration # 1128: Number: 1,130; isPrime? false]" time="0"/>
  <testcase classname="core.PrimeNumberCheckerTest" name="testPrimeNumberChecker[Iteration # 1129: Number: 1,131; isPrime? false]" time="0"/>
  <testcase classname="core.PrimeNumberCheckerTest" name="testPrimeNumberChecker[Iteration # 1130: Number: 1,132; isPrime? false]" time="0.001"/>
  <testcase classname="core.PrimeNumberCheckerTest" name="testPrimeNumberChecker[Iteration # 1131: Number: 1,133; isPrime? false]" time="0"/>
  <testcase classname="core.PrimeNumberCheckerTest" name="testPrimeNumberChecker[Iteration # 1132: Number: 1,134; isPrime? false]" time="0"/>
  <testcase classname="core.PrimeNumberCheckerTest" name="testPrimeNumberChecker[Iteration # 1133: Number: 1,135; isPrime? false]" time="0"/>
  <testcase classname="core.PrimeNumberCheckerTest" name="testPrimeNumberChecker[Iteration # 1134: Number: 1,136; isPrime? false]" time="0"/>
  <testcase classname="core.PrimeNumberCheckerTest" name="testPrimeNumberChecker[Iteration # 1135: Number: 1,137; isPrime? false]" time="0"/>
  <testcase classname="core.PrimeNumberCheckerTest" name="testPrimeNumberChecker[Iteration # 1136: Number: 1,138; isPrime? false]" time="0"/>
  <testcase classname="core.PrimeNumberCheckerTest" name="testPrimeNumberChecker[Iteration # 1137: Number: 1,139; isPrime? false]" time="0"/>
  <testcase classname="core.PrimeNumberCheckerTest" name="testPrimeNumberChecker[Iteration # 1138: Number: 1,140; isPrime? false]" time="0"/>
  <testcase classname="core.PrimeNumberCheckerTest" name="testPrimeNumberChecker[Iteration # 1139: Number: 1,141; isPrime? false]" time="0"/>
  <testcase classname="core.PrimeNumberCheckerTest" name="testPrimeNumberChecker[Iteration # 1140: Number: 1,142; isPrime? false]" time="0"/>
  <testcase classname="core.PrimeNumberCheckerTest" name="testPrimeNumberChecker[Iteration # 1141: Number: 1,143; isPrime? false]" time="0"/>
  <testcase classname="core.PrimeNumberCheckerTest" name="testPrimeNumberChecker[Iteration # 1142: Number: 1,144; isPrime? false]" time="0"/>
  <testcase classname="core.PrimeNumberCheckerTest" name="testPrimeNumberChecker[Iteration # 1143: Number: 1,145; isPrime? false]" time="0.001"/>
  <testcase classname="core.PrimeNumberCheckerTest" name="testPrimeNumberChecker[Iteration # 1144: Number: 1,146; isPrime? false]" time="0"/>
  <testcase classname="core.PrimeNumberCheckerTest" name="testPrimeNumberChecker[Iteration # 1145: Number: 1,147; isPrime? false]" time="0"/>
  <testcase classname="core.PrimeNumberCheckerTest" name="testPrimeNumberChecker[Iteration # 1146: Number: 1,148; isPrime? false]" time="0"/>
  <testcase classname="core.PrimeNumberCheckerTest" name="testPrimeNumberChecker[Iteration # 1147: Number: 1,149; isPrime? false]" time="0"/>
  <testcase classname="core.PrimeNumberCheckerTest" name="testPrimeNumberChecker[Iteration # 1148: Number: 1,150; isPrime? false]" time="0"/>
  <testcase classname="core.PrimeNumberCheckerTest" name="testPrimeNumberChecker[Iteration # 1149: Number: 1,151; isPrime? true]" time="0"/>
  <testcase classname="core.PrimeNumberCheckerTest" name="testPrimeNumberChecker[Iteration # 1150: Number: 1,152; isPrime? false]" time="0"/>
  <testcase classname="core.PrimeNumberCheckerTest" name="testPrimeNumberChecker[Iteration # 1151: Number: 1,153; isPrime? true]" time="0"/>
  <testcase classname="core.PrimeNumberCheckerTest" name="testPrimeNumberChecker[Iteration # 1152: Number: 1,154; isPrime? false]" time="0"/>
  <testcase classname="core.PrimeNumberCheckerTest" name="testPrimeNumberChecker[Iteration # 1153: Number: 1,155; isPrime? false]" time="0"/>
  <testcase classname="core.PrimeNumberCheckerTest" name="testPrimeNumberChecker[Iteration # 1154: Number: 1,156; isPrime? false]" time="0"/>
  <testcase classname="core.PrimeNumberCheckerTest" name="testPrimeNumberChecker[Iteration # 1155: Number: 1,157; isPrime? false]" time="0"/>
  <testcase classname="core.PrimeNumberCheckerTest" name="testPrimeNumberChecker[Iteration # 1156: Number: 1,158; isPrime? false]" time="0.003"/>
  <testcase classname="core.PrimeNumberCheckerTest" name="testPrimeNumberChecker[Iteration # 1157: Number: 1,159; isPrime? false]" time="0"/>
  <testcase classname="core.PrimeNumberCheckerTest" name="testPrimeNumberChecker[Iteration # 1158: Number: 1,160; isPrime? false]" time="0"/>
  <testcase classname="core.PrimeNumberCheckerTest" name="testPrimeNumberChecker[Iteration # 1159: Number: 1,161; isPrime? false]" time="0"/>
  <testcase classname="core.PrimeNumberCheckerTest" name="testPrimeNumberChecker[Iteration # 1160: Number: 1,162; isPrime? false]" time="0"/>
  <testcase classname="core.PrimeNumberCheckerTest" name="testPrimeNumberChecker[Iteration # 1161: Number: 1,163; isPrime? true]" time="0"/>
  <testcase classname="core.PrimeNumberCheckerTest" name="testPrimeNumberChecker[Iteration # 1162: Number: 1,164; isPrime? false]" time="0"/>
  <testcase classname="core.PrimeNumberCheckerTest" name="testPrimeNumberChecker[Iteration # 1163: Number: 1,165; isPrime? false]" time="0"/>
  <testcase classname="core.PrimeNumberCheckerTest" name="testPrimeNumberChecker[Iteration # 1164: Number: 1,166; isPrime? false]" time="0"/>
  <testcase classname="core.PrimeNumberCheckerTest" name="testPrimeNumberChecker[Iteration # 1165: Number: 1,167; isPrime? false]" time="0"/>
  <testcase classname="core.PrimeNumberCheckerTest" name="testPrimeNumberChecker[Iteration # 1166: Number: 1,168; isPrime? false]" time="0"/>
  <testcase classname="core.PrimeNumberCheckerTest" name="testPrimeNumberChecker[Iteration # 1167: Number: 1,169; isPrime? false]" time="0"/>
  <testcase classname="core.PrimeNumberCheckerTest" name="testPrimeNumberChecker[Iteration # 1168: Number: 1,170; isPrime? false]" time="0"/>
  <testcase classname="core.PrimeNumberCheckerTest" name="testPrimeNumberChecker[Iteration # 1169: Number: 1,171; isPrime? true]" time="0"/>
  <testcase classname="core.PrimeNumberCheckerTest" name="testPrimeNumberChecker[Iteration # 1170: Number: 1,172; isPrime? false]" time="0"/>
  <testcase classname="core.PrimeNumberCheckerTest" name="testPrimeNumberChecker[Iteration # 1171: Number: 1,173; isPrime? false]" time="0"/>
  <testcase classname="core.PrimeNumberCheckerTest" name="testPrimeNumberChecker[Iteration # 1172: Number: 1,174; isPrime? false]" time="0"/>
  <testcase classname="core.PrimeNumberCheckerTest" name="testPrimeNumberChecker[Iteration # 1173: Number: 1,175; isPrime? false]" time="0"/>
  <testcase classname="core.PrimeNumberCheckerTest" name="testPrimeNumberChecker[Iteration # 1174: Number: 1,176; isPrime? false]" time="0"/>
  <testcase classname="core.PrimeNumberCheckerTest" name="testPrimeNumberChecker[Iteration # 1175: Number: 1,177; isPrime? false]" time="0"/>
  <testcase classname="core.PrimeNumberCheckerTest" name="testPrimeNumberChecker[Iteration # 1176: Number: 1,178; isPrime? false]" time="0"/>
  <testcase classname="core.PrimeNumberCheckerTest" name="testPrimeNumberChecker[Iteration # 1177: Number: 1,179; isPrime? false]" time="0"/>
  <testcase classname="core.PrimeNumberCheckerTest" name="testPrimeNumberChecker[Iteration # 1178: Number: 1,180; isPrime? false]" time="0"/>
  <testcase classname="core.PrimeNumberCheckerTest" name="testPrimeNumberChecker[Iteration # 1179: Number: 1,181; isPrime? true]" time="0"/>
  <testcase classname="core.PrimeNumberCheckerTest" name="testPrimeNumberChecker[Iteration # 1180: Number: 1,182; isPrime? false]" time="0"/>
  <testcase classname="core.PrimeNumberCheckerTest" name="testPrimeNumberChecker[Iteration # 1181: Number: 1,183; isPrime? false]" time="0"/>
  <testcase classname="core.PrimeNumberCheckerTest" name="testPrimeNumberChecker[Iteration # 1182: Number: 1,184; isPrime? false]" time="0"/>
  <testcase classname="core.PrimeNumberCheckerTest" name="testPrimeNumberChecker[Iteration # 1183: Number: 1,185; isPrime? false]" time="0"/>
  <testcase classname="core.PrimeNumberCheckerTest" name="testPrimeNumberChecker[Iteration # 1184: Number: 1,186; isPrime? false]" time="0"/>
  <testcase classname="core.PrimeNumberCheckerTest" name="testPrimeNumberChecker[Iteration # 1185: Number: 1,187; isPrime? true]" time="0"/>
  <testcase classname="core.PrimeNumberCheckerTest" name="testPrimeNumberChecker[Iteration # 1186: Number: 1,188; isPrime? false]" time="0.001"/>
  <testcase classname="core.PrimeNumberCheckerTest" name="testPrimeNumberChecker[Iteration # 1187: Number: 1,189; isPrime? false]" time="0.009"/>
  <testcase classname="core.PrimeNumberCheckerTest" name="testPrimeNumberChecker[Iteration # 1188: Number: 1,190; isPrime? false]" time="0"/>
  <testcase classname="core.PrimeNumberCheckerTest" name="testPrimeNumberChecker[Iteration # 1189: Number: 1,191; isPrime? false]" time="0.001"/>
  <testcase classname="core.PrimeNumberCheckerTest" name="testPrimeNumberChecker[Iteration # 1190: Number: 1,192; isPrime? false]" time="0"/>
  <testcase classname="core.PrimeNumberCheckerTest" name="testPrimeNumberChecker[Iteration # 1191: Number: 1,193; isPrime? true]" time="0"/>
  <testcase classname="core.PrimeNumberCheckerTest" name="testPrimeNumberChecker[Iteration # 1192: Number: 1,194; isPrime? false]" time="0"/>
  <testcase classname="core.PrimeNumberCheckerTest" name="testPrimeNumberChecker[Iteration # 1193: Number: 1,195; isPrime? false]" time="0"/>
  <testcase classname="core.PrimeNumberCheckerTest" name="testPrimeNumberChecker[Iteration # 1194: Number: 1,196; isPrime? false]" time="0"/>
  <testcase classname="core.PrimeNumberCheckerTest" name="testPrimeNumberChecker[Iteration # 1195: Number: 1,197; isPrime? false]" time="0"/>
  <testcase classname="core.PrimeNumberCheckerTest" name="testPrimeNumberChecker[Iteration # 1196: Number: 1,198; isPrime? false]" time="0.001"/>
  <testcase classname="core.PrimeNumberCheckerTest" name="testPrimeNumberChecker[Iteration # 1197: Number: 1,199; isPrime? false]" time="0"/>
  <testcase classname="core.PrimeNumberCheckerTest" name="testPrimeNumberChecker[Iteration # 1198: Number: 1,200; isPrime? false]" time="0"/>
  <testcase classname="core.PrimeNumberCheckerTest" name="testPrimeNumberChecker[Iteration # 1199: Number: 1,201; isPrime? true]" time="0"/>
  <testcase classname="core.PrimeNumberCheckerTest" name="testPrimeNumberChecker[Iteration # 1200: Number: 1,202; isPrime? false]" time="0"/>
  <testcase classname="core.PrimeNumberCheckerTest" name="testPrimeNumberChecker[Iteration # 1201: Number: 1,203; isPrime? false]" time="0"/>
  <testcase classname="core.PrimeNumberCheckerTest" name="testPrimeNumberChecker[Iteration # 1202: Number: 1,204; isPrime? false]" time="0"/>
  <testcase classname="core.PrimeNumberCheckerTest" name="testPrimeNumberChecker[Iteration # 1203: Number: 1,205; isPrime? false]" time="0"/>
  <testcase classname="core.PrimeNumberCheckerTest" name="testPrimeNumberChecker[Iteration # 1204: Number: 1,206; isPrime? false]" time="0"/>
  <testcase classname="core.PrimeNumberCheckerTest" name="testPrimeNumberChecker[Iteration # 1205: Number: 1,207; isPrime? false]" time="0"/>
  <testcase classname="core.PrimeNumberCheckerTest" name="testPrimeNumberChecker[Iteration # 1206: Number: 1,208; isPrime? false]" time="0"/>
  <testcase classname="core.PrimeNumberCheckerTest" name="testPrimeNumberChecker[Iteration # 1207: Number: 1,209; isPrime? false]" time="0"/>
  <testcase classname="core.PrimeNumberCheckerTest" name="testPrimeNumberChecker[Iteration # 1208: Number: 1,210; isPrime? false]" time="0"/>
  <testcase classname="core.PrimeNumberCheckerTest" name="testPrimeNumberChecker[Iteration # 1209: Number: 1,211; isPrime? false]" time="0"/>
  <testcase classname="core.PrimeNumberCheckerTest" name="testPrimeNumberChecker[Iteration # 1210: Number: 1,212; isPrime? false]" time="0"/>
  <testcase classname="core.PrimeNumberCheckerTest" name="testPrimeNumberChecker[Iteration # 1211: Number: 1,213; isPrime? true]" time="0"/>
  <testcase classname="core.PrimeNumberCheckerTest" name="testPrimeNumberChecker[Iteration # 1212: Number: 1,214; isPrime? false]" time="0"/>
  <testcase classname="core.PrimeNumberCheckerTest" name="testPrimeNumberChecker[Iteration # 1213: Number: 1,215; isPrime? false]" time="0"/>
  <testcase classname="core.PrimeNumberCheckerTest" name="testPrimeNumberChecker[Iteration # 1214: Number: 1,216; isPrime? false]" time="0"/>
  <testcase classname="core.PrimeNumberCheckerTest" name="testPrimeNumberChecker[Iteration # 1215: Number: 1,217; isPrime? true]" time="0"/>
  <testcase classname="core.PrimeNumberCheckerTest" name="testPrimeNumberChecker[Iteration # 1216: Number: 1,218; isPrime? false]" time="0"/>
  <testcase classname="core.PrimeNumberCheckerTest" name="testPrimeNumberChecker[Iteration # 1217: Number: 1,219; isPrime? false]" time="0"/>
  <testcase classname="core.PrimeNumberCheckerTest" name="testPrimeNumberChecker[Iteration # 1218: Number: 1,220; isPrime? false]" time="0.001"/>
  <testcase classname="core.PrimeNumberCheckerTest" name="testPrimeNumberChecker[Iteration # 1219: Number: 1,221; isPrime? false]" time="0"/>
  <testcase classname="core.PrimeNumberCheckerTest" name="testPrimeNumberChecker[Iteration # 1220: Number: 1,222; isPrime? false]" time="0"/>
  <testcase classname="core.PrimeNumberCheckerTest" name="testPrimeNumberChecker[Iteration # 1221: Number: 1,223; isPrime? true]" time="0"/>
  <testcase classname="core.PrimeNumberCheckerTest" name="testPrimeNumberChecker[Iteration # 1222: Number: 1,224; isPrime? false]" time="0"/>
  <testcase classname="core.PrimeNumberCheckerTest" name="testPrimeNumberChecker[Iteration # 1223: Number: 1,225; isPrime? false]" time="0"/>
  <testcase classname="core.PrimeNumberCheckerTest" name="testPrimeNumberChecker[Iteration # 1224: Number: 1,226; isPrime? false]" time="0"/>
  <testcase classname="core.PrimeNumberCheckerTest" name="testPrimeNumberChecker[Iteration # 1225: Number: 1,227; isPrime? false]" time="0"/>
  <testcase classname="core.PrimeNumberCheckerTest" name="testPrimeNumberChecker[Iteration # 1226: Number: 1,228; isPrime? false]" time="0"/>
  <testcase classname="core.PrimeNumberCheckerTest" name="testPrimeNumberChecker[Iteration # 1227: Number: 1,229; isPrime? true]" time="0"/>
  <testcase classname="core.PrimeNumberCheckerTest" name="testPrimeNumberChecker[Iteration # 1228: Number: 1,230; isPrime? false]" time="0"/>
  <testcase classname="core.PrimeNumberCheckerTest" name="testPrimeNumberChecker[Iteration # 1229: Number: 1,231; isPrime? true]" time="0"/>
  <testcase classname="core.PrimeNumberCheckerTest" name="testPrimeNumberChecker[Iteration # 1230: Number: 1,232; isPrime? false]" time="0"/>
  <testcase classname="core.PrimeNumberCheckerTest" name="testPrimeNumberChecker[Iteration # 1231: Number: 1,233; isPrime? false]" time="0"/>
  <testcase classname="core.PrimeNumberCheckerTest" name="testPrimeNumberChecker[Iteration # 1232: Number: 1,234; isPrime? false]" time="0"/>
  <testcase classname="core.PrimeNumberCheckerTest" name="testPrimeNumberChecker[Iteration # 1233: Number: 1,235; isPrime? false]" time="0"/>
  <testcase classname="core.PrimeNumberCheckerTest" name="testPrimeNumberChecker[Iteration # 1234: Number: 1,236; isPrime? false]" time="0"/>
  <testcase classname="core.PrimeNumberCheckerTest" name="testPrimeNumberChecker[Iteration # 1235: Number: 1,237; isPrime? true]" time="0"/>
  <testcase classname="core.PrimeNumberCheckerTest" name="testPrimeNumberChecker[Iteration # 1236: Number: 1,238; isPrime? false]" time="0"/>
  <testcase classname="core.PrimeNumberCheckerTest" name="testPrimeNumberChecker[Iteration # 1237: Number: 1,239; isPrime? false]" time="0"/>
  <testcase classname="core.PrimeNumberCheckerTest" name="testPrimeNumberChecker[Iteration # 1238: Number: 1,240; isPrime? false]" time="0.007"/>
  <testcase classname="core.PrimeNumberCheckerTest" name="testPrimeNumberChecker[Iteration # 1239: Number: 1,241; isPrime? false]" time="0"/>
  <testcase classname="core.PrimeNumberCheckerTest" name="testPrimeNumberChecker[Iteration # 1240: Number: 1,242; isPrime? false]" time="0"/>
  <testcase classname="core.PrimeNumberCheckerTest" name="testPrimeNumberChecker[Iteration # 1241: Number: 1,243; isPrime? false]" time="0"/>
  <testcase classname="core.PrimeNumberCheckerTest" name="testPrimeNumberChecker[Iteration # 1242: Number: 1,244; isPrime? false]" time="0"/>
  <testcase classname="core.PrimeNumberCheckerTest" name="testPrimeNumberChecker[Iteration # 1243: Number: 1,245; isPrime? false]" time="0"/>
  <testcase classname="core.PrimeNumberCheckerTest" name="testPrimeNumberChecker[Iteration # 1244: Number: 1,246; isPrime? false]" time="0"/>
  <testcase classname="core.PrimeNumberCheckerTest" name="testPrimeNumberChecker[Iteration # 1245: Number: 1,247; isPrime? false]" time="0"/>
  <testcase classname="core.PrimeNumberCheckerTest" name="testPrimeNumberChecker[Iteration # 1246: Number: 1,248; isPrime? false]" time="0"/>
  <testcase classname="core.PrimeNumberCheckerTest" name="testPrimeNumberChecker[Iteration # 1247: Number: 1,249; isPrime? true]" time="0"/>
  <testcase classname="core.PrimeNumberCheckerTest" name="testPrimeNumberChecker[Iteration # 1248: Number: 1,250; isPrime? false]" time="0"/>
  <testcase classname="core.PrimeNumberCheckerTest" name="testPrimeNumberChecker[Iteration # 1249: Number: 1,251; isPrime? false]" time="0"/>
  <testcase classname="core.PrimeNumberCheckerTest" name="testPrimeNumberChecker[Iteration # 1250: Number: 1,252; isPrime? false]" time="0.015"/>
  <testcase classname="core.PrimeNumberCheckerTest" name="testPrimeNumberChecker[Iteration # 1251: Number: 1,253; isPrime? false]" time="0"/>
  <testcase classname="core.PrimeNumberCheckerTest" name="testPrimeNumberChecker[Iteration # 1252: Number: 1,254; isPrime? false]" time="0"/>
  <testcase classname="core.PrimeNumberCheckerTest" name="testPrimeNumberChecker[Iteration # 1253: Number: 1,255; isPrime? false]" time="0"/>
  <testcase classname="core.PrimeNumberCheckerTest" name="testPrimeNumberChecker[Iteration # 1254: Number: 1,256; isPrime? false]" time="0"/>
  <testcase classname="core.PrimeNumberCheckerTest" name="testPrimeNumberChecker[Iteration # 1255: Number: 1,257; isPrime? false]" time="0"/>
  <testcase classname="core.PrimeNumberCheckerTest" name="testPrimeNumberChecker[Iteration # 1256: Number: 1,258; isPrime? false]" time="0"/>
  <testcase classname="core.PrimeNumberCheckerTest" name="testPrimeNumberChecker[Iteration # 1257: Number: 1,259; isPrime? true]" time="0"/>
  <testcase classname="core.PrimeNumberCheckerTest" name="testPrimeNumberChecker[Iteration # 1258: Number: 1,260; isPrime? false]" time="0.001"/>
  <testcase classname="core.PrimeNumberCheckerTest" name="testPrimeNumberChecker[Iteration # 1259: Number: 1,261; isPrime? false]" time="0"/>
  <testcase classname="core.PrimeNumberCheckerTest" name="testPrimeNumberChecker[Iteration # 1260: Number: 1,262; isPrime? false]" time="0"/>
  <testcase classname="core.PrimeNumberCheckerTest" name="testPrimeNumberChecker[Iteration # 1261: Number: 1,263; isPrime? false]" time="0"/>
  <testcase classname="core.PrimeNumberCheckerTest" name="testPrimeNumberChecker[Iteration # 1262: Number: 1,264; isPrime? false]" time="0"/>
  <testcase classname="core.PrimeNumberCheckerTest" name="testPrimeNumberChecker[Iteration # 1263: Number: 1,265; isPrime? false]" time="0"/>
  <testcase classname="core.PrimeNumberCheckerTest" name="testPrimeNumberChecker[Iteration # 1264: Number: 1,266; isPrime? false]" time="0"/>
  <testcase classname="core.PrimeNumberCheckerTest" name="testPrimeNumberChecker[Iteration # 1265: Number: 1,267; isPrime? false]" time="0"/>
  <testcase classname="core.PrimeNumberCheckerTest" name="testPrimeNumberChecker[Iteration # 1266: Number: 1,268; isPrime? false]" time="0"/>
  <testcase classname="core.PrimeNumberCheckerTest" name="testPrimeNumberChecker[Iteration # 1267: Number: 1,269; isPrime? false]" time="0"/>
  <testcase classname="core.PrimeNumberCheckerTest" name="testPrimeNumberChecker[Iteration # 1268: Number: 1,270; isPrime? false]" time="0"/>
  <testcase classname="core.PrimeNumberCheckerTest" name="testPrimeNumberChecker[Iteration # 1269: Number: 1,271; isPrime? false]" time="0"/>
  <testcase classname="core.PrimeNumberCheckerTest" name="testPrimeNumberChecker[Iteration # 1270: Number: 1,272; isPrime? false]" time="0"/>
  <testcase classname="core.PrimeNumberCheckerTest" name="testPrimeNumberChecker[Iteration # 1271: Number: 1,273; isPrime? false]" time="0"/>
  <testcase classname="core.PrimeNumberCheckerTest" name="testPrimeNumberChecker[Iteration # 1272: Number: 1,274; isPrime? false]" time="0"/>
  <testcase classname="core.PrimeNumberCheckerTest" name="testPrimeNumberChecker[Iteration # 1273: Number: 1,275; isPrime? false]" time="0"/>
  <testcase classname="core.PrimeNumberCheckerTest" name="testPrimeNumberChecker[Iteration # 1274: Number: 1,276; isPrime? false]" time="0"/>
  <testcase classname="core.PrimeNumberCheckerTest" name="testPrimeNumberChecker[Iteration # 1275: Number: 1,277; isPrime? true]" time="0"/>
  <testcase classname="core.PrimeNumberCheckerTest" name="testPrimeNumberChecker[Iteration # 1276: Number: 1,278; isPrime? false]" time="0"/>
  <testcase classname="core.PrimeNumberCheckerTest" name="testPrimeNumberChecker[Iteration # 1277: Number: 1,279; isPrime? true]" time="0"/>
  <testcase classname="core.PrimeNumberCheckerTest" name="testPrimeNumberChecker[Iteration # 1278: Number: 1,280; isPrime? false]" time="0"/>
  <testcase classname="core.PrimeNumberCheckerTest" name="testPrimeNumberChecker[Iteration # 1279: Number: 1,281; isPrime? false]" time="0"/>
  <testcase classname="core.PrimeNumberCheckerTest" name="testPrimeNumberChecker[Iteration # 1280: Number: 1,282; isPrime? false]" time="0"/>
  <testcase classname="core.PrimeNumberCheckerTest" name="testPrimeNumberChecker[Iteration # 1281: Number: 1,283; isPrime? true]" time="0"/>
  <testcase classname="core.PrimeNumberCheckerTest" name="testPrimeNumberChecker[Iteration # 1282: Number: 1,284; isPrime? false]" time="0"/>
  <testcase classname="core.PrimeNumberCheckerTest" name="testPrimeNumberChecker[Iteration # 1283: Number: 1,285; isPrime? false]" time="0"/>
  <testcase classname="core.PrimeNumberCheckerTest" name="testPrimeNumberChecker[Iteration # 1284: Number: 1,286; isPrime? false]" time="0"/>
  <testcase classname="core.PrimeNumberCheckerTest" name="testPrimeNumberChecker[Iteration # 1285: Number: 1,287; isPrime? false]" time="0"/>
  <testcase classname="core.PrimeNumberCheckerTest" name="testPrimeNumberChecker[Iteration # 1286: Number: 1,288; isPrime? false]" time="0"/>
  <testcase classname="core.PrimeNumberCheckerTest" name="testPrimeNumberChecker[Iteration # 1287: Number: 1,289; isPrime? true]" time="0"/>
  <testcase classname="core.PrimeNumberCheckerTest" name="testPrimeNumberChecker[Iteration # 1288: Number: 1,290; isPrime? false]" time="0"/>
  <testcase classname="core.PrimeNumberCheckerTest" name="testPrimeNumberChecker[Iteration # 1289: Number: 1,291; isPrime? true]" time="0.001"/>
  <testcase classname="core.PrimeNumberCheckerTest" name="testPrimeNumberChecker[Iteration # 1290: Number: 1,292; isPrime? false]" time="0"/>
  <testcase classname="core.PrimeNumberCheckerTest" name="testPrimeNumberChecker[Iteration # 1291: Number: 1,293; isPrime? false]" time="0"/>
  <testcase classname="core.PrimeNumberCheckerTest" name="testPrimeNumberChecker[Iteration # 1292: Number: 1,294; isPrime? false]" time="0"/>
  <testcase classname="core.PrimeNumberCheckerTest" name="testPrimeNumberChecker[Iteration # 1293: Number: 1,295; isPrime? false]" time="0"/>
  <testcase classname="core.PrimeNumberCheckerTest" name="testPrimeNumberChecker[Iteration # 1294: Number: 1,296; isPrime? false]" time="0"/>
  <testcase classname="core.PrimeNumberCheckerTest" name="testPrimeNumberChecker[Iteration # 1295: Number: 1,297; isPrime? true]" time="0"/>
  <testcase classname="core.PrimeNumberCheckerTest" name="testPrimeNumberChecker[Iteration # 1296: Number: 1,298; isPrime? false]" time="0"/>
  <testcase classname="core.PrimeNumberCheckerTest" name="testPrimeNumberChecker[Iteration # 1297: Number: 1,299; isPrime? false]" time="0"/>
  <testcase classname="core.PrimeNumberCheckerTest" name="testPrimeNumberChecker[Iteration # 1298: Number: 1,300; isPrime? false]" time="0"/>
  <testcase classname="core.PrimeNumberCheckerTest" name="testPrimeNumberChecker[Iteration # 1299: Number: 1,301; isPrime? true]" time="0"/>
  <testcase classname="core.PrimeNumberCheckerTest" name="testPrimeNumberChecker[Iteration # 1300: Number: 1,302; isPrime? false]" time="0"/>
  <testcase classname="core.PrimeNumberCheckerTest" name="testPrimeNumberChecker[Iteration # 1301: Number: 1,303; isPrime? true]" time="0"/>
  <testcase classname="core.PrimeNumberCheckerTest" name="testPrimeNumberChecker[Iteration # 1302: Number: 1,304; isPrime? false]" time="0"/>
  <testcase classname="core.PrimeNumberCheckerTest" name="testPrimeNumberChecker[Iteration # 1303: Number: 1,305; isPrime? false]" time="0.001"/>
  <testcase classname="core.PrimeNumberCheckerTest" name="testPrimeNumberChecker[Iteration # 1304: Number: 1,306; isPrime? false]" time="0"/>
  <testcase classname="core.PrimeNumberCheckerTest" name="testPrimeNumberChecker[Iteration # 1305: Number: 1,307; isPrime? true]" time="0"/>
  <testcase classname="core.PrimeNumberCheckerTest" name="testPrimeNumberChecker[Iteration # 1306: Number: 1,308; isPrime? false]" time="0"/>
  <testcase classname="core.PrimeNumberCheckerTest" name="testPrimeNumberChecker[Iteration # 1307: Number: 1,309; isPrime? false]" time="0"/>
  <testcase classname="core.PrimeNumberCheckerTest" name="testPrimeNumberChecker[Iteration # 1308: Number: 1,310; isPrime? false]" time="0"/>
  <testcase classname="core.PrimeNumberCheckerTest" name="testPrimeNumberChecker[Iteration # 1309: Number: 1,311; isPrime? false]" time="0"/>
  <testcase classname="core.PrimeNumberCheckerTest" name="testPrimeNumberChecker[Iteration # 1310: Number: 1,312; isPrime? false]" time="0"/>
  <testcase classname="core.PrimeNumberCheckerTest" name="testPrimeNumberChecker[Iteration # 1311: Number: 1,313; isPrime? false]" time="0"/>
  <testcase classname="core.PrimeNumberCheckerTest" name="testPrimeNumberChecker[Iteration # 1312: Number: 1,314; isPrime? false]" time="0"/>
  <testcase classname="core.PrimeNumberCheckerTest" name="testPrimeNumberChecker[Iteration # 1313: Number: 1,315; isPrime? false]" time="0"/>
  <testcase classname="core.PrimeNumberCheckerTest" name="testPrimeNumberChecker[Iteration # 1314: Number: 1,316; isPrime? false]" time="0.001"/>
  <testcase classname="core.PrimeNumberCheckerTest" name="testPrimeNumberChecker[Iteration # 1315: Number: 1,317; isPrime? false]" time="0"/>
  <testcase classname="core.PrimeNumberCheckerTest" name="testPrimeNumberChecker[Iteration # 1316: Number: 1,318; isPrime? false]" time="0"/>
  <testcase classname="core.PrimeNumberCheckerTest" name="testPrimeNumberChecker[Iteration # 1317: Number: 1,319; isPrime? true]" time="0"/>
  <testcase classname="core.PrimeNumberCheckerTest" name="testPrimeNumberChecker[Iteration # 1318: Number: 1,320; isPrime? false]" time="0"/>
  <testcase classname="core.PrimeNumberCheckerTest" name="testPrimeNumberChecker[Iteration # 1319: Number: 1,321; isPrime? true]" time="0"/>
  <testcase classname="core.PrimeNumberCheckerTest" name="testPrimeNumberChecker[Iteration # 1320: Number: 1,322; isPrime? false]" time="0"/>
  <testcase classname="core.PrimeNumberCheckerTest" name="testPrimeNumberChecker[Iteration # 1321: Number: 1,323; isPrime? false]" time="0"/>
  <testcase classname="core.PrimeNumberCheckerTest" name="testPrimeNumberChecker[Iteration # 1322: Number: 1,324; isPrime? false]" time="0"/>
  <testcase classname="core.PrimeNumberCheckerTest" name="testPrimeNumberChecker[Iteration # 1323: Number: 1,325; isPrime? false]" time="0"/>
  <testcase classname="core.PrimeNumberCheckerTest" name="testPrimeNumberChecker[Iteration # 1324: Number: 1,326; isPrime? false]" time="0"/>
  <testcase classname="core.PrimeNumberCheckerTest" name="testPrimeNumberChecker[Iteration # 1325: Number: 1,327; isPrime? true]" time="0"/>
  <testcase classname="core.PrimeNumberCheckerTest" name="testPrimeNumberChecker[Iteration # 1326: Number: 1,328; isPrime? false]" time="0"/>
  <testcase classname="core.PrimeNumberCheckerTest" name="testPrimeNumberChecker[Iteration # 1327: Number: 1,329; isPrime? false]" time="0"/>
  <testcase classname="core.PrimeNumberCheckerTest" name="testPrimeNumberChecker[Iteration # 1328: Number: 1,330; isPrime? false]" time="0"/>
  <testcase classname="core.PrimeNumberCheckerTest" name="testPrimeNumberChecker[Iteration # 1329: Number: 1,331; isPrime? false]" time="0"/>
  <testcase classname="core.PrimeNumberCheckerTest" name="testPrimeNumberChecker[Iteration # 1330: Number: 1,332; isPrime? false]" time="0"/>
  <testcase classname="core.PrimeNumberCheckerTest" name="testPrimeNumberChecker[Iteration # 1331: Number: 1,333; isPrime? false]" time="0"/>
  <testcase classname="core.PrimeNumberCheckerTest" name="testPrimeNumberChecker[Iteration # 1332: Number: 1,334; isPrime? false]" time="0"/>
  <testcase classname="core.PrimeNumberCheckerTest" name="testPrimeNumberChecker[Iteration # 1333: Number: 1,335; isPrime? false]" time="0"/>
  <testcase classname="core.PrimeNumberCheckerTest" name="testPrimeNumberChecker[Iteration # 1334: Number: 1,336; isPrime? false]" time="0"/>
  <testcase classname="core.PrimeNumberCheckerTest" name="testPrimeNumberChecker[Iteration # 1335: Number: 1,337; isPrime? false]" time="0"/>
  <testcase classname="core.PrimeNumberCheckerTest" name="testPrimeNumberChecker[Iteration # 1336: Number: 1,338; isPrime? false]" time="0"/>
  <testcase classname="core.PrimeNumberCheckerTest" name="testPrimeNumberChecker[Iteration # 1337: Number: 1,339; isPrime? false]" time="0"/>
  <testcase classname="core.PrimeNumberCheckerTest" name="testPrimeNumberChecker[Iteration # 1338: Number: 1,340; isPrime? false]" time="0"/>
  <testcase classname="core.PrimeNumberCheckerTest" name="testPrimeNumberChecker[Iteration # 1339: Number: 1,341; isPrime? false]" time="0.011"/>
  <testcase classname="core.PrimeNumberCheckerTest" name="testPrimeNumberChecker[Iteration # 1340: Number: 1,342; isPrime? false]" time="0.001"/>
  <testcase classname="core.PrimeNumberCheckerTest" name="testPrimeNumberChecker[Iteration # 1341: Number: 1,343; isPrime? false]" time="0"/>
  <testcase classname="core.PrimeNumberCheckerTest" name="testPrimeNumberChecker[Iteration # 1342: Number: 1,344; isPrime? false]" time="0"/>
  <testcase classname="core.PrimeNumberCheckerTest" name="testPrimeNumberChecker[Iteration # 1343: Number: 1,345; isPrime? false]" time="0"/>
  <testcase classname="core.PrimeNumberCheckerTest" name="testPrimeNumberChecker[Iteration # 1344: Number: 1,346; isPrime? false]" time="0"/>
  <testcase classname="core.PrimeNumberCheckerTest" name="testPrimeNumberChecker[Iteration # 1345: Number: 1,347; isPrime? false]" time="0"/>
  <testcase classname="core.PrimeNumberCheckerTest" name="testPrimeNumberChecker[Iteration # 1346: Number: 1,348; isPrime? false]" time="0"/>
  <testcase classname="core.PrimeNumberCheckerTest" name="testPrimeNumberChecker[Iteration # 1347: Number: 1,349; isPrime? false]" time="0"/>
  <testcase classname="core.PrimeNumberCheckerTest" name="testPrimeNumberChecker[Iteration # 1348: Number: 1,350; isPrime? false]" time="0"/>
  <testcase classname="core.PrimeNumberCheckerTest" name="testPrimeNumberChecker[Iteration # 1349: Number: 1,351; isPrime? false]" time="0"/>
  <testcase classname="core.PrimeNumberCheckerTest" name="testPrimeNumberChecker[Iteration # 1350: Number: 1,352; isPrime? false]" time="0"/>
  <testcase classname="core.PrimeNumberCheckerTest" name="testPrimeNumberChecker[Iteration # 1351: Number: 1,353; isPrime? false]" time="0"/>
  <testcase classname="core.PrimeNumberCheckerTest" name="testPrimeNumberChecker[Iteration # 1352: Number: 1,354; isPrime? false]" time="0"/>
  <testcase classname="core.PrimeNumberCheckerTest" name="testPrimeNumberChecker[Iteration # 1353: Number: 1,355; isPrime? false]" time="0"/>
  <testcase classname="core.PrimeNumberCheckerTest" name="testPrimeNumberChecker[Iteration # 1354: Number: 1,356; isPrime? false]" time="0"/>
  <testcase classname="core.PrimeNumberCheckerTest" name="testPrimeNumberChecker[Iteration # 1355: Number: 1,357; isPrime? false]" time="0"/>
  <testcase classname="core.PrimeNumberCheckerTest" name="testPrimeNumberChecker[Iteration # 1356: Number: 1,358; isPrime? false]" time="0"/>
  <testcase classname="core.PrimeNumberCheckerTest" name="testPrimeNumberChecker[Iteration # 1357: Number: 1,359; isPrime? false]" time="0"/>
  <testcase classname="core.PrimeNumberCheckerTest" name="testPrimeNumberChecker[Iteration # 1358: Number: 1,360; isPrime? false]" time="0"/>
  <testcase classname="core.PrimeNumberCheckerTest" name="testPrimeNumberChecker[Iteration # 1359: Number: 1,361; isPrime? true]" time="0"/>
  <testcase classname="core.PrimeNumberCheckerTest" name="testPrimeNumberChecker[Iteration # 1360: Number: 1,362; isPrime? false]" time="0"/>
  <testcase classname="core.PrimeNumberCheckerTest" name="testPrimeNumberChecker[Iteration # 1361: Number: 1,363; isPrime? false]" time="0"/>
  <testcase classname="core.PrimeNumberCheckerTest" name="testPrimeNumberChecker[Iteration # 1362: Number: 1,364; isPrime? false]" time="0"/>
  <testcase classname="core.PrimeNumberCheckerTest" name="testPrimeNumberChecker[Iteration # 1363: Number: 1,365; isPrime? false]" time="0"/>
  <testcase classname="core.PrimeNumberCheckerTest" name="testPrimeNumberChecker[Iteration # 1364: Number: 1,366; isPrime? false]" time="0"/>
  <testcase classname="core.PrimeNumberCheckerTest" name="testPrimeNumberChecker[Iteration # 1365: Number: 1,367; isPrime? true]" time="0"/>
  <testcase classname="core.PrimeNumberCheckerTest" name="testPrimeNumberChecker[Iteration # 1366: Number: 1,368; isPrime? false]" time="0"/>
  <testcase classname="core.PrimeNumberCheckerTest" name="testPrimeNumberChecker[Iteration # 1367: Number: 1,369; isPrime? false]" time="0"/>
  <testcase classname="core.PrimeNumberCheckerTest" name="testPrimeNumberChecker[Iteration # 1368: Number: 1,370; isPrime? false]" time="0"/>
  <testcase classname="core.PrimeNumberCheckerTest" name="testPrimeNumberChecker[Iteration # 1369: Number: 1,371; isPrime? false]" time="0"/>
  <testcase classname="core.PrimeNumberCheckerTest" name="testPrimeNumberChecker[Iteration # 1370: Number: 1,372; isPrime? false]" time="0"/>
  <testcase classname="core.PrimeNumberCheckerTest" name="testPrimeNumberChecker[Iteration # 1371: Number: 1,373; isPrime? true]" time="0"/>
  <testcase classname="core.PrimeNumberCheckerTest" name="testPrimeNumberChecker[Iteration # 1372: Number: 1,374; isPrime? false]" time="0"/>
  <testcase classname="core.PrimeNumberCheckerTest" name="testPrimeNumberChecker[Iteration # 1373: Number: 1,375; isPrime? false]" time="0"/>
  <testcase classname="core.PrimeNumberCheckerTest" name="testPrimeNumberChecker[Iteration # 1374: Number: 1,376; isPrime? false]" time="0"/>
  <testcase classname="core.PrimeNumberCheckerTest" name="testPrimeNumberChecker[Iteration # 1375: Number: 1,377; isPrime? false]" time="0.001"/>
  <testcase classname="core.PrimeNumberCheckerTest" name="testPrimeNumberChecker[Iteration # 1376: Number: 1,378; isPrime? false]" time="0"/>
  <testcase classname="core.PrimeNumberCheckerTest" name="testPrimeNumberChecker[Iteration # 1377: Number: 1,379; isPrime? false]" time="0"/>
  <testcase classname="core.PrimeNumberCheckerTest" name="testPrimeNumberChecker[Iteration # 1378: Number: 1,380; isPrime? false]" time="0"/>
  <testcase classname="core.PrimeNumberCheckerTest" name="testPrimeNumberChecker[Iteration # 1379: Number: 1,381; isPrime? true]" time="0"/>
  <testcase classname="core.PrimeNumberCheckerTest" name="testPrimeNumberChecker[Iteration # 1380: Number: 1,382; isPrime? false]" time="0"/>
  <testcase classname="core.PrimeNumberCheckerTest" name="testPrimeNumberChecker[Iteration # 1381: Number: 1,383; isPrime? false]" time="0"/>
  <testcase classname="core.PrimeNumberCheckerTest" name="testPrimeNumberChecker[Iteration # 1382: Number: 1,384; isPrime? false]" time="0"/>
  <testcase classname="core.PrimeNumberCheckerTest" name="testPrimeNumberChecker[Iteration # 1383: Number: 1,385; isPrime? false]" time="0"/>
  <testcase classname="core.PrimeNumberCheckerTest" name="testPrimeNumberChecker[Iteration # 1384: Number: 1,386; isPrime? false]" time="0"/>
  <testcase classname="core.PrimeNumberCheckerTest" name="testPrimeNumberChecker[Iteration # 1385: Number: 1,387; isPrime? false]" time="0"/>
  <testcase classname="core.PrimeNumberCheckerTest" name="testPrimeNumberChecker[Iteration # 1386: Number: 1,388; isPrime? false]" time="0"/>
  <testcase classname="core.PrimeNumberCheckerTest" name="testPrimeNumberChecker[Iteration # 1387: Number: 1,389; isPrime? false]" time="0"/>
  <testcase classname="core.PrimeNumberCheckerTest" name="testPrimeNumberChecker[Iteration # 1388: Number: 1,390; isPrime? false]" time="0"/>
  <testcase classname="core.PrimeNumberCheckerTest" name="testPrimeNumberChecker[Iteration # 1389: Number: 1,391; isPrime? false]" time="0"/>
  <testcase classname="core.PrimeNumberCheckerTest" name="testPrimeNumberChecker[Iteration # 1390: Number: 1,392; isPrime? false]" time="0"/>
  <testcase classname="core.PrimeNumberCheckerTest" name="testPrimeNumberChecker[Iteration # 1391: Number: 1,393; isPrime? false]" time="0"/>
  <testcase classname="core.PrimeNumberCheckerTest" name="testPrimeNumberChecker[Iteration # 1392: Number: 1,394; isPrime? false]" time="0"/>
  <testcase classname="core.PrimeNumberCheckerTest" name="testPrimeNumberChecker[Iteration # 1393: Number: 1,395; isPrime? false]" time="0"/>
  <testcase classname="core.PrimeNumberCheckerTest" name="testPrimeNumberChecker[Iteration # 1394: Number: 1,396; isPrime? false]" time="0.001"/>
  <testcase classname="core.PrimeNumberCheckerTest" name="testPrimeNumberChecker[Iteration # 1395: Number: 1,397; isPrime? false]" time="0"/>
  <testcase classname="core.PrimeNumberCheckerTest" name="testPrimeNumberChecker[Iteration # 1396: Number: 1,398; isPrime? false]" time="0"/>
  <testcase classname="core.PrimeNumberCheckerTest" name="testPrimeNumberChecker[Iteration # 1397: Number: 1,399; isPrime? true]" time="0"/>
  <testcase classname="core.PrimeNumberCheckerTest" name="testPrimeNumberChecker[Iteration # 1398: Number: 1,400; isPrime? false]" time="0"/>
  <testcase classname="core.PrimeNumberCheckerTest" name="testPrimeNumberChecker[Iteration # 1399: Number: 1,401; isPrime? false]" time="0"/>
  <testcase classname="core.PrimeNumberCheckerTest" name="testPrimeNumberChecker[Iteration # 1400: Number: 1,402; isPrime? false]" time="0"/>
  <testcase classname="core.PrimeNumberCheckerTest" name="testPrimeNumberChecker[Iteration # 1401: Number: 1,403; isPrime? false]" time="0"/>
  <testcase classname="core.PrimeNumberCheckerTest" name="testPrimeNumberChecker[Iteration # 1402: Number: 1,404; isPrime? false]" time="0"/>
  <testcase classname="core.PrimeNumberCheckerTest" name="testPrimeNumberChecker[Iteration # 1403: Number: 1,405; isPrime? false]" time="0"/>
  <testcase classname="core.PrimeNumberCheckerTest" name="testPrimeNumberChecker[Iteration # 1404: Number: 1,406; isPrime? false]" time="0"/>
  <testcase classname="core.PrimeNumberCheckerTest" name="testPrimeNumberChecker[Iteration # 1405: Number: 1,407; isPrime? false]" time="0"/>
  <testcase classname="core.PrimeNumberCheckerTest" name="testPrimeNumberChecker[Iteration # 1406: Number: 1,408; isPrime? false]" time="0"/>
  <testcase classname="core.PrimeNumberCheckerTest" name="testPrimeNumberChecker[Iteration # 1407: Number: 1,409; isPrime? true]" time="0"/>
  <testcase classname="core.PrimeNumberCheckerTest" name="testPrimeNumberChecker[Iteration # 1408: Number: 1,410; isPrime? false]" time="0"/>
  <testcase classname="core.PrimeNumberCheckerTest" name="testPrimeNumberChecker[Iteration # 1409: Number: 1,411; isPrime? false]" time="0"/>
  <testcase classname="core.PrimeNumberCheckerTest" name="testPrimeNumberChecker[Iteration # 1410: Number: 1,412; isPrime? false]" time="0.001"/>
  <testcase classname="core.PrimeNumberCheckerTest" name="testPrimeNumberChecker[Iteration # 1411: Number: 1,413; isPrime? false]" time="0"/>
  <testcase classname="core.PrimeNumberCheckerTest" name="testPrimeNumberChecker[Iteration # 1412: Number: 1,414; isPrime? false]" time="0"/>
  <testcase classname="core.PrimeNumberCheckerTest" name="testPrimeNumberChecker[Iteration # 1413: Number: 1,415; isPrime? false]" time="0"/>
  <testcase classname="core.PrimeNumberCheckerTest" name="testPrimeNumberChecker[Iteration # 1414: Number: 1,416; isPrime? false]" time="0"/>
  <testcase classname="core.PrimeNumberCheckerTest" name="testPrimeNumberChecker[Iteration # 1415: Number: 1,417; isPrime? false]" time="0"/>
  <testcase classname="core.PrimeNumberCheckerTest" name="testPrimeNumberChecker[Iteration # 1416: Number: 1,418; isPrime? false]" time="0"/>
  <testcase classname="core.PrimeNumberCheckerTest" name="testPrimeNumberChecker[Iteration # 1417: Number: 1,419; isPrime? false]" time="0"/>
  <testcase classname="core.PrimeNumberCheckerTest" name="testPrimeNumberChecker[Iteration # 1418: Number: 1,420; isPrime? false]" time="0"/>
  <testcase classname="core.PrimeNumberCheckerTest" name="testPrimeNumberChecker[Iteration # 1419: Number: 1,421; isPrime? false]" time="0"/>
  <testcase classname="core.PrimeNumberCheckerTest" name="testPrimeNumberChecker[Iteration # 1420: Number: 1,422; isPrime? false]" time="0"/>
  <testcase classname="core.PrimeNumberCheckerTest" name="testPrimeNumberChecker[Iteration # 1421: Number: 1,423; isPrime? true]" time="0"/>
  <testcase classname="core.PrimeNumberCheckerTest" name="testPrimeNumberChecker[Iteration # 1422: Number: 1,424; isPrime? false]" time="0"/>
  <testcase classname="core.PrimeNumberCheckerTest" name="testPrimeNumberChecker[Iteration # 1423: Number: 1,425; isPrime? false]" time="0"/>
  <testcase classname="core.PrimeNumberCheckerTest" name="testPrimeNumberChecker[Iteration # 1424: Number: 1,426; isPrime? false]" time="0"/>
  <testcase classname="core.PrimeNumberCheckerTest" name="testPrimeNumberChecker[Iteration # 1425: Number: 1,427; isPrime? true]" time="0"/>
  <testcase classname="core.PrimeNumberCheckerTest" name="testPrimeNumberChecker[Iteration # 1426: Number: 1,428; isPrime? false]" time="0.001"/>
  <testcase classname="core.PrimeNumberCheckerTest" name="testPrimeNumberChecker[Iteration # 1427: Number: 1,429; isPrime? true]" time="0"/>
  <testcase classname="core.PrimeNumberCheckerTest" name="testPrimeNumberChecker[Iteration # 1428: Number: 1,430; isPrime? false]" time="0"/>
  <testcase classname="core.PrimeNumberCheckerTest" name="testPrimeNumberChecker[Iteration # 1429: Number: 1,431; isPrime? false]" time="0"/>
  <testcase classname="core.PrimeNumberCheckerTest" name="testPrimeNumberChecker[Iteration # 1430: Number: 1,432; isPrime? false]" time="0"/>
  <testcase classname="core.PrimeNumberCheckerTest" name="testPrimeNumberChecker[Iteration # 1431: Number: 1,433; isPrime? true]" time="0"/>
  <testcase classname="core.PrimeNumberCheckerTest" name="testPrimeNumberChecker[Iteration # 1432: Number: 1,434; isPrime? false]" time="0"/>
  <testcase classname="core.PrimeNumberCheckerTest" name="testPrimeNumberChecker[Iteration # 1433: Number: 1,435; isPrime? false]" time="0"/>
  <testcase classname="core.PrimeNumberCheckerTest" name="testPrimeNumberChecker[Iteration # 1434: Number: 1,436; isPrime? false]" time="0"/>
  <testcase classname="core.PrimeNumberCheckerTest" name="testPrimeNumberChecker[Iteration # 1435: Number: 1,437; isPrime? false]" time="0"/>
  <testcase classname="core.PrimeNumberCheckerTest" name="testPrimeNumberChecker[Iteration # 1436: Number: 1,438; isPrime? false]" time="0"/>
  <testcase classname="core.PrimeNumberCheckerTest" name="testPrimeNumberChecker[Iteration # 1437: Number: 1,439; isPrime? true]" time="0"/>
  <testcase classname="core.PrimeNumberCheckerTest" name="testPrimeNumberChecker[Iteration # 1438: Number: 1,440; isPrime? false]" time="0"/>
  <testcase classname="core.PrimeNumberCheckerTest" name="testPrimeNumberChecker[Iteration # 1439: Number: 1,441; isPrime? false]" time="0"/>
  <testcase classname="core.PrimeNumberCheckerTest" name="testPrimeNumberChecker[Iteration # 1440: Number: 1,442; isPrime? false]" time="0"/>
  <testcase classname="core.PrimeNumberCheckerTest" name="testPrimeNumberChecker[Iteration # 1441: Number: 1,443; isPrime? false]" time="0"/>
  <testcase classname="core.PrimeNumberCheckerTest" name="testPrimeNumberChecker[Iteration # 1442: Number: 1,444; isPrime? false]" time="0"/>
  <testcase classname="core.PrimeNumberCheckerTest" name="testPrimeNumberChecker[Iteration # 1443: Number: 1,445; isPrime? false]" time="0"/>
  <testcase classname="core.PrimeNumberCheckerTest" name="testPrimeNumberChecker[Iteration # 1444: Number: 1,446; isPrime? false]" time="0"/>
  <testcase classname="core.PrimeNumberCheckerTest" name="testPrimeNumberChecker[Iteration # 1445: Number: 1,447; isPrime? true]" time="0"/>
  <testcase classname="core.PrimeNumberCheckerTest" name="testPrimeNumberChecker[Iteration # 1446: Number: 1,448; isPrime? false]" time="0"/>
  <testcase classname="core.PrimeNumberCheckerTest" name="testPrimeNumberChecker[Iteration # 1447: Number: 1,449; isPrime? false]" time="0"/>
  <testcase classname="core.PrimeNumberCheckerTest" name="testPrimeNumberChecker[Iteration # 1448: Number: 1,450; isPrime? false]" time="0"/>
  <testcase classname="core.PrimeNumberCheckerTest" name="testPrimeNumberChecker[Iteration # 1449: Number: 1,451; isPrime? true]" time="0"/>
  <testcase classname="core.PrimeNumberCheckerTest" name="testPrimeNumberChecker[Iteration # 1450: Number: 1,452; isPrime? false]" time="0"/>
  <testcase classname="core.PrimeNumberCheckerTest" name="testPrimeNumberChecker[Iteration # 1451: Number: 1,453; isPrime? true]" time="0"/>
  <testcase classname="core.PrimeNumberCheckerTest" name="testPrimeNumberChecker[Iteration # 1452: Number: 1,454; isPrime? false]" time="0"/>
  <testcase classname="core.PrimeNumberCheckerTest" name="testPrimeNumberChecker[Iteration # 1453: Number: 1,455; isPrime? false]" time="0"/>
  <testcase classname="core.PrimeNumberCheckerTest" name="testPrimeNumberChecker[Iteration # 1454: Number: 1,456; isPrime? false]" time="0"/>
  <testcase classname="core.PrimeNumberCheckerTest" name="testPrimeNumberChecker[Iteration # 1455: Number: 1,457; isPrime? false]" time="0"/>
  <testcase classname="core.PrimeNumberCheckerTest" name="testPrimeNumberChecker[Iteration # 1456: Number: 1,458; isPrime? false]" time="0"/>
  <testcase classname="core.PrimeNumberCheckerTest" name="testPrimeNumberChecker[Iteration # 1457: Number: 1,459; isPrime? true]" time="0"/>
  <testcase classname="core.PrimeNumberCheckerTest" name="testPrimeNumberChecker[Iteration # 1458: Number: 1,460; isPrime? false]" time="0"/>
  <testcase classname="core.PrimeNumberCheckerTest" name="testPrimeNumberChecker[Iteration # 1459: Number: 1,461; isPrime? false]" time="0.001"/>
  <testcase classname="core.PrimeNumberCheckerTest" name="testPrimeNumberChecker[Iteration # 1460: Number: 1,462; isPrime? false]" time="0"/>
  <testcase classname="core.PrimeNumberCheckerTest" name="testPrimeNumberChecker[Iteration # 1461: Number: 1,463; isPrime? false]" time="0"/>
  <testcase classname="core.PrimeNumberCheckerTest" name="testPrimeNumberChecker[Iteration # 1462: Number: 1,464; isPrime? false]" time="0"/>
  <testcase classname="core.PrimeNumberCheckerTest" name="testPrimeNumberChecker[Iteration # 1463: Number: 1,465; isPrime? false]" time="0"/>
  <testcase classname="core.PrimeNumberCheckerTest" name="testPrimeNumberChecker[Iteration # 1464: Number: 1,466; isPrime? false]" time="0"/>
  <testcase classname="core.PrimeNumberCheckerTest" name="testPrimeNumberChecker[Iteration # 1465: Number: 1,467; isPrime? false]" time="0"/>
  <testcase classname="core.PrimeNumberCheckerTest" name="testPrimeNumberChecker[Iteration # 1466: Number: 1,468; isPrime? false]" time="0"/>
  <testcase classname="core.PrimeNumberCheckerTest" name="testPrimeNumberChecker[Iteration # 1467: Number: 1,469; isPrime? false]" time="0"/>
  <testcase classname="core.PrimeNumberCheckerTest" name="testPrimeNumberChecker[Iteration # 1468: Number: 1,470; isPrime? false]" time="0"/>
  <testcase classname="core.PrimeNumberCheckerTest" name="testPrimeNumberChecker[Iteration # 1469: Number: 1,471; isPrime? true]" time="0"/>
  <testcase classname="core.PrimeNumberCheckerTest" name="testPrimeNumberChecker[Iteration # 1470: Number: 1,472; isPrime? false]" time="0"/>
  <testcase classname="core.PrimeNumberCheckerTest" name="testPrimeNumberChecker[Iteration # 1471: Number: 1,473; isPrime? false]" time="0"/>
  <testcase classname="core.PrimeNumberCheckerTest" name="testPrimeNumberChecker[Iteration # 1472: Number: 1,474; isPrime? false]" time="0"/>
  <testcase classname="core.PrimeNumberCheckerTest" name="testPrimeNumberChecker[Iteration # 1473: Number: 1,475; isPrime? false]" time="0"/>
  <testcase classname="core.PrimeNumberCheckerTest" name="testPrimeNumberChecker[Iteration # 1474: Number: 1,476; isPrime? false]" time="0.001"/>
  <testcase classname="core.PrimeNumberCheckerTest" name="testPrimeNumberChecker[Iteration # 1475: Number: 1,477; isPrime? false]" time="0"/>
  <testcase classname="core.PrimeNumberCheckerTest" name="testPrimeNumberChecker[Iteration # 1476: Number: 1,478; isPrime? false]" time="0"/>
  <testcase classname="core.PrimeNumberCheckerTest" name="testPrimeNumberChecker[Iteration # 1477: Number: 1,479; isPrime? false]" time="0"/>
  <testcase classname="core.PrimeNumberCheckerTest" name="testPrimeNumberChecker[Iteration # 1478: Number: 1,480; isPrime? false]" time="0"/>
  <testcase classname="core.PrimeNumberCheckerTest" name="testPrimeNumberChecker[Iteration # 1479: Number: 1,481; isPrime? true]" time="0"/>
  <testcase classname="core.PrimeNumberCheckerTest" name="testPrimeNumberChecker[Iteration # 1480: Number: 1,482; isPrime? false]" time="0"/>
  <testcase classname="core.PrimeNumberCheckerTest" name="testPrimeNumberChecker[Iteration # 1481: Number: 1,483; isPrime? true]" time="0"/>
  <testcase classname="core.PrimeNumberCheckerTest" name="testPrimeNumberChecker[Iteration # 1482: Number: 1,484; isPrime? false]" time="0.001"/>
  <testcase classname="core.PrimeNumberCheckerTest" name="testPrimeNumberChecker[Iteration # 1483: Number: 1,485; isPrime? false]" time="0"/>
  <testcase classname="core.PrimeNumberCheckerTest" name="testPrimeNumberChecker[Iteration # 1484: Number: 1,486; isPrime? false]" time="0.001"/>
  <testcase classname="core.PrimeNumberCheckerTest" name="testPrimeNumberChecker[Iteration # 1485: Number: 1,487; isPrime? true]" time="0"/>
  <testcase classname="core.PrimeNumberCheckerTest" name="testPrimeNumberChecker[Iteration # 1486: Number: 1,488; isPrime? false]" time="0.001"/>
  <testcase classname="core.PrimeNumberCheckerTest" name="testPrimeNumberChecker[Iteration # 1487: Number: 1,489; isPrime? true]" time="0"/>
  <testcase classname="core.PrimeNumberCheckerTest" name="testPrimeNumberChecker[Iteration # 1488: Number: 1,490; isPrime? false]" time="0"/>
  <testcase classname="core.PrimeNumberCheckerTest" name="testPrimeNumberChecker[Iteration # 1489: Number: 1,491; isPrime? false]" time="0"/>
  <testcase classname="core.PrimeNumberCheckerTest" name="testPrimeNumberChecker[Iteration # 1490: Number: 1,492; isPrime? false]" time="0"/>
  <testcase classname="core.PrimeNumberCheckerTest" name="testPrimeNumberChecker[Iteration # 1491: Number: 1,493; isPrime? true]" time="0"/>
  <testcase classname="core.PrimeNumberCheckerTest" name="testPrimeNumberChecker[Iteration # 1492: Number: 1,494; isPrime? false]" time="0"/>
  <testcase classname="core.PrimeNumberCheckerTest" name="testPrimeNumberChecker[Iteration # 1493: Number: 1,495; isPrime? false]" time="0"/>
  <testcase classname="core.PrimeNumberCheckerTest" name="testPrimeNumberChecker[Iteration # 1494: Number: 1,496; isPrime? false]" time="0"/>
  <testcase classname="core.PrimeNumberCheckerTest" name="testPrimeNumberChecker[Iteration # 1495: Number: 1,497; isPrime? false]" time="0"/>
  <testcase classname="core.PrimeNumberCheckerTest" name="testPrimeNumberChecker[Iteration # 1496: Number: 1,498; isPrime? false]" time="0"/>
  <testcase classname="core.PrimeNumberCheckerTest" name="testPrimeNumberChecker[Iteration # 1497: Number: 1,499; isPrime? true]" time="0.001"/>
  <testcase classname="core.PrimeNumberCheckerTest" name="testPrimeNumberChecker[Iteration # 1498: Number: 1,500; isPrime? false]" time="0"/>
  <testcase classname="core.PrimeNumberCheckerTest" name="testPrimeNumberChecker[Iteration # 1499: Number: 1,501; isPrime? false]" time="0"/>
  <testcase classname="core.PrimeNumberCheckerTest" name="testPrimeNumberChecker[Iteration # 1500: Number: 1,502; isPrime? false]" time="0"/>
  <testcase classname="core.PrimeNumberCheckerTest" name="testPrimeNumberChecker[Iteration # 1501: Number: 1,503; isPrime? false]" time="0"/>
  <testcase classname="core.PrimeNumberCheckerTest" name="testPrimeNumberChecker[Iteration # 1502: Number: 1,504; isPrime? false]" time="0"/>
  <testcase classname="core.PrimeNumberCheckerTest" name="testPrimeNumberChecker[Iteration # 1503: Number: 1,505; isPrime? false]" time="0"/>
  <testcase classname="core.PrimeNumberCheckerTest" name="testPrimeNumberChecker[Iteration # 1504: Number: 1,506; isPrime? false]" time="0"/>
  <testcase classname="core.PrimeNumberCheckerTest" name="testPrimeNumberChecker[Iteration # 1505: Number: 1,507; isPrime? false]" time="0"/>
  <testcase classname="core.PrimeNumberCheckerTest" name="testPrimeNumberChecker[Iteration # 1506: Number: 1,508; isPrime? false]" time="0"/>
  <testcase classname="core.PrimeNumberCheckerTest" name="testPrimeNumberChecker[Iteration # 1507: Number: 1,509; isPrime? false]" time="0"/>
  <testcase classname="core.PrimeNumberCheckerTest" name="testPrimeNumberChecker[Iteration # 1508: Number: 1,510; isPrime? false]" time="0"/>
  <testcase classname="core.PrimeNumberCheckerTest" name="testPrimeNumberChecker[Iteration # 1509: Number: 1,511; isPrime? true]" time="0"/>
  <testcase classname="core.PrimeNumberCheckerTest" name="testPrimeNumberChecker[Iteration # 1510: Number: 1,512; isPrime? false]" time="0"/>
  <testcase classname="core.PrimeNumberCheckerTest" name="testPrimeNumberChecker[Iteration # 1511: Number: 1,513; isPrime? false]" time="0"/>
  <testcase classname="core.PrimeNumberCheckerTest" name="testPrimeNumberChecker[Iteration # 1512: Number: 1,514; isPrime? false]" time="0"/>
  <testcase classname="core.PrimeNumberCheckerTest" name="testPrimeNumberChecker[Iteration # 1513: Number: 1,515; isPrime? false]" time="0"/>
  <testcase classname="core.PrimeNumberCheckerTest" name="testPrimeNumberChecker[Iteration # 1514: Number: 1,516; isPrime? false]" time="0"/>
  <testcase classname="core.PrimeNumberCheckerTest" name="testPrimeNumberChecker[Iteration # 1515: Number: 1,517; isPrime? false]" time="0"/>
  <testcase classname="core.PrimeNumberCheckerTest" name="testPrimeNumberChecker[Iteration # 1516: Number: 1,518; isPrime? false]" time="0"/>
  <testcase classname="core.PrimeNumberCheckerTest" name="testPrimeNumberChecker[Iteration # 1517: Number: 1,519; isPrime? false]" time="0"/>
  <testcase classname="core.PrimeNumberCheckerTest" name="testPrimeNumberChecker[Iteration # 1518: Number: 1,520; isPrime? false]" time="0"/>
  <testcase classname="core.PrimeNumberCheckerTest" name="testPrimeNumberChecker[Iteration # 1519: Number: 1,521; isPrime? false]" time="0"/>
  <testcase classname="core.PrimeNumberCheckerTest" name="testPrimeNumberChecker[Iteration # 1520: Number: 1,522; isPrime? false]" time="0"/>
  <testcase classname="core.PrimeNumberCheckerTest" name="testPrimeNumberChecker[Iteration # 1521: Number: 1,523; isPrime? true]" time="0"/>
  <testcase classname="core.PrimeNumberCheckerTest" name="testPrimeNumberChecker[Iteration # 1522: Number: 1,524; isPrime? false]" time="0"/>
  <testcase classname="core.PrimeNumberCheckerTest" name="testPrimeNumberChecker[Iteration # 1523: Number: 1,525; isPrime? false]" time="0"/>
  <testcase classname="core.PrimeNumberCheckerTest" name="testPrimeNumberChecker[Iteration # 1524: Number: 1,526; isPrime? false]" time="0"/>
  <testcase classname="core.PrimeNumberCheckerTest" name="testPrimeNumberChecker[Iteration # 1525: Number: 1,527; isPrime? false]" time="0"/>
  <testcase classname="core.PrimeNumberCheckerTest" name="testPrimeNumberChecker[Iteration # 1526: Number: 1,528; isPrime? false]" time="0"/>
  <testcase classname="core.PrimeNumberCheckerTest" name="testPrimeNumberChecker[Iteration # 1527: Number: 1,529; isPrime? false]" time="0"/>
  <testcase classname="core.PrimeNumberCheckerTest" name="testPrimeNumberChecker[Iteration # 1528: Number: 1,530; isPrime? false]" time="0"/>
  <testcase classname="core.PrimeNumberCheckerTest" name="testPrimeNumberChecker[Iteration # 1529: Number: 1,531; isPrime? true]" time="0"/>
  <testcase classname="core.PrimeNumberCheckerTest" name="testPrimeNumberChecker[Iteration # 1530: Number: 1,532; isPrime? false]" time="0"/>
  <testcase classname="core.PrimeNumberCheckerTest" name="testPrimeNumberChecker[Iteration # 1531: Number: 1,533; isPrime? false]" time="0"/>
  <testcase classname="core.PrimeNumberCheckerTest" name="testPrimeNumberChecker[Iteration # 1532: Number: 1,534; isPrime? false]" time="0"/>
  <testcase classname="core.PrimeNumberCheckerTest" name="testPrimeNumberChecker[Iteration # 1533: Number: 1,535; isPrime? false]" time="0.001"/>
  <testcase classname="core.PrimeNumberCheckerTest" name="testPrimeNumberChecker[Iteration # 1534: Number: 1,536; isPrime? false]" time="0"/>
  <testcase classname="core.PrimeNumberCheckerTest" name="testPrimeNumberChecker[Iteration # 1535: Number: 1,537; isPrime? false]" time="0"/>
  <testcase classname="core.PrimeNumberCheckerTest" name="testPrimeNumberChecker[Iteration # 1536: Number: 1,538; isPrime? false]" time="0"/>
  <testcase classname="core.PrimeNumberCheckerTest" name="testPrimeNumberChecker[Iteration # 1537: Number: 1,539; isPrime? false]" time="0"/>
  <testcase classname="core.PrimeNumberCheckerTest" name="testPrimeNumberChecker[Iteration # 1538: Number: 1,540; isPrime? false]" time="0"/>
  <testcase classname="core.PrimeNumberCheckerTest" name="testPrimeNumberChecker[Iteration # 1539: Number: 1,541; isPrime? false]" time="0"/>
  <testcase classname="core.PrimeNumberCheckerTest" name="testPrimeNumberChecker[Iteration # 1540: Number: 1,542; isPrime? false]" time="0"/>
  <testcase classname="core.PrimeNumberCheckerTest" name="testPrimeNumberChecker[Iteration # 1541: Number: 1,543; isPrime? true]" time="0"/>
  <testcase classname="core.PrimeNumberCheckerTest" name="testPrimeNumberChecker[Iteration # 1542: Number: 1,544; isPrime? false]" time="0"/>
  <testcase classname="core.PrimeNumberCheckerTest" name="testPrimeNumberChecker[Iteration # 1543: Number: 1,545; isPrime? false]" time="0"/>
  <testcase classname="core.PrimeNumberCheckerTest" name="testPrimeNumberChecker[Iteration # 1544: Number: 1,546; isPrime? false]" time="0"/>
  <testcase classname="core.PrimeNumberCheckerTest" name="testPrimeNumberChecker[Iteration # 1545: Number: 1,547; isPrime? false]" time="0.001"/>
  <testcase classname="core.PrimeNumberCheckerTest" name="testPrimeNumberChecker[Iteration # 1546: Number: 1,548; isPrime? false]" time="0"/>
  <testcase classname="core.PrimeNumberCheckerTest" name="testPrimeNumberChecker[Iteration # 1547: Number: 1,549; isPrime? true]" time="0"/>
  <testcase classname="core.PrimeNumberCheckerTest" name="testPrimeNumberChecker[Iteration # 1548: Number: 1,550; isPrime? false]" time="0"/>
  <testcase classname="core.PrimeNumberCheckerTest" name="testPrimeNumberChecker[Iteration # 1549: Number: 1,551; isPrime? false]" time="0"/>
  <testcase classname="core.PrimeNumberCheckerTest" name="testPrimeNumberChecker[Iteration # 1550: Number: 1,552; isPrime? false]" time="0"/>
  <testcase classname="core.PrimeNumberCheckerTest" name="testPrimeNumberChecker[Iteration # 1551: Number: 1,553; isPrime? true]" time="0"/>
  <testcase classname="core.PrimeNumberCheckerTest" name="testPrimeNumberChecker[Iteration # 1552: Number: 1,554; isPrime? false]" time="0"/>
  <testcase classname="core.PrimeNumberCheckerTest" name="testPrimeNumberChecker[Iteration # 1553: Number: 1,555; isPrime? false]" time="0"/>
  <testcase classname="core.PrimeNumberCheckerTest" name="testPrimeNumberChecker[Iteration # 1554: Number: 1,556; isPrime? false]" time="0"/>
  <testcase classname="core.PrimeNumberCheckerTest" name="testPrimeNumberChecker[Iteration # 1555: Number: 1,557; isPrime? false]" time="0"/>
  <testcase classname="core.PrimeNumberCheckerTest" name="testPrimeNumberChecker[Iteration # 1556: Number: 1,558; isPrime? false]" time="0"/>
  <testcase classname="core.PrimeNumberCheckerTest" name="testPrimeNumberChecker[Iteration # 1557: Number: 1,559; isPrime? true]" time="0"/>
  <testcase classname="core.PrimeNumberCheckerTest" name="testPrimeNumberChecker[Iteration # 1558: Number: 1,560; isPrime? false]" time="0"/>
  <testcase classname="core.PrimeNumberCheckerTest" name="testPrimeNumberChecker[Iteration # 1559: Number: 1,561; isPrime? false]" time="0"/>
  <testcase classname="core.PrimeNumberCheckerTest" name="testPrimeNumberChecker[Iteration # 1560: Number: 1,562; isPrime? false]" time="0"/>
  <testcase classname="core.PrimeNumberCheckerTest" name="testPrimeNumberChecker[Iteration # 1561: Number: 1,563; isPrime? false]" time="0"/>
  <testcase classname="core.PrimeNumberCheckerTest" name="testPrimeNumberChecker[Iteration # 1562: Number: 1,564; isPrime? false]" time="0"/>
  <testcase classname="core.PrimeNumberCheckerTest" name="testPrimeNumberChecker[Iteration # 1563: Number: 1,565; isPrime? false]" time="0"/>
  <testcase classname="core.PrimeNumberCheckerTest" name="testPrimeNumberChecker[Iteration # 1564: Number: 1,566; isPrime? false]" time="0"/>
  <testcase classname="core.PrimeNumberCheckerTest" name="testPrimeNumberChecker[Iteration # 1565: Number: 1,567; isPrime? true]" time="0"/>
  <testcase classname="core.PrimeNumberCheckerTest" name="testPrimeNumberChecker[Iteration # 1566: Number: 1,568; isPrime? false]" time="0"/>
  <testcase classname="core.PrimeNumberCheckerTest" name="testPrimeNumberChecker[Iteration # 1567: Number: 1,569; isPrime? false]" time="0"/>
  <testcase classname="core.PrimeNumberCheckerTest" name="testPrimeNumberChecker[Iteration # 1568: Number: 1,570; isPrime? false]" time="0"/>
  <testcase classname="core.PrimeNumberCheckerTest" name="testPrimeNumberChecker[Iteration # 1569: Number: 1,571; isPrime? true]" time="0"/>
  <testcase classname="core.PrimeNumberCheckerTest" name="testPrimeNumberChecker[Iteration # 1570: Number: 1,572; isPrime? false]" time="0"/>
  <testcase classname="core.PrimeNumberCheckerTest" name="testPrimeNumberChecker[Iteration # 1571: Number: 1,573; isPrime? false]" time="0"/>
  <testcase classname="core.PrimeNumberCheckerTest" name="testPrimeNumberChecker[Iteration # 1572: Number: 1,574; isPrime? false]" time="0"/>
  <testcase classname="core.PrimeNumberCheckerTest" name="testPrimeNumberChecker[Iteration # 1573: Number: 1,575; isPrime? false]" time="0"/>
  <testcase classname="core.PrimeNumberCheckerTest" name="testPrimeNumberChecker[Iteration # 1574: Number: 1,576; isPrime? false]" time="0"/>
  <testcase classname="core.PrimeNumberCheckerTest" name="testPrimeNumberChecker[Iteration # 1575: Number: 1,577; isPrime? false]" time="0"/>
  <testcase classname="core.PrimeNumberCheckerTest" name="testPrimeNumberChecker[Iteration # 1576: Number: 1,578; isPrime? false]" time="0"/>
  <testcase classname="core.PrimeNumberCheckerTest" name="testPrimeNumberChecker[Iteration # 1577: Number: 1,579; isPrime? true]" time="0"/>
  <testcase classname="core.PrimeNumberCheckerTest" name="testPrimeNumberChecker[Iteration # 1578: Number: 1,580; isPrime? false]" time="0"/>
  <testcase classname="core.PrimeNumberCheckerTest" name="testPrimeNumberChecker[Iteration # 1579: Number: 1,581; isPrime? false]" time="0"/>
  <testcase classname="core.PrimeNumberCheckerTest" name="testPrimeNumberChecker[Iteration # 1580: Number: 1,582; isPrime? false]" time="0"/>
  <testcase classname="core.PrimeNumberCheckerTest" name="testPrimeNumberChecker[Iteration # 1581: Number: 1,583; isPrime? true]" time="0"/>
  <testcase classname="core.PrimeNumberCheckerTest" name="testPrimeNumberChecker[Iteration # 1582: Number: 1,584; isPrime? false]" time="0"/>
  <testcase classname="core.PrimeNumberCheckerTest" name="testPrimeNumberChecker[Iteration # 1583: Number: 1,585; isPrime? false]" time="0"/>
  <testcase classname="core.PrimeNumberCheckerTest" name="testPrimeNumberChecker[Iteration # 1584: Number: 1,586; isPrime? false]" time="0"/>
  <testcase classname="core.PrimeNumberCheckerTest" name="testPrimeNumberChecker[Iteration # 1585: Number: 1,587; isPrime? false]" time="0"/>
  <testcase classname="core.PrimeNumberCheckerTest" name="testPrimeNumberChecker[Iteration # 1586: Number: 1,588; isPrime? false]" time="0"/>
  <testcase classname="core.PrimeNumberCheckerTest" name="testPrimeNumberChecker[Iteration # 1587: Number: 1,589; isPrime? false]" time="0"/>
  <testcase classname="core.PrimeNumberCheckerTest" name="testPrimeNumberChecker[Iteration # 1588: Number: 1,590; isPrime? false]" time="0"/>
  <testcase classname="core.PrimeNumberCheckerTest" name="testPrimeNumberChecker[Iteration # 1589: Number: 1,591; isPrime? false]" time="0"/>
  <testcase classname="core.PrimeNumberCheckerTest" name="testPrimeNumberChecker[Iteration # 1590: Number: 1,592; isPrime? false]" time="0"/>
  <testcase classname="core.PrimeNumberCheckerTest" name="testPrimeNumberChecker[Iteration # 1591: Number: 1,593; isPrime? false]" time="0"/>
  <testcase classname="core.PrimeNumberCheckerTest" name="testPrimeNumberChecker[Iteration # 1592: Number: 1,594; isPrime? false]" time="0"/>
  <testcase classname="core.PrimeNumberCheckerTest" name="testPrimeNumberChecker[Iteration # 1593: Number: 1,595; isPrime? false]" time="0"/>
  <testcase classname="core.PrimeNumberCheckerTest" name="testPrimeNumberChecker[Iteration # 1594: Number: 1,596; isPrime? false]" time="0"/>
  <testcase classname="core.PrimeNumberCheckerTest" name="testPrimeNumberChecker[Iteration # 1595: Number: 1,597; isPrime? true]" time="0"/>
  <testcase classname="core.PrimeNumberCheckerTest" name="testPrimeNumberChecker[Iteration # 1596: Number: 1,598; isPrime? false]" time="0"/>
  <testcase classname="core.PrimeNumberCheckerTest" name="testPrimeNumberChecker[Iteration # 1597: Number: 1,599; isPrime? false]" time="0.001"/>
  <testcase classname="core.PrimeNumberCheckerTest" name="testPrimeNumberChecker[Iteration # 1598: Number: 1,600; isPrime? false]" time="0"/>
  <testcase classname="core.PrimeNumberCheckerTest" name="testPrimeNumberChecker[Iteration # 1599: Number: 1,601; isPrime? true]" time="0"/>
  <testcase classname="core.PrimeNumberCheckerTest" name="testPrimeNumberChecker[Iteration # 1600: Number: 1,602; isPrime? false]" time="0"/>
  <testcase classname="core.PrimeNumberCheckerTest" name="testPrimeNumberChecker[Iteration # 1601: Number: 1,603; isPrime? false]" time="0"/>
  <testcase classname="core.PrimeNumberCheckerTest" name="testPrimeNumberChecker[Iteration # 1602: Number: 1,604; isPrime? false]" time="0"/>
  <testcase classname="core.PrimeNumberCheckerTest" name="testPrimeNumberChecker[Iteration # 1603: Number: 1,605; isPrime? false]" time="0"/>
  <testcase classname="core.PrimeNumberCheckerTest" name="testPrimeNumberChecker[Iteration # 1604: Number: 1,606; isPrime? false]" time="0"/>
  <testcase classname="core.PrimeNumberCheckerTest" name="testPrimeNumberChecker[Iteration # 1605: Number: 1,607; isPrime? true]" time="0"/>
  <testcase classname="core.PrimeNumberCheckerTest" name="testPrimeNumberChecker[Iteration # 1606: Number: 1,608; isPrime? false]" time="0"/>
  <testcase classname="core.PrimeNumberCheckerTest" name="testPrimeNumberChecker[Iteration # 1607: Number: 1,609; isPrime? true]" time="0"/>
  <testcase classname="core.PrimeNumberCheckerTest" name="testPrimeNumberChecker[Iteration # 1608: Number: 1,610; isPrime? false]" time="0"/>
  <testcase classname="core.PrimeNumberCheckerTest" name="testPrimeNumberChecker[Iteration # 1609: Number: 1,611; isPrime? false]" time="0"/>
  <testcase classname="core.PrimeNumberCheckerTest" name="testPrimeNumberChecker[Iteration # 1610: Number: 1,612; isPrime? false]" time="0.001"/>
  <testcase classname="core.PrimeNumberCheckerTest" name="testPrimeNumberChecker[Iteration # 1611: Number: 1,613; isPrime? true]" time="0"/>
  <testcase classname="core.PrimeNumberCheckerTest" name="testPrimeNumberChecker[Iteration # 1612: Number: 1,614; isPrime? false]" time="0"/>
  <testcase classname="core.PrimeNumberCheckerTest" name="testPrimeNumberChecker[Iteration # 1613: Number: 1,615; isPrime? false]" time="0"/>
  <testcase classname="core.PrimeNumberCheckerTest" name="testPrimeNumberChecker[Iteration # 1614: Number: 1,616; isPrime? false]" time="0"/>
  <testcase classname="core.PrimeNumberCheckerTest" name="testPrimeNumberChecker[Iteration # 1615: Number: 1,617; isPrime? false]" time="0"/>
  <testcase classname="core.PrimeNumberCheckerTest" name="testPrimeNumberChecker[Iteration # 1616: Number: 1,618; isPrime? false]" time="0.001"/>
  <testcase classname="core.PrimeNumberCheckerTest" name="testPrimeNumberChecker[Iteration # 1617: Number: 1,619; isPrime? true]" time="0"/>
  <testcase classname="core.PrimeNumberCheckerTest" name="testPrimeNumberChecker[Iteration # 1618: Number: 1,620; isPrime? false]" time="0"/>
  <testcase classname="core.PrimeNumberCheckerTest" name="testPrimeNumberChecker[Iteration # 1619: Number: 1,621; isPrime? true]" time="0"/>
  <testcase classname="core.PrimeNumberCheckerTest" name="testPrimeNumberChecker[Iteration # 1620: Number: 1,622; isPrime? false]" time="0"/>
  <testcase classname="core.PrimeNumberCheckerTest" name="testPrimeNumberChecker[Iteration # 1621: Number: 1,623; isPrime? false]" time="0"/>
  <testcase classname="core.PrimeNumberCheckerTest" name="testPrimeNumberChecker[Iteration # 1622: Number: 1,624; isPrime? false]" time="0"/>
  <testcase classname="core.PrimeNumberCheckerTest" name="testPrimeNumberChecker[Iteration # 1623: Number: 1,625; isPrime? false]" time="0"/>
  <testcase classname="core.PrimeNumberCheckerTest" name="testPrimeNumberChecker[Iteration # 1624: Number: 1,626; isPrime? false]" time="0.001"/>
  <testcase classname="core.PrimeNumberCheckerTest" name="testPrimeNumberChecker[Iteration # 1625: Number: 1,627; isPrime? true]" time="0"/>
  <testcase classname="core.PrimeNumberCheckerTest" name="testPrimeNumberChecker[Iteration # 1626: Number: 1,628; isPrime? false]" time="0"/>
  <testcase classname="core.PrimeNumberCheckerTest" name="testPrimeNumberChecker[Iteration # 1627: Number: 1,629; isPrime? false]" time="0"/>
  <testcase classname="core.PrimeNumberCheckerTest" name="testPrimeNumberChecker[Iteration # 1628: Number: 1,630; isPrime? false]" time="0"/>
  <testcase classname="core.PrimeNumberCheckerTest" name="testPrimeNumberChecker[Iteration # 1629: Number: 1,631; isPrime? false]" time="0"/>
  <testcase classname="core.PrimeNumberCheckerTest" name="testPrimeNumberChecker[Iteration # 1630: Number: 1,632; isPrime? false]" time="0"/>
  <testcase classname="core.PrimeNumberCheckerTest" name="testPrimeNumberChecker[Iteration # 1631: Number: 1,633; isPrime? false]" time="0"/>
  <testcase classname="core.PrimeNumberCheckerTest" name="testPrimeNumberChecker[Iteration # 1632: Number: 1,634; isPrime? false]" time="0"/>
  <testcase classname="core.PrimeNumberCheckerTest" name="testPrimeNumberChecker[Iteration # 1633: Number: 1,635; isPrime? false]" time="0"/>
  <testcase classname="core.PrimeNumberCheckerTest" name="testPrimeNumberChecker[Iteration # 1634: Number: 1,636; isPrime? false]" time="0.001"/>
  <testcase classname="core.PrimeNumberCheckerTest" name="testPrimeNumberChecker[Iteration # 1635: Number: 1,637; isPrime? true]" time="0"/>
  <testcase classname="core.PrimeNumberCheckerTest" name="testPrimeNumberChecker[Iteration # 1636: Number: 1,638; isPrime? false]" time="0"/>
  <testcase classname="core.PrimeNumberCheckerTest" name="testPrimeNumberChecker[Iteration # 1637: Number: 1,639; isPrime? false]" time="0"/>
  <testcase classname="core.PrimeNumberCheckerTest" name="testPrimeNumberChecker[Iteration # 1638: Number: 1,640; isPrime? false]" time="0"/>
  <testcase classname="core.PrimeNumberCheckerTest" name="testPrimeNumberChecker[Iteration # 1639: Number: 1,641; isPrime? false]" time="0"/>
  <testcase classname="core.PrimeNumberCheckerTest" name="testPrimeNumberChecker[Iteration # 1640: Number: 1,642; isPrime? false]" time="0"/>
  <testcase classname="core.PrimeNumberCheckerTest" name="testPrimeNumberChecker[Iteration # 1641: Number: 1,643; isPrime? false]" time="0"/>
  <testcase classname="core.PrimeNumberCheckerTest" name="testPrimeNumberChecker[Iteration # 1642: Number: 1,644; isPrime? false]" time="0"/>
  <testcase classname="core.PrimeNumberCheckerTest" name="testPrimeNumberChecker[Iteration # 1643: Number: 1,645; isPrime? false]" time="0"/>
  <testcase classname="core.PrimeNumberCheckerTest" name="testPrimeNumberChecker[Iteration # 1644: Number: 1,646; isPrime? false]" time="0"/>
  <testcase classname="core.PrimeNumberCheckerTest" name="testPrimeNumberChecker[Iteration # 1645: Number: 1,647; isPrime? false]" time="0"/>
  <testcase classname="core.PrimeNumberCheckerTest" name="testPrimeNumberChecker[Iteration # 1646: Number: 1,648; isPrime? false]" time="0"/>
  <testcase classname="core.PrimeNumberCheckerTest" name="testPrimeNumberChecker[Iteration # 1647: Number: 1,649; isPrime? false]" time="0"/>
  <testcase classname="core.PrimeNumberCheckerTest" name="testPrimeNumberChecker[Iteration # 1648: Number: 1,650; isPrime? false]" time="0"/>
  <testcase classname="core.PrimeNumberCheckerTest" name="testPrimeNumberChecker[Iteration # 1649: Number: 1,651; isPrime? false]" time="0"/>
  <testcase classname="core.PrimeNumberCheckerTest" name="testPrimeNumberChecker[Iteration # 1650: Number: 1,652; isPrime? false]" time="0"/>
  <testcase classname="core.PrimeNumberCheckerTest" name="testPrimeNumberChecker[Iteration # 1651: Number: 1,653; isPrime? false]" time="0"/>
  <testcase classname="core.PrimeNumberCheckerTest" name="testPrimeNumberChecker[Iteration # 1652: Number: 1,654; isPrime? false]" time="0"/>
  <testcase classname="core.PrimeNumberCheckerTest" name="testPrimeNumberChecker[Iteration # 1653: Number: 1,655; isPrime? false]" time="0"/>
  <testcase classname="core.PrimeNumberCheckerTest" name="testPrimeNumberChecker[Iteration # 1654: Number: 1,656; isPrime? false]" time="0"/>
  <testcase classname="core.PrimeNumberCheckerTest" name="testPrimeNumberChecker[Iteration # 1655: Number: 1,657; isPrime? true]" time="0"/>
  <testcase classname="core.PrimeNumberCheckerTest" name="testPrimeNumberChecker[Iteration # 1656: Number: 1,658; isPrime? false]" time="0.001"/>
  <testcase classname="core.PrimeNumberCheckerTest" name="testPrimeNumberChecker[Iteration # 1657: Number: 1,659; isPrime? false]" time="0"/>
  <testcase classname="core.PrimeNumberCheckerTest" name="testPrimeNumberChecker[Iteration # 1658: Number: 1,660; isPrime? false]" time="0"/>
  <testcase classname="core.PrimeNumberCheckerTest" name="testPrimeNumberChecker[Iteration # 1659: Number: 1,661; isPrime? false]" time="0"/>
  <testcase classname="core.PrimeNumberCheckerTest" name="testPrimeNumberChecker[Iteration # 1660: Number: 1,662; isPrime? false]" time="0"/>
  <testcase classname="core.PrimeNumberCheckerTest" name="testPrimeNumberChecker[Iteration # 1661: Number: 1,663; isPrime? true]" time="0"/>
  <testcase classname="core.PrimeNumberCheckerTest" name="testPrimeNumberChecker[Iteration # 1662: Number: 1,664; isPrime? false]" time="0"/>
  <testcase classname="core.PrimeNumberCheckerTest" name="testPrimeNumberChecker[Iteration # 1663: Number: 1,665; isPrime? false]" time="0"/>
  <testcase classname="core.PrimeNumberCheckerTest" name="testPrimeNumberChecker[Iteration # 1664: Number: 1,666; isPrime? false]" time="0"/>
  <testcase classname="core.PrimeNumberCheckerTest" name="testPrimeNumberChecker[Iteration # 1665: Number: 1,667; isPrime? true]" time="0"/>
  <testcase classname="core.PrimeNumberCheckerTest" name="testPrimeNumberChecker[Iteration # 1666: Number: 1,668; isPrime? false]" time="0"/>
  <testcase classname="core.PrimeNumberCheckerTest" name="testPrimeNumberChecker[Iteration # 1667: Number: 1,669; isPrime? true]" time="0"/>
  <testcase classname="core.PrimeNumberCheckerTest" name="testPrimeNumberChecker[Iteration # 1668: Number: 1,670; isPrime? false]" time="0"/>
  <testcase classname="core.PrimeNumberCheckerTest" name="testPrimeNumberChecker[Iteration # 1669: Number: 1,671; isPrime? false]" time="0"/>
  <testcase classname="core.PrimeNumberCheckerTest" name="testPrimeNumberChecker[Iteration # 1670: Number: 1,672; isPrime? false]" time="0"/>
  <testcase classname="core.PrimeNumberCheckerTest" name="testPrimeNumberChecker[Iteration # 1671: Number: 1,673; isPrime? false]" time="0"/>
  <testcase classname="core.PrimeNumberCheckerTest" name="testPrimeNumberChecker[Iteration # 1672: Number: 1,674; isPrime? false]" time="0"/>
  <testcase classname="core.PrimeNumberCheckerTest" name="testPrimeNumberChecker[Iteration # 1673: Number: 1,675; isPrime? false]" time="0"/>
  <testcase classname="core.PrimeNumberCheckerTest" name="testPrimeNumberChecker[Iteration # 1674: Number: 1,676; isPrime? false]" time="0"/>
  <testcase classname="core.PrimeNumberCheckerTest" name="testPrimeNumberChecker[Iteration # 1675: Number: 1,677; isPrime? false]" time="0"/>
  <testcase classname="core.PrimeNumberCheckerTest" name="testPrimeNumberChecker[Iteration # 1676: Number: 1,678; isPrime? false]" time="0"/>
  <testcase classname="core.PrimeNumberCheckerTest" name="testPrimeNumberChecker[Iteration # 1677: Number: 1,679; isPrime? false]" time="0"/>
  <testcase classname="core.PrimeNumberCheckerTest" name="testPrimeNumberChecker[Iteration # 1678: Number: 1,680; isPrime? false]" time="0"/>
  <testcase classname="core.PrimeNumberCheckerTest" name="testPrimeNumberChecker[Iteration # 1679: Number: 1,681; isPrime? false]" time="0"/>
  <testcase classname="core.PrimeNumberCheckerTest" name="testPrimeNumberChecker[Iteration # 1680: Number: 1,682; isPrime? false]" time="0"/>
  <testcase classname="core.PrimeNumberCheckerTest" name="testPrimeNumberChecker[Iteration # 1681: Number: 1,683; isPrime? false]" time="0"/>
  <testcase classname="core.PrimeNumberCheckerTest" name="testPrimeNumberChecker[Iteration # 1682: Number: 1,684; isPrime? false]" time="0"/>
  <testcase classname="core.PrimeNumberCheckerTest" name="testPrimeNumberChecker[Iteration # 1683: Number: 1,685; isPrime? false]" time="0"/>
  <testcase classname="core.PrimeNumberCheckerTest" name="testPrimeNumberChecker[Iteration # 1684: Number: 1,686; isPrime? false]" time="0"/>
  <testcase classname="core.PrimeNumberCheckerTest" name="testPrimeNumberChecker[Iteration # 1685: Number: 1,687; isPrime? false]" time="0"/>
  <testcase classname="core.PrimeNumberCheckerTest" name="testPrimeNumberChecker[Iteration # 1686: Number: 1,688; isPrime? false]" time="0"/>
  <testcase classname="core.PrimeNumberCheckerTest" name="testPrimeNumberChecker[Iteration # 1687: Number: 1,689; isPrime? false]" time="0"/>
  <testcase classname="core.PrimeNumberCheckerTest" name="testPrimeNumberChecker[Iteration # 1688: Number: 1,690; isPrime? false]" time="0"/>
  <testcase classname="core.PrimeNumberCheckerTest" name="testPrimeNumberChecker[Iteration # 1689: Number: 1,691; isPrime? false]" time="0"/>
  <testcase classname="core.PrimeNumberCheckerTest" name="testPrimeNumberChecker[Iteration # 1690: Number: 1,692; isPrime? false]" time="0"/>
  <testcase classname="core.PrimeNumberCheckerTest" name="testPrimeNumberChecker[Iteration # 1691: Number: 1,693; isPrime? true]" time="0"/>
  <testcase classname="core.PrimeNumberCheckerTest" name="testPrimeNumberChecker[Iteration # 1692: Number: 1,694; isPrime? false]" time="0"/>
  <testcase classname="core.PrimeNumberCheckerTest" name="testPrimeNumberChecker[Iteration # 1693: Number: 1,695; isPrime? false]" time="0"/>
  <testcase classname="core.PrimeNumberCheckerTest" name="testPrimeNumberChecker[Iteration # 1694: Number: 1,696; isPrime? false]" time="0"/>
  <testcase classname="core.PrimeNumberCheckerTest" name="testPrimeNumberChecker[Iteration # 1695: Number: 1,697; isPrime? true]" time="0"/>
  <testcase classname="core.PrimeNumberCheckerTest" name="testPrimeNumberChecker[Iteration # 1696: Number: 1,698; isPrime? false]" time="0"/>
  <testcase classname="core.PrimeNumberCheckerTest" name="testPrimeNumberChecker[Iteration # 1697: Number: 1,699; isPrime? true]" time="0"/>
  <testcase classname="core.PrimeNumberCheckerTest" name="testPrimeNumberChecker[Iteration # 1698: Number: 1,700; isPrime? false]" time="0"/>
  <testcase classname="core.PrimeNumberCheckerTest" name="testPrimeNumberChecker[Iteration # 1699: Number: 1,701; isPrime? false]" time="0"/>
  <testcase classname="core.PrimeNumberCheckerTest" name="testPrimeNumberChecker[Iteration # 1700: Number: 1,702; isPrime? false]" time="0"/>
  <testcase classname="core.PrimeNumberCheckerTest" name="testPrimeNumberChecker[Iteration # 1701: Number: 1,703; isPrime? false]" time="0"/>
  <testcase classname="core.PrimeNumberCheckerTest" name="testPrimeNumberChecker[Iteration # 1702: Number: 1,704; isPrime? false]" time="0"/>
  <testcase classname="core.PrimeNumberCheckerTest" name="testPrimeNumberChecker[Iteration # 1703: Number: 1,705; isPrime? false]" time="0"/>
  <testcase classname="core.PrimeNumberCheckerTest" name="testPrimeNumberChecker[Iteration # 1704: Number: 1,706; isPrime? false]" time="0"/>
  <testcase classname="core.PrimeNumberCheckerTest" name="testPrimeNumberChecker[Iteration # 1705: Number: 1,707; isPrime? false]" time="0"/>
  <testcase classname="core.PrimeNumberCheckerTest" name="testPrimeNumberChecker[Iteration # 1706: Number: 1,708; isPrime? false]" time="0.001"/>
  <testcase classname="core.PrimeNumberCheckerTest" name="testPrimeNumberChecker[Iteration # 1707: Number: 1,709; isPrime? true]" time="0"/>
  <testcase classname="core.PrimeNumberCheckerTest" name="testPrimeNumberChecker[Iteration # 1708: Number: 1,710; isPrime? false]" time="0"/>
  <testcase classname="core.PrimeNumberCheckerTest" name="testPrimeNumberChecker[Iteration # 1709: Number: 1,711; isPrime? false]" time="0"/>
  <testcase classname="core.PrimeNumberCheckerTest" name="testPrimeNumberChecker[Iteration # 1710: Number: 1,712; isPrime? false]" time="0"/>
  <testcase classname="core.PrimeNumberCheckerTest" name="testPrimeNumberChecker[Iteration # 1711: Number: 1,713; isPrime? false]" time="0"/>
  <testcase classname="core.PrimeNumberCheckerTest" name="testPrimeNumberChecker[Iteration # 1712: Number: 1,714; isPrime? false]" time="0"/>
  <testcase classname="core.PrimeNumberCheckerTest" name="testPrimeNumberChecker[Iteration # 1713: Number: 1,715; isPrime? false]" time="0"/>
  <testcase classname="core.PrimeNumberCheckerTest" name="testPrimeNumberChecker[Iteration # 1714: Number: 1,716; isPrime? false]" time="0"/>
  <testcase classname="core.PrimeNumberCheckerTest" name="testPrimeNumberChecker[Iteration # 1715: Number: 1,717; isPrime? false]" time="0"/>
  <testcase classname="core.PrimeNumberCheckerTest" name="testPrimeNumberChecker[Iteration # 1716: Number: 1,718; isPrime? false]" time="0"/>
  <testcase classname="core.PrimeNumberCheckerTest" name="testPrimeNumberChecker[Iteration # 1717: Number: 1,719; isPrime? false]" time="0"/>
  <testcase classname="core.PrimeNumberCheckerTest" name="testPrimeNumberChecker[Iteration # 1718: Number: 1,720; isPrime? false]" time="0"/>
  <testcase classname="core.PrimeNumberCheckerTest" name="testPrimeNumberChecker[Iteration # 1719: Number: 1,721; isPrime? true]" time="0"/>
  <testcase classname="core.PrimeNumberCheckerTest" name="testPrimeNumberChecker[Iteration # 1720: Number: 1,722; isPrime? false]" time="0"/>
  <testcase classname="core.PrimeNumberCheckerTest" name="testPrimeNumberChecker[Iteration # 1721: Number: 1,723; isPrime? true]" time="0"/>
  <testcase classname="core.PrimeNumberCheckerTest" name="testPrimeNumberChecker[Iteration # 1722: Number: 1,724; isPrime? false]" time="0"/>
  <testcase classname="core.PrimeNumberCheckerTest" name="testPrimeNumberChecker[Iteration # 1723: Number: 1,725; isPrime? false]" time="0"/>
  <testcase classname="core.PrimeNumberCheckerTest" name="testPrimeNumberChecker[Iteration # 1724: Number: 1,726; isPrime? false]" time="0"/>
  <testcase classname="core.PrimeNumberCheckerTest" name="testPrimeNumberChecker[Iteration # 1725: Number: 1,727; isPrime? false]" time="0"/>
  <testcase classname="core.PrimeNumberCheckerTest" name="testPrimeNumberChecker[Iteration # 1726: Number: 1,728; isPrime? false]" time="0"/>
  <testcase classname="core.PrimeNumberCheckerTest" name="testPrimeNumberChecker[Iteration # 1727: Number: 1,729; isPrime? false]" time="0.001"/>
  <testcase classname="core.PrimeNumberCheckerTest" name="testPrimeNumberChecker[Iteration # 1728: Number: 1,730; isPrime? false]" time="0"/>
  <testcase classname="core.PrimeNumberCheckerTest" name="testPrimeNumberChecker[Iteration # 1729: Number: 1,731; isPrime? false]" time="0"/>
  <testcase classname="core.PrimeNumberCheckerTest" name="testPrimeNumberChecker[Iteration # 1730: Number: 1,732; isPrime? false]" time="0.001"/>
  <testcase classname="core.PrimeNumberCheckerTest" name="testPrimeNumberChecker[Iteration # 1731: Number: 1,733; isPrime? true]" time="0"/>
  <testcase classname="core.PrimeNumberCheckerTest" name="testPrimeNumberChecker[Iteration # 1732: Number: 1,734; isPrime? false]" time="0"/>
  <testcase classname="core.PrimeNumberCheckerTest" name="testPrimeNumberChecker[Iteration # 1733: Number: 1,735; isPrime? false]" time="0.001"/>
  <testcase classname="core.PrimeNumberCheckerTest" name="testPrimeNumberChecker[Iteration # 1734: Number: 1,736; isPrime? false]" time="0"/>
  <testcase classname="core.PrimeNumberCheckerTest" name="testPrimeNumberChecker[Iteration # 1735: Number: 1,737; isPrime? false]" time="0"/>
  <testcase classname="core.PrimeNumberCheckerTest" name="testPrimeNumberChecker[Iteration # 1736: Number: 1,738; isPrime? false]" time="0"/>
  <testcase classname="core.PrimeNumberCheckerTest" name="testPrimeNumberChecker[Iteration # 1737: Number: 1,739; isPrime? false]" time="0"/>
  <testcase classname="core.PrimeNumberCheckerTest" name="testPrimeNumberChecker[Iteration # 1738: Number: 1,740; isPrime? false]" time="0"/>
  <testcase classname="core.PrimeNumberCheckerTest" name="testPrimeNumberChecker[Iteration # 1739: Number: 1,741; isPrime? true]" time="0"/>
  <testcase classname="core.PrimeNumberCheckerTest" name="testPrimeNumberChecker[Iteration # 1740: Number: 1,742; isPrime? false]" time="0"/>
  <testcase classname="core.PrimeNumberCheckerTest" name="testPrimeNumberChecker[Iteration # 1741: Number: 1,743; isPrime? false]" time="0"/>
  <testcase classname="core.PrimeNumberCheckerTest" name="testPrimeNumberChecker[Iteration # 1742: Number: 1,744; isPrime? false]" time="0.001"/>
  <testcase classname="core.PrimeNumberCheckerTest" name="testPrimeNumberChecker[Iteration # 1743: Number: 1,745; isPrime? false]" time="0"/>
  <testcase classname="core.PrimeNumberCheckerTest" name="testPrimeNumberChecker[Iteration # 1744: Number: 1,746; isPrime? false]" time="0"/>
  <testcase classname="core.PrimeNumberCheckerTest" name="testPrimeNumberChecker[Iteration # 1745: Number: 1,747; isPrime? true]" time="0"/>
  <testcase classname="core.PrimeNumberCheckerTest" name="testPrimeNumberChecker[Iteration # 1746: Number: 1,748; isPrime? false]" time="0"/>
  <testcase classname="core.PrimeNumberCheckerTest" name="testPrimeNumberChecker[Iteration # 1747: Number: 1,749; isPrime? false]" time="0"/>
  <testcase classname="core.PrimeNumberCheckerTest" name="testPrimeNumberChecker[Iteration # 1748: Number: 1,750; isPrime? false]" time="0"/>
  <testcase classname="core.PrimeNumberCheckerTest" name="testPrimeNumberChecker[Iteration # 1749: Number: 1,751; isPrime? false]" time="0"/>
  <testcase classname="core.PrimeNumberCheckerTest" name="testPrimeNumberChecker[Iteration # 1750: Number: 1,752; isPrime? false]" time="0"/>
  <testcase classname="core.PrimeNumberCheckerTest" name="testPrimeNumberChecker[Iteration # 1751: Number: 1,753; isPrime? true]" time="0"/>
  <testcase classname="core.PrimeNumberCheckerTest" name="testPrimeNumberChecker[Iteration # 1752: Number: 1,754; isPrime? false]" time="0"/>
  <testcase classname="core.PrimeNumberCheckerTest" name="testPrimeNumberChecker[Iteration # 1753: Number: 1,755; isPrime? false]" time="0"/>
  <testcase classname="core.PrimeNumberCheckerTest" name="testPrimeNumberChecker[Iteration # 1754: Number: 1,756; isPrime? false]" time="0"/>
  <testcase classname="core.PrimeNumberCheckerTest" name="testPrimeNumberChecker[Iteration # 1755: Number: 1,757; isPrime? false]" time="0"/>
  <testcase classname="core.PrimeNumberCheckerTest" name="testPrimeNumberChecker[Iteration # 1756: Number: 1,758; isPrime? false]" time="0"/>
  <testcase classname="core.PrimeNumberCheckerTest" name="testPrimeNumberChecker[Iteration # 1757: Number: 1,759; isPrime? true]" time="0"/>
  <testcase classname="core.PrimeNumberCheckerTest" name="testPrimeNumberChecker[Iteration # 1758: Number: 1,760; isPrime? false]" time="0"/>
  <testcase classname="core.PrimeNumberCheckerTest" name="testPrimeNumberChecker[Iteration # 1759: Number: 1,761; isPrime? false]" time="0"/>
  <testcase classname="core.PrimeNumberCheckerTest" name="testPrimeNumberChecker[Iteration # 1760: Number: 1,762; isPrime? false]" time="0"/>
  <testcase classname="core.PrimeNumberCheckerTest" name="testPrimeNumberChecker[Iteration # 1761: Number: 1,763; isPrime? false]" time="0"/>
  <testcase classname="core.PrimeNumberCheckerTest" name="testPrimeNumberChecker[Iteration # 1762: Number: 1,764; isPrime? false]" time="0"/>
  <testcase classname="core.PrimeNumberCheckerTest" name="testPrimeNumberChecker[Iteration # 1763: Number: 1,765; isPrime? false]" time="0"/>
  <testcase classname="core.PrimeNumberCheckerTest" name="testPrimeNumberChecker[Iteration # 1764: Number: 1,766; isPrime? false]" time="0"/>
  <testcase classname="core.PrimeNumberCheckerTest" name="testPrimeNumberChecker[Iteration # 1765: Number: 1,767; isPrime? false]" time="0"/>
  <testcase classname="core.PrimeNumberCheckerTest" name="testPrimeNumberChecker[Iteration # 1766: Number: 1,768; isPrime? false]" time="0"/>
  <testcase classname="core.PrimeNumberCheckerTest" name="testPrimeNumberChecker[Iteration # 1767: Number: 1,769; isPrime? false]" time="0"/>
  <testcase classname="core.PrimeNumberCheckerTest" name="testPrimeNumberChecker[Iteration # 1768: Number: 1,770; isPrime? false]" time="0"/>
  <testcase classname="core.PrimeNumberCheckerTest" name="testPrimeNumberChecker[Iteration # 1769: Number: 1,771; isPrime? false]" time="0"/>
  <testcase classname="core.PrimeNumberCheckerTest" name="testPrimeNumberChecker[Iteration # 1770: Number: 1,772; isPrime? false]" time="0"/>
  <testcase classname="core.PrimeNumberCheckerTest" name="testPrimeNumberChecker[Iteration # 1771: Number: 1,773; isPrime? false]" time="0"/>
  <testcase classname="core.PrimeNumberCheckerTest" name="testPrimeNumberChecker[Iteration # 1772: Number: 1,774; isPrime? false]" time="0"/>
  <testcase classname="core.PrimeNumberCheckerTest" name="testPrimeNumberChecker[Iteration # 1773: Number: 1,775; isPrime? false]" time="0"/>
  <testcase classname="core.PrimeNumberCheckerTest" name="testPrimeNumberChecker[Iteration # 1774: Number: 1,776; isPrime? false]" time="0"/>
  <testcase classname="core.PrimeNumberCheckerTest" name="testPrimeNumberChecker[Iteration # 1775: Number: 1,777; isPrime? true]" time="0"/>
  <testcase classname="core.PrimeNumberCheckerTest" name="testPrimeNumberChecker[Iteration # 1776: Number: 1,778; isPrime? false]" time="0"/>
  <testcase classname="core.PrimeNumberCheckerTest" name="testPrimeNumberChecker[Iteration # 1777: Number: 1,779; isPrime? false]" time="0"/>
  <testcase classname="core.PrimeNumberCheckerTest" name="testPrimeNumberChecker[Iteration # 1778: Number: 1,780; isPrime? false]" time="0"/>
  <testcase classname="core.PrimeNumberCheckerTest" name="testPrimeNumberChecker[Iteration # 1779: Number: 1,781; isPrime? false]" time="0"/>
  <testcase classname="core.PrimeNumberCheckerTest" name="testPrimeNumberChecker[Iteration # 1780: Number: 1,782; isPrime? false]" time="0"/>
  <testcase classname="core.PrimeNumberCheckerTest" name="testPrimeNumberChecker[Iteration # 1781: Number: 1,783; isPrime? true]" time="0"/>
  <testcase classname="core.PrimeNumberCheckerTest" name="testPrimeNumberChecker[Iteration # 1782: Number: 1,784; isPrime? false]" time="0"/>
  <testcase classname="core.PrimeNumberCheckerTest" name="testPrimeNumberChecker[Iteration # 1783: Number: 1,785; isPrime? false]" time="0"/>
  <testcase classname="core.PrimeNumberCheckerTest" name="testPrimeNumberChecker[Iteration # 1784: Number: 1,786; isPrime? false]" time="0"/>
  <testcase classname="core.PrimeNumberCheckerTest" name="testPrimeNumberChecker[Iteration # 1785: Number: 1,787; isPrime? true]" time="0"/>
  <testcase classname="core.PrimeNumberCheckerTest" name="testPrimeNumberChecker[Iteration # 1786: Number: 1,788; isPrime? false]" time="0"/>
  <testcase classname="core.PrimeNumberCheckerTest" name="testPrimeNumberChecker[Iteration # 1787: Number: 1,789; isPrime? true]" time="0"/>
  <testcase classname="core.PrimeNumberCheckerTest" name="testPrimeNumberChecker[Iteration # 1788: Number: 1,790; isPrime? false]" time="0"/>
  <testcase classname="core.PrimeNumberCheckerTest" name="testPrimeNumberChecker[Iteration # 1789: Number: 1,791; isPrime? false]" time="0"/>
  <testcase classname="core.PrimeNumberCheckerTest" name="testPrimeNumberChecker[Iteration # 1790: Number: 1,792; isPrime? false]" time="0"/>
  <testcase classname="core.PrimeNumberCheckerTest" name="testPrimeNumberChecker[Iteration # 1791: Number: 1,793; isPrime? false]" time="0"/>
  <testcase classname="core.PrimeNumberCheckerTest" name="testPrimeNumberChecker[Iteration # 1792: Number: 1,794; isPrime? false]" time="0"/>
  <testcase classname="core.PrimeNumberCheckerTest" name="testPrimeNumberChecker[Iteration # 1793: Number: 1,795; isPrime? false]" time="0"/>
  <testcase classname="core.PrimeNumberCheckerTest" name="testPrimeNumberChecker[Iteration # 1794: Number: 1,796; isPrime? false]" time="0.001"/>
  <testcase classname="core.PrimeNumberCheckerTest" name="testPrimeNumberChecker[Iteration # 1795: Number: 1,797; isPrime? false]" time="0"/>
  <testcase classname="core.PrimeNumberCheckerTest" name="testPrimeNumberChecker[Iteration # 1796: Number: 1,798; isPrime? false]" time="0"/>
  <testcase classname="core.PrimeNumberCheckerTest" name="testPrimeNumberChecker[Iteration # 1797: Number: 1,799; isPrime? false]" time="0"/>
  <testcase classname="core.PrimeNumberCheckerTest" name="testPrimeNumberChecker[Iteration # 1798: Number: 1,800; isPrime? false]" time="0"/>
  <testcase classname="core.PrimeNumberCheckerTest" name="testPrimeNumberChecker[Iteration # 1799: Number: 1,801; isPrime? true]" time="0"/>
  <testcase classname="core.PrimeNumberCheckerTest" name="testPrimeNumberChecker[Iteration # 1800: Number: 1,802; isPrime? false]" time="0"/>
  <testcase classname="core.PrimeNumberCheckerTest" name="testPrimeNumberChecker[Iteration # 1801: Number: 1,803; isPrime? false]" time="0"/>
  <testcase classname="core.PrimeNumberCheckerTest" name="testPrimeNumberChecker[Iteration # 1802: Number: 1,804; isPrime? false]" time="0"/>
  <testcase classname="core.PrimeNumberCheckerTest" name="testPrimeNumberChecker[Iteration # 1803: Number: 1,805; isPrime? false]" time="0"/>
  <testcase classname="core.PrimeNumberCheckerTest" name="testPrimeNumberChecker[Iteration # 1804: Number: 1,806; isPrime? false]" time="0.002"/>
  <testcase classname="core.PrimeNumberCheckerTest" name="testPrimeNumberChecker[Iteration # 1805: Number: 1,807; isPrime? false]" time="0"/>
  <testcase classname="core.PrimeNumberCheckerTest" name="testPrimeNumberChecker[Iteration # 1806: Number: 1,808; isPrime? false]" time="0"/>
  <testcase classname="core.PrimeNumberCheckerTest" name="testPrimeNumberChecker[Iteration # 1807: Number: 1,809; isPrime? false]" time="0"/>
  <testcase classname="core.PrimeNumberCheckerTest" name="testPrimeNumberChecker[Iteration # 1808: Number: 1,810; isPrime? false]" time="0"/>
  <testcase classname="core.PrimeNumberCheckerTest" name="testPrimeNumberChecker[Iteration # 1809: Number: 1,811; isPrime? true]" time="0"/>
  <testcase classname="core.PrimeNumberCheckerTest" name="testPrimeNumberChecker[Iteration # 1810: Number: 1,812; isPrime? false]" time="0"/>
  <testcase classname="core.PrimeNumberCheckerTest" name="testPrimeNumberChecker[Iteration # 1811: Number: 1,813; isPrime? false]" time="0"/>
  <testcase classname="core.PrimeNumberCheckerTest" name="testPrimeNumberChecker[Iteration # 1812: Number: 1,814; isPrime? false]" time="0"/>
  <testcase classname="core.PrimeNumberCheckerTest" name="testPrimeNumberChecker[Iteration # 1813: Number: 1,815; isPrime? false]" time="0"/>
  <testcase classname="core.PrimeNumberCheckerTest" name="testPrimeNumberChecker[Iteration # 1814: Number: 1,816; isPrime? false]" time="0"/>
  <testcase classname="core.PrimeNumberCheckerTest" name="testPrimeNumberChecker[Iteration # 1815: Number: 1,817; isPrime? false]" time="0"/>
  <testcase classname="core.PrimeNumberCheckerTest" name="testPrimeNumberChecker[Iteration # 1816: Number: 1,818; isPrime? false]" time="0"/>
  <testcase classname="core.PrimeNumberCheckerTest" name="testPrimeNumberChecker[Iteration # 1817: Number: 1,819; isPrime? false]" time="0"/>
  <testcase classname="core.PrimeNumberCheckerTest" name="testPrimeNumberChecker[Iteration # 1818: Number: 1,820; isPrime? false]" time="0"/>
  <testcase classname="core.PrimeNumberCheckerTest" name="testPrimeNumberChecker[Iteration # 1819: Number: 1,821; isPrime? false]" time="0"/>
  <testcase classname="core.PrimeNumberCheckerTest" name="testPrimeNumberChecker[Iteration # 1820: Number: 1,822; isPrime? false]" time="0"/>
  <testcase classname="core.PrimeNumberCheckerTest" name="testPrimeNumberChecker[Iteration # 1821: Number: 1,823; isPrime? true]" time="0"/>
  <testcase classname="core.PrimeNumberCheckerTest" name="testPrimeNumberChecker[Iteration # 1822: Number: 1,824; isPrime? false]" time="0"/>
  <testcase classname="core.PrimeNumberCheckerTest" name="testPrimeNumberChecker[Iteration # 1823: Number: 1,825; isPrime? false]" time="0"/>
  <testcase classname="core.PrimeNumberCheckerTest" name="testPrimeNumberChecker[Iteration # 1824: Number: 1,826; isPrime? false]" time="0"/>
  <testcase classname="core.PrimeNumberCheckerTest" name="testPrimeNumberChecker[Iteration # 1825: Number: 1,827; isPrime? false]" time="0.002"/>
  <testcase classname="core.PrimeNumberCheckerTest" name="testPrimeNumberChecker[Iteration # 1826: Number: 1,828; isPrime? false]" time="0"/>
  <testcase classname="core.PrimeNumberCheckerTest" name="testPrimeNumberChecker[Iteration # 1827: Number: 1,829; isPrime? false]" time="0"/>
  <testcase classname="core.PrimeNumberCheckerTest" name="testPrimeNumberChecker[Iteration # 1828: Number: 1,830; isPrime? false]" time="0"/>
  <testcase classname="core.PrimeNumberCheckerTest" name="testPrimeNumberChecker[Iteration # 1829: Number: 1,831; isPrime? true]" time="0"/>
  <testcase classname="core.PrimeNumberCheckerTest" name="testPrimeNumberChecker[Iteration # 1830: Number: 1,832; isPrime? false]" time="0"/>
  <testcase classname="core.PrimeNumberCheckerTest" name="testPrimeNumberChecker[Iteration # 1831: Number: 1,833; isPrime? false]" time="0"/>
  <testcase classname="core.PrimeNumberCheckerTest" name="testPrimeNumberChecker[Iteration # 1832: Number: 1,834; isPrime? false]" time="0"/>
  <testcase classname="core.PrimeNumberCheckerTest" name="testPrimeNumberChecker[Iteration # 1833: Number: 1,835; isPrime? false]" time="0"/>
  <testcase classname="core.PrimeNumberCheckerTest" name="testPrimeNumberChecker[Iteration # 1834: Number: 1,836; isPrime? false]" time="0"/>
  <testcase classname="core.PrimeNumberCheckerTest" name="testPrimeNumberChecker[Iteration # 1835: Number: 1,837; isPrime? false]" time="0"/>
  <testcase classname="core.PrimeNumberCheckerTest" name="testPrimeNumberChecker[Iteration # 1836: Number: 1,838; isPrime? false]" time="0"/>
  <testcase classname="core.PrimeNumberCheckerTest" name="testPrimeNumberChecker[Iteration # 1837: Number: 1,839; isPrime? false]" time="0"/>
  <testcase classname="core.PrimeNumberCheckerTest" name="testPrimeNumberChecker[Iteration # 1838: Number: 1,840; isPrime? false]" time="0"/>
  <testcase classname="core.PrimeNumberCheckerTest" name="testPrimeNumberChecker[Iteration # 1839: Number: 1,841; isPrime? false]" time="0"/>
  <testcase classname="core.PrimeNumberCheckerTest" name="testPrimeNumberChecker[Iteration # 1840: Number: 1,842; isPrime? false]" time="0"/>
  <testcase classname="core.PrimeNumberCheckerTest" name="testPrimeNumberChecker[Iteration # 1841: Number: 1,843; isPrime? false]" time="0"/>
  <testcase classname="core.PrimeNumberCheckerTest" name="testPrimeNumberChecker[Iteration # 1842: Number: 1,844; isPrime? false]" time="0"/>
  <testcase classname="core.PrimeNumberCheckerTest" name="testPrimeNumberChecker[Iteration # 1843: Number: 1,845; isPrime? false]" time="0"/>
  <testcase classname="core.PrimeNumberCheckerTest" name="testPrimeNumberChecker[Iteration # 1844: Number: 1,846; isPrime? false]" time="0"/>
  <testcase classname="core.PrimeNumberCheckerTest" name="testPrimeNumberChecker[Iteration # 1845: Number: 1,847; isPrime? true]" time="0"/>
  <testcase classname="core.PrimeNumberCheckerTest" name="testPrimeNumberChecker[Iteration # 1846: Number: 1,848; isPrime? false]" time="0.001"/>
  <testcase classname="core.PrimeNumberCheckerTest" name="testPrimeNumberChecker[Iteration # 1847: Number: 1,849; isPrime? false]" time="0"/>
  <testcase classname="core.PrimeNumberCheckerTest" name="testPrimeNumberChecker[Iteration # 1848: Number: 1,850; isPrime? false]" time="0"/>
  <testcase classname="core.PrimeNumberCheckerTest" name="testPrimeNumberChecker[Iteration # 1849: Number: 1,851; isPrime? false]" time="0"/>
  <testcase classname="core.PrimeNumberCheckerTest" name="testPrimeNumberChecker[Iteration # 1850: Number: 1,852; isPrime? false]" time="0"/>
  <testcase classname="core.PrimeNumberCheckerTest" name="testPrimeNumberChecker[Iteration # 1851: Number: 1,853; isPrime? false]" time="0"/>
  <testcase classname="core.PrimeNumberCheckerTest" name="testPrimeNumberChecker[Iteration # 1852: Number: 1,854; isPrime? false]" time="0"/>
  <testcase classname="core.PrimeNumberCheckerTest" name="testPrimeNumberChecker[Iteration # 1853: Number: 1,855; isPrime? false]" time="0"/>
  <testcase classname="core.PrimeNumberCheckerTest" name="testPrimeNumberChecker[Iteration # 1854: Number: 1,856; isPrime? false]" time="0"/>
  <testcase classname="core.PrimeNumberCheckerTest" name="testPrimeNumberChecker[Iteration # 1855: Number: 1,857; isPrime? false]" time="0"/>
  <testcase classname="core.PrimeNumberCheckerTest" name="testPrimeNumberChecker[Iteration # 1856: Number: 1,858; isPrime? false]" time="0"/>
  <testcase classname="core.PrimeNumberCheckerTest" name="testPrimeNumberChecker[Iteration # 1857: Number: 1,859; isPrime? false]" time="0"/>
  <testcase classname="core.PrimeNumberCheckerTest" name="testPrimeNumberChecker[Iteration # 1858: Number: 1,860; isPrime? false]" time="0"/>
  <testcase classname="core.PrimeNumberCheckerTest" name="testPrimeNumberChecker[Iteration # 1859: Number: 1,861; isPrime? true]" time="0"/>
  <testcase classname="core.PrimeNumberCheckerTest" name="testPrimeNumberChecker[Iteration # 1860: Number: 1,862; isPrime? false]" time="0"/>
  <testcase classname="core.PrimeNumberCheckerTest" name="testPrimeNumberChecker[Iteration # 1861: Number: 1,863; isPrime? false]" time="0"/>
  <testcase classname="core.PrimeNumberCheckerTest" name="testPrimeNumberChecker[Iteration # 1862: Number: 1,864; isPrime? false]" time="0"/>
  <testcase classname="core.PrimeNumberCheckerTest" name="testPrimeNumberChecker[Iteration # 1863: Number: 1,865; isPrime? false]" time="0"/>
  <testcase classname="core.PrimeNumberCheckerTest" name="testPrimeNumberChecker[Iteration # 1864: Number: 1,866; isPrime? false]" time="0"/>
  <testcase classname="core.PrimeNumberCheckerTest" name="testPrimeNumberChecker[Iteration # 1865: Number: 1,867; isPrime? true]" time="0"/>
  <testcase classname="core.PrimeNumberCheckerTest" name="testPrimeNumberChecker[Iteration # 1866: Number: 1,868; isPrime? false]" time="0"/>
  <testcase classname="core.PrimeNumberCheckerTest" name="testPrimeNumberChecker[Iteration # 1867: Number: 1,869; isPrime? false]" time="0"/>
  <testcase classname="core.PrimeNumberCheckerTest" name="testPrimeNumberChecker[Iteration # 1868: Number: 1,870; isPrime? false]" time="0"/>
  <testcase classname="core.PrimeNumberCheckerTest" name="testPrimeNumberChecker[Iteration # 1869: Number: 1,871; isPrime? true]" time="0"/>
  <testcase classname="core.PrimeNumberCheckerTest" name="testPrimeNumberChecker[Iteration # 1870: Number: 1,872; isPrime? false]" time="0"/>
  <testcase classname="core.PrimeNumberCheckerTest" name="testPrimeNumberChecker[Iteration # 1871: Number: 1,873; isPrime? true]" time="0.001"/>
  <testcase classname="core.PrimeNumberCheckerTest" name="testPrimeNumberChecker[Iteration # 1872: Number: 1,874; isPrime? false]" time="0"/>
  <testcase classname="core.PrimeNumberCheckerTest" name="testPrimeNumberChecker[Iteration # 1873: Number: 1,875; isPrime? false]" time="0"/>
  <testcase classname="core.PrimeNumberCheckerTest" name="testPrimeNumberChecker[Iteration # 1874: Number: 1,876; isPrime? false]" time="0"/>
  <testcase classname="core.PrimeNumberCheckerTest" name="testPrimeNumberChecker[Iteration # 1875: Number: 1,877; isPrime? true]" time="0"/>
  <testcase classname="core.PrimeNumberCheckerTest" name="testPrimeNumberChecker[Iteration # 1876: Number: 1,878; isPrime? false]" time="0.005"/>
  <testcase classname="core.PrimeNumberCheckerTest" name="testPrimeNumberChecker[Iteration # 1877: Number: 1,879; isPrime? true]" time="0"/>
  <testcase classname="core.PrimeNumberCheckerTest" name="testPrimeNumberChecker[Iteration # 1878: Number: 1,880; isPrime? false]" time="0"/>
  <testcase classname="core.PrimeNumberCheckerTest" name="testPrimeNumberChecker[Iteration # 1879: Number: 1,881; isPrime? false]" time="0"/>
  <testcase classname="core.PrimeNumberCheckerTest" name="testPrimeNumberChecker[Iteration # 1880: Number: 1,882; isPrime? false]" time="0"/>
  <testcase classname="core.PrimeNumberCheckerTest" name="testPrimeNumberChecker[Iteration # 1881: Number: 1,883; isPrime? false]" time="0.001"/>
  <testcase classname="core.PrimeNumberCheckerTest" name="testPrimeNumberChecker[Iteration # 1882: Number: 1,884; isPrime? false]" time="0"/>
  <testcase classname="core.PrimeNumberCheckerTest" name="testPrimeNumberChecker[Iteration # 1883: Number: 1,885; isPrime? false]" time="0"/>
  <testcase classname="core.PrimeNumberCheckerTest" name="testPrimeNumberChecker[Iteration # 1884: Number: 1,886; isPrime? false]" time="0"/>
  <testcase classname="core.PrimeNumberCheckerTest" name="testPrimeNumberChecker[Iteration # 1885: Number: 1,887; isPrime? false]" time="0"/>
  <testcase classname="core.PrimeNumberCheckerTest" name="testPrimeNumberChecker[Iteration # 1886: Number: 1,888; isPrime? false]" time="0"/>
  <testcase classname="core.PrimeNumberCheckerTest" name="testPrimeNumberChecker[Iteration # 1887: Number: 1,889; isPrime? true]" time="0"/>
  <testcase classname="core.PrimeNumberCheckerTest" name="testPrimeNumberChecker[Iteration # 1888: Number: 1,890; isPrime? false]" time="0"/>
  <testcase classname="core.PrimeNumberCheckerTest" name="testPrimeNumberChecker[Iteration # 1889: Number: 1,891; isPrime? false]" time="0"/>
  <testcase classname="core.PrimeNumberCheckerTest" name="testPrimeNumberChecker[Iteration # 1890: Number: 1,892; isPrime? false]" time="0"/>
  <testcase classname="core.PrimeNumberCheckerTest" name="testPrimeNumberChecker[Iteration # 1891: Number: 1,893; isPrime? false]" time="0"/>
  <testcase classname="core.PrimeNumberCheckerTest" name="testPrimeNumberChecker[Iteration # 1892: Number: 1,894; isPrime? false]" time="0"/>
  <testcase classname="core.PrimeNumberCheckerTest" name="testPrimeNumberChecker[Iteration # 1893: Number: 1,895; isPrime? false]" time="0"/>
  <testcase classname="core.PrimeNumberCheckerTest" name="testPrimeNumberChecker[Iteration # 1894: Number: 1,896; isPrime? false]" time="0"/>
  <testcase classname="core.PrimeNumberCheckerTest" name="testPrimeNumberChecker[Iteration # 1895: Number: 1,897; isPrime? false]" time="0"/>
  <testcase classname="core.PrimeNumberCheckerTest" name="testPrimeNumberChecker[Iteration # 1896: Number: 1,898; isPrime? false]" time="0"/>
  <testcase classname="core.PrimeNumberCheckerTest" name="testPrimeNumberChecker[Iteration # 1897: Number: 1,899; isPrime? false]" time="0"/>
  <testcase classname="core.PrimeNumberCheckerTest" name="testPrimeNumberChecker[Iteration # 1898: Number: 1,900; isPrime? false]" time="0"/>
  <testcase classname="core.PrimeNumberCheckerTest" name="testPrimeNumberChecker[Iteration # 1899: Number: 1,901; isPrime? true]" time="0"/>
  <testcase classname="core.PrimeNumberCheckerTest" name="testPrimeNumberChecker[Iteration # 1900: Number: 1,902; isPrime? false]" time="0"/>
  <testcase classname="core.PrimeNumberCheckerTest" name="testPrimeNumberChecker[Iteration # 1901: Number: 1,903; isPrime? false]" time="0"/>
  <testcase classname="core.PrimeNumberCheckerTest" name="testPrimeNumberChecker[Iteration # 1902: Number: 1,904; isPrime? false]" time="0"/>
  <testcase classname="core.PrimeNumberCheckerTest" name="testPrimeNumberChecker[Iteration # 1903: Number: 1,905; isPrime? false]" time="0"/>
  <testcase classname="core.PrimeNumberCheckerTest" name="testPrimeNumberChecker[Iteration # 1904: Number: 1,906; isPrime? false]" time="0"/>
  <testcase classname="core.PrimeNumberCheckerTest" name="testPrimeNumberChecker[Iteration # 1905: Number: 1,907; isPrime? true]" time="0"/>
  <testcase classname="core.PrimeNumberCheckerTest" name="testPrimeNumberChecker[Iteration # 1906: Number: 1,908; isPrime? false]" time="0.001"/>
  <testcase classname="core.PrimeNumberCheckerTest" name="testPrimeNumberChecker[Iteration # 1907: Number: 1,909; isPrime? false]" time="0"/>
  <testcase classname="core.PrimeNumberCheckerTest" name="testPrimeNumberChecker[Iteration # 1908: Number: 1,910; isPrime? false]" time="0"/>
  <testcase classname="core.PrimeNumberCheckerTest" name="testPrimeNumberChecker[Iteration # 1909: Number: 1,911; isPrime? false]" time="0"/>
  <testcase classname="core.PrimeNumberCheckerTest" name="testPrimeNumberChecker[Iteration # 1910: Number: 1,912; isPrime? false]" time="0"/>
  <testcase classname="core.PrimeNumberCheckerTest" name="testPrimeNumberChecker[Iteration # 1911: Number: 1,913; isPrime? true]" time="0"/>
  <testcase classname="core.PrimeNumberCheckerTest" name="testPrimeNumberChecker[Iteration # 1912: Number: 1,914; isPrime? false]" time="0"/>
  <testcase classname="core.PrimeNumberCheckerTest" name="testPrimeNumberChecker[Iteration # 1913: Number: 1,915; isPrime? false]" time="0"/>
  <testcase classname="core.PrimeNumberCheckerTest" name="testPrimeNumberChecker[Iteration # 1914: Number: 1,916; isPrime? false]" time="0"/>
  <testcase classname="core.PrimeNumberCheckerTest" name="testPrimeNumberChecker[Iteration # 1915: Number: 1,917; isPrime? false]" time="0"/>
  <testcase classname="core.PrimeNumberCheckerTest" name="testPrimeNumberChecker[Iteration # 1916: Number: 1,918; isPrime? false]" time="0"/>
  <testcase classname="core.PrimeNumberCheckerTest" name="testPrimeNumberChecker[Iteration # 1917: Number: 1,919; isPrime? false]" time="0"/>
  <testcase classname="core.PrimeNumberCheckerTest" name="testPrimeNumberChecker[Iteration # 1918: Number: 1,920; isPrime? false]" time="0"/>
  <testcase classname="core.PrimeNumberCheckerTest" name="testPrimeNumberChecker[Iteration # 1919: Number: 1,921; isPrime? false]" time="0"/>
  <testcase classname="core.PrimeNumberCheckerTest" name="testPrimeNumberChecker[Iteration # 1920: Number: 1,922; isPrime? false]" time="0"/>
  <testcase classname="core.PrimeNumberCheckerTest" name="testPrimeNumberChecker[Iteration # 1921: Number: 1,923; isPrime? false]" time="0"/>
  <testcase classname="core.PrimeNumberCheckerTest" name="testPrimeNumberChecker[Iteration # 1922: Number: 1,924; isPrime? false]" time="0"/>
  <testcase classname="core.PrimeNumberCheckerTest" name="testPrimeNumberChecker[Iteration # 1923: Number: 1,925; isPrime? false]" time="0"/>
  <testcase classname="core.PrimeNumberCheckerTest" name="testPrimeNumberChecker[Iteration # 1924: Number: 1,926; isPrime? false]" time="0"/>
  <testcase classname="core.PrimeNumberCheckerTest" name="testPrimeNumberChecker[Iteration # 1925: Number: 1,927; isPrime? false]" time="0"/>
  <testcase classname="core.PrimeNumberCheckerTest" name="testPrimeNumberChecker[Iteration # 1926: Number: 1,928; isPrime? false]" time="0"/>
  <testcase classname="core.PrimeNumberCheckerTest" name="testPrimeNumberChecker[Iteration # 1927: Number: 1,929; isPrime? false]" time="0"/>
  <testcase classname="core.PrimeNumberCheckerTest" name="testPrimeNumberChecker[Iteration # 1928: Number: 1,930; isPrime? false]" time="0"/>
  <testcase classname="core.PrimeNumberCheckerTest" name="testPrimeNumberChecker[Iteration # 1929: Number: 1,931; isPrime? true]" time="0"/>
  <testcase classname="core.PrimeNumberCheckerTest" name="testPrimeNumberChecker[Iteration # 1930: Number: 1,932; isPrime? false]" time="0"/>
  <testcase classname="core.PrimeNumberCheckerTest" name="testPrimeNumberChecker[Iteration # 1931: Number: 1,933; isPrime? true]" time="0"/>
  <testcase classname="core.PrimeNumberCheckerTest" name="testPrimeNumberChecker[Iteration # 1932: Number: 1,934; isPrime? false]" time="0"/>
  <testcase classname="core.PrimeNumberCheckerTest" name="testPrimeNumberChecker[Iteration # 1933: Number: 1,935; isPrime? false]" time="0"/>
  <testcase classname="core.PrimeNumberCheckerTest" name="testPrimeNumberChecker[Iteration # 1934: Number: 1,936; isPrime? false]" time="0"/>
  <testcase classname="core.PrimeNumberCheckerTest" name="testPrimeNumberChecker[Iteration # 1935: Number: 1,937; isPrime? false]" time="0"/>
  <testcase classname="core.PrimeNumberCheckerTest" name="testPrimeNumberChecker[Iteration # 1936: Number: 1,938; isPrime? false]" time="0"/>
  <testcase classname="core.PrimeNumberCheckerTest" name="testPrimeNumberChecker[Iteration # 1937: Number: 1,939; isPrime? false]" time="0"/>
  <testcase classname="core.PrimeNumberCheckerTest" name="testPrimeNumberChecker[Iteration # 1938: Number: 1,940; isPrime? false]" time="0"/>
  <testcase classname="core.PrimeNumberCheckerTest" name="testPrimeNumberChecker[Iteration # 1939: Number: 1,941; isPrime? false]" time="0"/>
  <testcase classname="core.PrimeNumberCheckerTest" name="testPrimeNumberChecker[Iteration # 1940: Number: 1,942; isPrime? false]" time="0"/>
  <testcase classname="core.PrimeNumberCheckerTest" name="testPrimeNumberChecker[Iteration # 1941: Number: 1,943; isPrime? false]" time="0"/>
  <testcase classname="core.PrimeNumberCheckerTest" name="testPrimeNumberChecker[Iteration # 1942: Number: 1,944; isPrime? false]" time="0"/>
  <testcase classname="core.PrimeNumberCheckerTest" name="testPrimeNumberChecker[Iteration # 1943: Number: 1,945; isPrime? false]" time="0"/>
  <testcase classname="core.PrimeNumberCheckerTest" name="testPrimeNumberChecker[Iteration # 1944: Number: 1,946; isPrime? false]" time="0"/>
  <testcase classname="core.PrimeNumberCheckerTest" name="testPrimeNumberChecker[Iteration # 1945: Number: 1,947; isPrime? false]" time="0"/>
  <testcase classname="core.PrimeNumberCheckerTest" name="testPrimeNumberChecker[Iteration # 1946: Number: 1,948; isPrime? false]" time="0"/>
  <testcase classname="core.PrimeNumberCheckerTest" name="testPrimeNumberChecker[Iteration # 1947: Number: 1,949; isPrime? true]" time="0"/>
  <testcase classname="core.PrimeNumberCheckerTest" name="testPrimeNumberChecker[Iteration # 1948: Number: 1,950; isPrime? false]" time="0"/>
  <testcase classname="core.PrimeNumberCheckerTest" name="testPrimeNumberChecker[Iteration # 1949: Number: 1,951; isPrime? true]" time="0"/>
  <testcase classname="core.PrimeNumberCheckerTest" name="testPrimeNumberChecker[Iteration # 1950: Number: 1,952; isPrime? false]" time="0"/>
  <testcase classname="core.PrimeNumberCheckerTest" name="testPrimeNumberChecker[Iteration # 1951: Number: 1,953; isPrime? false]" time="0"/>
  <testcase classname="core.PrimeNumberCheckerTest" name="testPrimeNumberChecker[Iteration # 1952: Number: 1,954; isPrime? false]" time="0"/>
  <testcase classname="core.PrimeNumberCheckerTest" name="testPrimeNumberChecker[Iteration # 1953: Number: 1,955; isPrime? false]" time="0"/>
  <testcase classname="core.PrimeNumberCheckerTest" name="testPrimeNumberChecker[Iteration # 1954: Number: 1,956; isPrime? false]" time="0"/>
  <testcase classname="core.PrimeNumberCheckerTest" name="testPrimeNumberChecker[Iteration # 1955: Number: 1,957; isPrime? false]" time="0"/>
  <testcase classname="core.PrimeNumberCheckerTest" name="testPrimeNumberChecker[Iteration # 1956: Number: 1,958; isPrime? false]" time="0"/>
  <testcase classname="core.PrimeNumberCheckerTest" name="testPrimeNumberChecker[Iteration # 1957: Number: 1,959; isPrime? false]" time="0"/>
  <testcase classname="core.PrimeNumberCheckerTest" name="testPrimeNumberChecker[Iteration # 1958: Number: 1,960; isPrime? false]" time="0"/>
  <testcase classname="core.PrimeNumberCheckerTest" name="testPrimeNumberChecker[Iteration # 1959: Number: 1,961; isPrime? false]" time="0"/>
  <testcase classname="core.PrimeNumberCheckerTest" name="testPrimeNumberChecker[Iteration # 1960: Number: 1,962; isPrime? false]" time="0"/>
  <testcase classname="core.PrimeNumberCheckerTest" name="testPrimeNumberChecker[Iteration # 1961: Number: 1,963; isPrime? false]" time="0"/>
  <testcase classname="core.PrimeNumberCheckerTest" name="testPrimeNumberChecker[Iteration # 1962: Number: 1,964; isPrime? false]" time="0"/>
  <testcase classname="core.PrimeNumberCheckerTest" name="testPrimeNumberChecker[Iteration # 1963: Number: 1,965; isPrime? false]" time="0"/>
  <testcase classname="core.PrimeNumberCheckerTest" name="testPrimeNumberChecker[Iteration # 1964: Number: 1,966; isPrime? false]" time="0"/>
  <testcase classname="core.PrimeNumberCheckerTest" name="testPrimeNumberChecker[Iteration # 1965: Number: 1,967; isPrime? false]" time="0"/>
  <testcase classname="core.PrimeNumberCheckerTest" name="testPrimeNumberChecker[Iteration # 1966: Number: 1,968; isPrime? false]" time="0"/>
  <testcase classname="core.PrimeNumberCheckerTest" name="testPrimeNumberChecker[Iteration # 1967: Number: 1,969; isPrime? false]" time="0"/>
  <testcase classname="core.PrimeNumberCheckerTest" name="testPrimeNumberChecker[Iteration # 1968: Number: 1,970; isPrime? false]" time="0"/>
  <testcase classname="core.PrimeNumberCheckerTest" name="testPrimeNumberChecker[Iteration # 1969: Number: 1,971; isPrime? false]" time="0"/>
  <testcase classname="core.PrimeNumberCheckerTest" name="testPrimeNumberChecker[Iteration # 1970: Number: 1,972; isPrime? false]" time="0"/>
  <testcase classname="core.PrimeNumberCheckerTest" name="testPrimeNumberChecker[Iteration # 1971: Number: 1,973; isPrime? true]" time="0.001"/>
  <testcase classname="core.PrimeNumberCheckerTest" name="testPrimeNumberChecker[Iteration # 1972: Number: 1,974; isPrime? false]" time="0"/>
  <testcase classname="core.PrimeNumberCheckerTest" name="testPrimeNumberChecker[Iteration # 1973: Number: 1,975; isPrime? false]" time="0"/>
  <testcase classname="core.PrimeNumberCheckerTest" name="testPrimeNumberChecker[Iteration # 1974: Number: 1,976; isPrime? false]" time="0"/>
  <testcase classname="core.PrimeNumberCheckerTest" name="testPrimeNumberChecker[Iteration # 1975: Number: 1,977; isPrime? false]" time="0"/>
  <testcase classname="core.PrimeNumberCheckerTest" name="testPrimeNumberChecker[Iteration # 1976: Number: 1,978; isPrime? false]" time="0"/>
  <testcase classname="core.PrimeNumberCheckerTest" name="testPrimeNumberChecker[Iteration # 1977: Number: 1,979; isPrime? true]" time="0"/>
  <testcase classname="core.PrimeNumberCheckerTest" name="testPrimeNumberChecker[Iteration # 1978: Number: 1,980; isPrime? false]" time="0"/>
  <testcase classname="core.PrimeNumberCheckerTest" name="testPrimeNumberChecker[Iteration # 1979: Number: 1,981; isPrime? false]" time="0"/>
  <testcase classname="core.PrimeNumberCheckerTest" name="testPrimeNumberChecker[Iteration # 1980: Number: 1,982; isPrime? false]" time="0"/>
  <testcase classname="core.PrimeNumberCheckerTest" name="testPrimeNumberChecker[Iteration # 1981: Number: 1,983; isPrime? false]" time="0.001"/>
  <testcase classname="core.PrimeNumberCheckerTest" name="testPrimeNumberChecker[Iteration # 1982: Number: 1,984; isPrime? false]" time="0"/>
  <testcase classname="core.PrimeNumberCheckerTest" name="testPrimeNumberChecker[Iteration # 1983: Number: 1,985; isPrime? false]" time="0"/>
  <testcase classname="core.PrimeNumberCheckerTest" name="testPrimeNumberChecker[Iteration # 1984: Number: 1,986; isPrime? false]" time="0.001"/>
  <testcase classname="core.PrimeNumberCheckerTest" name="testPrimeNumberChecker[Iteration # 1985: Number: 1,987; isPrime? true]" time="0"/>
  <testcase classname="core.PrimeNumberCheckerTest" name="testPrimeNumberChecker[Iteration # 1986: Number: 1,988; isPrime? false]" time="0"/>
  <testcase classname="core.PrimeNumberCheckerTest" name="testPrimeNumberChecker[Iteration # 1987: Number: 1,989; isPrime? false]" time="0"/>
  <testcase classname="core.PrimeNumberCheckerTest" name="testPrimeNumberChecker[Iteration # 1988: Number: 1,990; isPrime? false]" time="0"/>
  <testcase classname="core.PrimeNumberCheckerTest" name="testPrimeNumberChecker[Iteration # 1989: Number: 1,991; isPrime? false]" time="0"/>
  <testcase classname="core.PrimeNumberCheckerTest" name="testPrimeNumberChecker[Iteration # 1990: Number: 1,992; isPrime? false]" time="0"/>
  <testcase classname="core.PrimeNumberCheckerTest" name="testPrimeNumberChecker[Iteration # 1991: Number: 1,993; isPrime? true]" time="0"/>
  <testcase classname="core.PrimeNumberCheckerTest" name="testPrimeNumberChecker[Iteration # 1992: Number: 1,994; isPrime? false]" time="0"/>
  <testcase classname="core.PrimeNumberCheckerTest" name="testPrimeNumberChecker[Iteration # 1993: Number: 1,995; isPrime? false]" time="0"/>
  <testcase classname="core.PrimeNumberCheckerTest" name="testPrimeNumberChecker[Iteration # 1994: Number: 1,996; isPrime? false]" time="0"/>
  <testcase classname="core.PrimeNumberCheckerTest" name="testPrimeNumberChecker[Iteration # 1995: Number: 1,997; isPrime? true]" time="0"/>
  <testcase classname="core.PrimeNumberCheckerTest" name="testPrimeNumberChecker[Iteration # 1996: Number: 1,998; isPrime? false]" time="0"/>
  <testcase classname="core.PrimeNumberCheckerTest" name="testPrimeNumberChecker[Iteration # 1997: Number: 1,999; isPrime? true]" time="0"/>
  <testcase classname="core.PrimeNumberCheckerTest" name="testPrimeNumberChecker[Iteration # 1998: Number: 2,000; isPrime? false]" time="0"/>
  <testcase classname="core.PrimeNumberCheckerTest" name="testPrimeNumberChecker[Iteration # 1999: Number: 2,001; isPrime? false]" time="0"/>
  <testcase classname="core.PrimeNumberCheckerTest" name="testPrimeNumberChecker[Iteration # 2000: Number: 2,002; isPrime? false]" time="0"/>
  <testcase classname="core.PrimeNumberCheckerTest" name="testPrimeNumberChecker[Iteration # 2001: Number: 2,003; isPrime? true]" time="0"/>
  <testcase classname="core.PrimeNumberCheckerTest" name="testPrimeNumberChecker[Iteration # 2002: Number: 2,004; isPrime? false]" time="0"/>
  <testcase classname="core.PrimeNumberCheckerTest" name="testPrimeNumberChecker[Iteration # 2003: Number: 2,005; isPrime? false]" time="0"/>
  <testcase classname="core.PrimeNumberCheckerTest" name="testPrimeNumberChecker[Iteration # 2004: Number: 2,006; isPrime? false]" time="0"/>
  <testcase classname="core.PrimeNumberCheckerTest" name="testPrimeNumberChecker[Iteration # 2005: Number: 2,007; isPrime? false]" time="0"/>
  <testcase classname="core.PrimeNumberCheckerTest" name="testPrimeNumberChecker[Iteration # 2006: Number: 2,008; isPrime? false]" time="0"/>
  <testcase classname="core.PrimeNumberCheckerTest" name="testPrimeNumberChecker[Iteration # 2007: Number: 2,009; isPrime? false]" time="0"/>
  <testcase classname="core.PrimeNumberCheckerTest" name="testPrimeNumberChecker[Iteration # 2008: Number: 2,010; isPrime? false]" time="0"/>
  <testcase classname="core.PrimeNumberCheckerTest" name="testPrimeNumberChecker[Iteration # 2009: Number: 2,011; isPrime? true]" time="0"/>
  <testcase classname="core.PrimeNumberCheckerTest" name="testPrimeNumberChecker[Iteration # 2010: Number: 2,012; isPrime? false]" time="0"/>
  <testcase classname="core.PrimeNumberCheckerTest" name="testPrimeNumberChecker[Iteration # 2011: Number: 2,013; isPrime? false]" time="0"/>
  <testcase classname="core.PrimeNumberCheckerTest" name="testPrimeNumberChecker[Iteration # 2012: Number: 2,014; isPrime? false]" time="0.001"/>
  <testcase classname="core.PrimeNumberCheckerTest" name="testPrimeNumberChecker[Iteration # 2013: Number: 2,015; isPrime? false]" time="0"/>
  <testcase classname="core.PrimeNumberCheckerTest" name="testPrimeNumberChecker[Iteration # 2014: Number: 2,016; isPrime? false]" time="0"/>
  <testcase classname="core.PrimeNumberCheckerTest" name="testPrimeNumberChecker[Iteration # 2015: Number: 2,017; isPrime? true]" time="0"/>
  <testcase classname="core.PrimeNumberCheckerTest" name="testPrimeNumberChecker[Iteration # 2016: Number: 2,018; isPrime? false]" time="0"/>
  <testcase classname="core.PrimeNumberCheckerTest" name="testPrimeNumberChecker[Iteration # 2017: Number: 2,019; isPrime? false]" time="0.001"/>
  <testcase classname="core.PrimeNumberCheckerTest" name="testPrimeNumberChecker[Iteration # 2018: Number: 2,020; isPrime? false]" time="0"/>
  <testcase classname="core.PrimeNumberCheckerTest" name="testPrimeNumberChecker[Iteration # 2019: Number: 2,021; isPrime? false]" time="0"/>
  <testcase classname="core.PrimeNumberCheckerTest" name="testPrimeNumberChecker[Iteration # 2020: Number: 2,022; isPrime? false]" time="0.001"/>
  <testcase classname="core.PrimeNumberCheckerTest" name="testPrimeNumberChecker[Iteration # 2021: Number: 2,023; isPrime? false]" time="0"/>
  <testcase classname="core.PrimeNumberCheckerTest" name="testPrimeNumberChecker[Iteration # 2022: Number: 2,024; isPrime? false]" time="0"/>
  <testcase classname="core.PrimeNumberCheckerTest" name="testPrimeNumberChecker[Iteration # 2023: Number: 2,025; isPrime? false]" time="0"/>
  <testcase classname="core.PrimeNumberCheckerTest" name="testPrimeNumberChecker[Iteration # 2024: Number: 2,026; isPrime? false]" time="0"/>
  <testcase classname="core.PrimeNumberCheckerTest" name="testPrimeNumberChecker[Iteration # 2025: Number: 2,027; isPrime? true]" time="0"/>
  <testcase classname="core.PrimeNumberCheckerTest" name="testPrimeNumberChecker[Iteration # 2026: Number: 2,028; isPrime? false]" time="0"/>
  <testcase classname="core.PrimeNumberCheckerTest" name="testPrimeNumberChecker[Iteration # 2027: Number: 2,029; isPrime? true]" time="0"/>
  <testcase classname="core.PrimeNumberCheckerTest" name="testPrimeNumberChecker[Iteration # 2028: Number: 2,030; isPrime? false]" time="0"/>
  <testcase classname="core.PrimeNumberCheckerTest" name="testPrimeNumberChecker[Iteration # 2029: Number: 2,031; isPrime? false]" time="0"/>
  <testcase classname="core.PrimeNumberCheckerTest" name="testPrimeNumberChecker[Iteration # 2030: Number: 2,032; isPrime? false]" time="0"/>
  <testcase classname="core.PrimeNumberCheckerTest" name="testPrimeNumberChecker[Iteration # 2031: Number: 2,033; isPrime? false]" time="0"/>
  <testcase classname="core.PrimeNumberCheckerTest" name="testPrimeNumberChecker[Iteration # 2032: Number: 2,034; isPrime? false]" time="0.006"/>
  <testcase classname="core.PrimeNumberCheckerTest" name="testPrimeNumberChecker[Iteration # 2033: Number: 2,035; isPrime? false]" time="0"/>
  <testcase classname="core.PrimeNumberCheckerTest" name="testPrimeNumberChecker[Iteration # 2034: Number: 2,036; isPrime? false]" time="0"/>
  <testcase classname="core.PrimeNumberCheckerTest" name="testPrimeNumberChecker[Iteration # 2035: Number: 2,037; isPrime? false]" time="0"/>
  <testcase classname="core.PrimeNumberCheckerTest" name="testPrimeNumberChecker[Iteration # 2036: Number: 2,038; isPrime? false]" time="0"/>
  <testcase classname="core.PrimeNumberCheckerTest" name="testPrimeNumberChecker[Iteration # 2037: Number: 2,039; isPrime? true]" time="0"/>
  <testcase classname="core.PrimeNumberCheckerTest" name="testPrimeNumberChecker[Iteration # 2038: Number: 2,040; isPrime? false]" time="0"/>
  <testcase classname="core.PrimeNumberCheckerTest" name="testPrimeNumberChecker[Iteration # 2039: Number: 2,041; isPrime? false]" time="0"/>
  <testcase classname="core.PrimeNumberCheckerTest" name="testPrimeNumberChecker[Iteration # 2040: Number: 2,042; isPrime? false]" time="0"/>
  <testcase classname="core.PrimeNumberCheckerTest" name="testPrimeNumberChecker[Iteration # 2041: Number: 2,043; isPrime? false]" time="0"/>
  <testcase classname="core.PrimeNumberCheckerTest" name="testPrimeNumberChecker[Iteration # 2042: Number: 2,044; isPrime? false]" time="0.001"/>
  <testcase classname="core.PrimeNumberCheckerTest" name="testPrimeNumberChecker[Iteration # 2043: Number: 2,045; isPrime? false]" time="0"/>
  <testcase classname="core.PrimeNumberCheckerTest" name="testPrimeNumberChecker[Iteration # 2044: Number: 2,046; isPrime? false]" time="0"/>
  <testcase classname="core.PrimeNumberCheckerTest" name="testPrimeNumberChecker[Iteration # 2045: Number: 2,047; isPrime? false]" time="0"/>
  <testcase classname="core.PrimeNumberCheckerTest" name="testPrimeNumberChecker[Iteration # 2046: Number: 2,048; isPrime? false]" time="0"/>
  <testcase classname="core.PrimeNumberCheckerTest" name="testPrimeNumberChecker[Iteration # 2047: Number: 2,049; isPrime? false]" time="0"/>
  <testcase classname="core.PrimeNumberCheckerTest" name="testPrimeNumberChecker[Iteration # 2048: Number: 2,050; isPrime? false]" time="0"/>
  <testcase classname="core.PrimeNumberCheckerTest" name="testPrimeNumberChecker[Iteration # 2049: Number: 2,051; isPrime? false]" time="0"/>
  <testcase classname="core.PrimeNumberCheckerTest" name="testPrimeNumberChecker[Iteration # 2050: Number: 2,052; isPrime? false]" time="0"/>
  <testcase classname="core.PrimeNumberCheckerTest" name="testPrimeNumberChecker[Iteration # 2051: Number: 2,053; isPrime? true]" time="0"/>
  <testcase classname="core.PrimeNumberCheckerTest" name="testPrimeNumberChecker[Iteration # 2052: Number: 2,054; isPrime? false]" time="0"/>
  <testcase classname="core.PrimeNumberCheckerTest" name="testPrimeNumberChecker[Iteration # 2053: Number: 2,055; isPrime? false]" time="0"/>
  <testcase classname="core.PrimeNumberCheckerTest" name="testPrimeNumberChecker[Iteration # 2054: Number: 2,056; isPrime? false]" time="0"/>
  <testcase classname="core.PrimeNumberCheckerTest" name="testPrimeNumberChecker[Iteration # 2055: Number: 2,057; isPrime? false]" time="0.001"/>
  <testcase classname="core.PrimeNumberCheckerTest" name="testPrimeNumberChecker[Iteration # 2056: Number: 2,058; isPrime? false]" time="0"/>
  <testcase classname="core.PrimeNumberCheckerTest" name="testPrimeNumberChecker[Iteration # 2057: Number: 2,059; isPrime? false]" time="0.01"/>
  <testcase classname="core.PrimeNumberCheckerTest" name="testPrimeNumberChecker[Iteration # 2058: Number: 2,060; isPrime? false]" time="0"/>
  <testcase classname="core.PrimeNumberCheckerTest" name="testPrimeNumberChecker[Iteration # 2059: Number: 2,061; isPrime? false]" time="0"/>
  <testcase classname="core.PrimeNumberCheckerTest" name="testPrimeNumberChecker[Iteration # 2060: Number: 2,062; isPrime? false]" time="0"/>
  <testcase classname="core.PrimeNumberCheckerTest" name="testPrimeNumberChecker[Iteration # 2061: Number: 2,063; isPrime? true]" time="0"/>
  <testcase classname="core.PrimeNumberCheckerTest" name="testPrimeNumberChecker[Iteration # 2062: Number: 2,064; isPrime? false]" time="0"/>
  <testcase classname="core.PrimeNumberCheckerTest" name="testPrimeNumberChecker[Iteration # 2063: Number: 2,065; isPrime? false]" time="0"/>
  <testcase classname="core.PrimeNumberCheckerTest" name="testPrimeNumberChecker[Iteration # 2064: Number: 2,066; isPrime? false]" time="0"/>
  <testcase classname="core.PrimeNumberCheckerTest" name="testPrimeNumberChecker[Iteration # 2065: Number: 2,067; isPrime? false]" time="0"/>
  <testcase classname="core.PrimeNumberCheckerTest" name="testPrimeNumberChecker[Iteration # 2066: Number: 2,068; isPrime? false]" time="0"/>
  <testcase classname="core.PrimeNumberCheckerTest" name="testPrimeNumberChecker[Iteration # 2067: Number: 2,069; isPrime? true]" time="0"/>
  <testcase classname="core.PrimeNumberCheckerTest" name="testPrimeNumberChecker[Iteration # 2068: Number: 2,070; isPrime? false]" time="0"/>
  <testcase classname="core.PrimeNumberCheckerTest" name="testPrimeNumberChecker[Iteration # 2069: Number: 2,071; isPrime? false]" time="0"/>
  <testcase classname="core.PrimeNumberCheckerTest" name="testPrimeNumberChecker[Iteration # 2070: Number: 2,072; isPrime? false]" time="0"/>
  <testcase classname="core.PrimeNumberCheckerTest" name="testPrimeNumberChecker[Iteration # 2071: Number: 2,073; isPrime? false]" time="0"/>
  <testcase classname="core.PrimeNumberCheckerTest" name="testPrimeNumberChecker[Iteration # 2072: Number: 2,074; isPrime? false]" time="0"/>
  <testcase classname="core.PrimeNumberCheckerTest" name="testPrimeNumberChecker[Iteration # 2073: Number: 2,075; isPrime? false]" time="0"/>
  <testcase classname="core.PrimeNumberCheckerTest" name="testPrimeNumberChecker[Iteration # 2074: Number: 2,076; isPrime? false]" time="0"/>
  <testcase classname="core.PrimeNumberCheckerTest" name="testPrimeNumberChecker[Iteration # 2075: Number: 2,077; isPrime? false]" time="0"/>
  <testcase classname="core.PrimeNumberCheckerTest" name="testPrimeNumberChecker[Iteration # 2076: Number: 2,078; isPrime? false]" time="0"/>
  <testcase classname="core.PrimeNumberCheckerTest" name="testPrimeNumberChecker[Iteration # 2077: Number: 2,079; isPrime? false]" time="0"/>
  <testcase classname="core.PrimeNumberCheckerTest" name="testPrimeNumberChecker[Iteration # 2078: Number: 2,080; isPrime? false]" time="0"/>
  <testcase classname="core.PrimeNumberCheckerTest" name="testPrimeNumberChecker[Iteration # 2079: Number: 2,081; isPrime? true]" time="0"/>
  <testcase classname="core.PrimeNumberCheckerTest" name="testPrimeNumberChecker[Iteration # 2080: Number: 2,082; isPrime? false]" time="0"/>
  <testcase classname="core.PrimeNumberCheckerTest" name="testPrimeNumberChecker[Iteration # 2081: Number: 2,083; isPrime? true]" time="0"/>
  <testcase classname="core.PrimeNumberCheckerTest" name="testPrimeNumberChecker[Iteration # 2082: Number: 2,084; isPrime? false]" time="0"/>
  <testcase classname="core.PrimeNumberCheckerTest" name="testPrimeNumberChecker[Iteration # 2083: Number: 2,085; isPrime? false]" time="0"/>
  <testcase classname="core.PrimeNumberCheckerTest" name="testPrimeNumberChecker[Iteration # 2084: Number: 2,086; isPrime? false]" time="0"/>
  <testcase classname="core.PrimeNumberCheckerTest" name="testPrimeNumberChecker[Iteration # 2085: Number: 2,087; isPrime? true]" time="0"/>
  <testcase classname="core.PrimeNumberCheckerTest" name="testPrimeNumberChecker[Iteration # 2086: Number: 2,088; isPrime? false]" time="0"/>
  <testcase classname="core.PrimeNumberCheckerTest" name="testPrimeNumberChecker[Iteration # 2087: Number: 2,089; isPrime? true]" time="0"/>
  <testcase classname="core.PrimeNumberCheckerTest" name="testPrimeNumberChecker[Iteration # 2088: Number: 2,090; isPrime? false]" time="0.001"/>
  <testcase classname="core.PrimeNumberCheckerTest" name="testPrimeNumberChecker[Iteration # 2089: Number: 2,091; isPrime? false]" time="0"/>
  <testcase classname="core.PrimeNumberCheckerTest" name="testPrimeNumberChecker[Iteration # 2090: Number: 2,092; isPrime? false]" time="0"/>
  <testcase classname="core.PrimeNumberCheckerTest" name="testPrimeNumberChecker[Iteration # 2091: Number: 2,093; isPrime? false]" time="0"/>
  <testcase classname="core.PrimeNumberCheckerTest" name="testPrimeNumberChecker[Iteration # 2092: Number: 2,094; isPrime? false]" time="0"/>
  <testcase classname="core.PrimeNumberCheckerTest" name="testPrimeNumberChecker[Iteration # 2093: Number: 2,095; isPrime? false]" time="0"/>
  <testcase classname="core.PrimeNumberCheckerTest" name="testPrimeNumberChecker[Iteration # 2094: Number: 2,096; isPrime? false]" time="0"/>
  <testcase classname="core.PrimeNumberCheckerTest" name="testPrimeNumberChecker[Iteration # 2095: Number: 2,097; isPrime? false]" time="0"/>
  <testcase classname="core.PrimeNumberCheckerTest" name="testPrimeNumberChecker[Iteration # 2096: Number: 2,098; isPrime? false]" time="0"/>
  <testcase classname="core.PrimeNumberCheckerTest" name="testPrimeNumberChecker[Iteration # 2097: Number: 2,099; isPrime? true]" time="0"/>
  <testcase classname="core.PrimeNumberCheckerTest" name="testPrimeNumberChecker[Iteration # 2098: Number: 2,100; isPrime? false]" time="0"/>
  <testcase classname="core.PrimeNumberCheckerTest" name="testPrimeNumberChecker[Iteration # 2099: Number: 2,101; isPrime? false]" time="0"/>
  <testcase classname="core.PrimeNumberCheckerTest" name="testPrimeNumberChecker[Iteration # 2100: Number: 2,102; isPrime? false]" time="0"/>
  <testcase classname="core.PrimeNumberCheckerTest" name="testPrimeNumberChecker[Iteration # 2101: Number: 2,103; isPrime? false]" time="0"/>
  <testcase classname="core.PrimeNumberCheckerTest" name="testPrimeNumberChecker[Iteration # 2102: Number: 2,104; isPrime? false]" time="0"/>
  <testcase classname="core.PrimeNumberCheckerTest" name="testPrimeNumberChecker[Iteration # 2103: Number: 2,105; isPrime? false]" time="0"/>
  <testcase classname="core.PrimeNumberCheckerTest" name="testPrimeNumberChecker[Iteration # 2104: Number: 2,106; isPrime? false]" time="0"/>
  <testcase classname="core.PrimeNumberCheckerTest" name="testPrimeNumberChecker[Iteration # 2105: Number: 2,107; isPrime? false]" time="0"/>
  <testcase classname="core.PrimeNumberCheckerTest" name="testPrimeNumberChecker[Iteration # 2106: Number: 2,108; isPrime? false]" time="0"/>
  <testcase classname="core.PrimeNumberCheckerTest" name="testPrimeNumberChecker[Iteration # 2107: Number: 2,109; isPrime? false]" time="0"/>
  <testcase classname="core.PrimeNumberCheckerTest" name="testPrimeNumberChecker[Iteration # 2108: Number: 2,110; isPrime? false]" time="0"/>
</testsuite>